<?xml version="1.0" ?>
<testsuite errors="38" failures="0" name="InequalityTest-20160317115754" tests="38" time="25.356">
	<testcase classname="InequalityTest" name="test_csSignPrefaceTest_1" time="0.655">
		<error message="'i hope to hear from you in the near future  best regards nicole fallon' != 'i hope to hear from you in the near future  #z           #s           '
- i hope to hear from you in the near future  best regards nicole fallon
+ i hope to hear from you in the near future  #z           #s           
" type="AssertionError">
<![CDATA[Traceback (most recent call last):
  File "C:/Users/CHRIS/PycharmProjects/Requests/Requests.py", line 236, in test_csSignPrefaceTest_1
    self.assertEqual(Actuval, expected)
AssertionError: 'i hope to hear from you in the near future  best regards nicole fallon' != 'i hope to hear from you in the near future  #z           #s           '
- i hope to hear from you in the near future  best regards nicole fallon
+ i hope to hear from you in the near future  #z           #s           

]]>		</error>
	</testcase>
	<testcase classname="InequalityTest" name="test_csSignPrefaceTest_2" time="0.627">
		<error message="'than[21 chars]me a copy of the report  its really appreciated  regards sally' != 'than[21 chars]me a copy of the report  its really appreciated  #z      #s   '
- thanks a lot for sending me a copy of the report  its really appreciated  regards sally
?                                                                           ^^^^^^  ^^^^^
+ thanks a lot for sending me a copy of the report  its really appreciated  #z      #s   
?                                                                           ^^^^^^^^^  ^^
" type="AssertionError">
<![CDATA[Traceback (most recent call last):
  File "C:/Users/CHRIS/PycharmProjects/Requests/Requests.py", line 242, in test_csSignPrefaceTest_2
    self.assertEqual(Actuval, expected)
AssertionError: 'than[21 chars]me a copy of the report  its really appreciated  regards sally' != 'than[21 chars]me a copy of the report  its really appreciated  #z      #s   '
- thanks a lot for sending me a copy of the report  its really appreciated  regards sally
?                                                                           ^^^^^^  ^^^^^
+ thanks a lot for sending me a copy of the report  its really appreciated  #z      #s   
?                                                                           ^^^^^^^^^  ^^

]]>		</error>
	</testcase>
	<testcase classname="InequalityTest" name="test_csSignPrefaceTest_3" time="0.615">
		<error message="'this wouldnt have been possible without you  thank you ron lowe' != 'this wouldnt have been possible without you  #z        #s      '
- this wouldnt have been possible without you  thank you ron lowe
+ this wouldnt have been possible without you  #z        #s      
" type="AssertionError">
<![CDATA[Traceback (most recent call last):
  File "C:/Users/CHRIS/PycharmProjects/Requests/Requests.py", line 248, in test_csSignPrefaceTest_3
    self.assertEqual(Actuval, expected)
AssertionError: 'this wouldnt have been possible without you  thank you ron lowe' != 'this wouldnt have been possible without you  #z        #s      '
- this wouldnt have been possible without you  thank you ron lowe
+ this wouldnt have been possible without you  #z        #s      

]]>		</error>
	</testcase>
	<testcase classname="InequalityTest" name="test_fSimpleSignatureTest_1" time="0.637">
		<error message="'know more on this question later today sincerely george w. richards ' != 'know more on this question later today #z        #s                 '
- know more on this question later today sincerely george w. richards 
+ know more on this question later today #z        #s                 
" type="AssertionError">
<![CDATA[Traceback (most recent call last):
  File "C:/Users/CHRIS/PycharmProjects/Requests/Requests.py", line 145, in test_fSimpleSignatureTest_1
    self.assertEqual(Actuval, expected)
AssertionError: 'know more on this question later today sincerely george w. richards ' != 'know more on this question later today #z        #s                 '
- know more on this question later today sincerely george w. richards 
+ know more on this question later today #z        #s                 

]]>		</error>
	</testcase>
	<testcase classname="InequalityTest" name="test_fSimpleSignatureTest_10" time="0.625">
		<error message="' email  so i can get in contact all the best mario seinfeld ' != ' email  so i can get in contact #z           #s             '
-  email  so i can get in contact all the best mario seinfeld 
+  email  so i can get in contact #z           #s             
" type="AssertionError">
<![CDATA[Traceback (most recent call last):
  File "C:/Users/CHRIS/PycharmProjects/Requests/Requests.py", line 199, in test_fSimpleSignatureTest_10
    self.assertEqual(Actuval, expected)
AssertionError: ' email  so i can get in contact all the best mario seinfeld ' != ' email  so i can get in contact #z           #s             '
-  email  so i can get in contact all the best mario seinfeld 
+  email  so i can get in contact #z           #s             

]]>		</error>
	</testcase>
	<testcase classname="InequalityTest" name="test_fSimpleSignatureTest_11" time="0.620">
		<error message="'i have lost thanks for your help sean ' != 'i have lost #z                   #s   '
- i have lost thanks for your help sean 
+ i have lost #z                   #s   
" type="AssertionError">
<![CDATA[Traceback (most recent call last):
  File "C:/Users/CHRIS/PycharmProjects/Requests/Requests.py", line 205, in test_fSimpleSignatureTest_11
    self.assertEqual(Actuval, expected)
AssertionError: 'i have lost thanks for your help sean ' != 'i have lost #z                   #s   '
- i have lost thanks for your help sean 
+ i have lost #z                   #s   

]]>		</error>
	</testcase>
	<testcase classname="InequalityTest" name="test_fSimpleSignatureTest_12" time="0.627">
		<error message="'effo[18 chars]ic sanity at the iso please call if you have any questions dan' != 'effo[18 chars]ic sanity at the iso #z                                    #s '
- efforts to seek economic sanity at the iso please call if you have any questions dan
+ efforts to seek economic sanity at the iso #z                                    #s 
" type="AssertionError">
<![CDATA[Traceback (most recent call last):
  File "C:/Users/CHRIS/PycharmProjects/Requests/Requests.py", line 211, in test_fSimpleSignatureTest_12
    self.assertEqual(Actuval, expected)
AssertionError: 'effo[18 chars]ic sanity at the iso please call if you have any questions dan' != 'effo[18 chars]ic sanity at the iso #z                                    #s '
- efforts to seek economic sanity at the iso please call if you have any questions dan
+ efforts to seek economic sanity at the iso #z                                    #s 

]]>		</error>
	</testcase>
	<testcase classname="InequalityTest" name="test_fSimpleSignatureTest_13" time="0.635">
		<error message="'received any financials for acn power thanks  phillip allen' != 'received any financials for acn power #z      #s           '
- received any financials for acn power thanks  phillip allen
+ received any financials for acn power #z      #s           
" type="AssertionError">
<![CDATA[Traceback (most recent call last):
  File "C:/Users/CHRIS/PycharmProjects/Requests/Requests.py", line 216, in test_fSimpleSignatureTest_13
    self.assertEqual(Actuval, expected)
AssertionError: 'received any financials for acn power thanks  phillip allen' != 'received any financials for acn power #z      #s           '
- received any financials for acn power thanks  phillip allen
+ received any financials for acn power #z      #s           

]]>		</error>
	</testcase>
	<testcase classname="InequalityTest" name="test_fSimpleSignatureTest_14" time="0.620">
		<error message="'offe[30 chars]ips online at the time thanks in advance neal wood conoco inc.' != 'offe[30 chars]ips online at the time #z                #s        conoco inc.'
- offering the summer and winter strips online at the time thanks in advance neal wood conoco inc.
+ offering the summer and winter strips online at the time #z                #s        conoco inc.
" type="AssertionError">
<![CDATA[Traceback (most recent call last):
  File "C:/Users/CHRIS/PycharmProjects/Requests/Requests.py", line 222, in test_fSimpleSignatureTest_14
    self.assertEqual(Actuval, expected)
AssertionError: 'offe[30 chars]ips online at the time thanks in advance neal wood conoco inc.' != 'offe[30 chars]ips online at the time #z                #s        conoco inc.'
- offering the summer and winter strips online at the time thanks in advance neal wood conoco inc.
+ offering the summer and winter strips online at the time #z                #s        conoco inc.

]]>		</error>
	</testcase>
	<testcase classname="InequalityTest" name="test_fSimpleSignatureTest_15" time="0.618">
		<error message="' for all your help   regards, susan s. bailey senior legal ' != ' for all your help   #z       #s              senior legal '
-  for all your help   regards, susan s. bailey senior legal 
+  for all your help   #z       #s              senior legal 
" type="AssertionError">
<![CDATA[Traceback (most recent call last):
  File "C:/Users/CHRIS/PycharmProjects/Requests/Requests.py", line 228, in test_fSimpleSignatureTest_15
    self.assertEqual(Actuval, expected)
AssertionError: ' for all your help   regards, susan s. bailey senior legal ' != ' for all your help   #z       #s              senior legal '
-  for all your help   regards, susan s. bailey senior legal 
+  for all your help   #z       #s              senior legal 

]]>		</error>
	</testcase>
	<testcase classname="InequalityTest" name="test_fSimpleSignatureTest_2" time="0.607">
		<error message="'wk and 175.00 deposit they will be in by thursday or friday thank you lucy' != 'wk and 175.00 deposit they will be in by thursday or friday #z        #s  '
- wk and 175.00 deposit they will be in by thursday or friday thank you lucy
?                                                             ^^^^^^^^^^^^^^
+ wk and 175.00 deposit they will be in by thursday or friday #z        #s  
?                                                             ^^^^^^^^^^^^^^
" type="AssertionError">
<![CDATA[Traceback (most recent call last):
  File "C:/Users/CHRIS/PycharmProjects/Requests/Requests.py", line 151, in test_fSimpleSignatureTest_2
    self.assertEqual(Actuval, expected)
AssertionError: 'wk and 175.00 deposit they will be in by thursday or friday thank you lucy' != 'wk and 175.00 deposit they will be in by thursday or friday #z        #s  '
- wk and 175.00 deposit they will be in by thursday or friday thank you lucy
?                                                             ^^^^^^^^^^^^^^
+ wk and 175.00 deposit they will be in by thursday or friday #z        #s  
?                                                             ^^^^^^^^^^^^^^

]]>		</error>
	</testcase>
	<testcase classname="InequalityTest" name="test_fSimpleSignatureTest_3" time="0.628">
		<error message="'thanks for your time and i hope to see you monday cordially adam bayer' != 'thanks for your time and i hope to see you monday #z        #s        '
- thanks for your time and i hope to see you monday cordially adam bayer
+ thanks for your time and i hope to see you monday #z        #s        
" type="AssertionError">
<![CDATA[Traceback (most recent call last):
  File "C:/Users/CHRIS/PycharmProjects/Requests/Requests.py", line 157, in test_fSimpleSignatureTest_3
    self.assertEqual(Actuval, expected)
AssertionError: 'thanks for your time and i hope to see you monday cordially adam bayer' != 'thanks for your time and i hope to see you monday #z        #s        '
- thanks for your time and i hope to see you monday cordially adam bayer
+ thanks for your time and i hope to see you monday #z        #s        

]]>		</error>
	</testcase>
	<testcase classname="InequalityTest" name="test_fSimpleSignatureTest_4" time="0.613">
		<error message="&quot;call me if you need some help thanks lee o'donnell&quot; != 'call me if you need some help #z     #s           '
- call me if you need some help thanks lee o'donnell
+ call me if you need some help #z     #s           
" type="AssertionError">
<![CDATA[Traceback (most recent call last):
  File "C:/Users/CHRIS/PycharmProjects/Requests/Requests.py", line 163, in test_fSimpleSignatureTest_4
    self.assertEqual(Actuval, expected)
AssertionError: "call me if you need some help thanks lee o'donnell" != 'call me if you need some help #z     #s           '
- call me if you need some help thanks lee o'donnell
+ call me if you need some help #z     #s           

]]>		</error>
	</testcase>
	<testcase classname="InequalityTest" name="test_fSimpleSignatureTest_5" time="0.639">
		<error message="'email  john.fox@idrc.org regards bruce richards' != 'email  john.fox@idrc.org #z      #s            '
- email  john.fox@idrc.org regards bruce richards
+ email  john.fox@idrc.org #z      #s            
" type="AssertionError">
<![CDATA[Traceback (most recent call last):
  File "C:/Users/CHRIS/PycharmProjects/Requests/Requests.py", line 169, in test_fSimpleSignatureTest_5
    self.assertEqual(Actuval, expected)
AssertionError: 'email  john.fox@idrc.org regards bruce richards' != 'email  john.fox@idrc.org #z      #s            '
- email  john.fox@idrc.org regards bruce richards
+ email  john.fox@idrc.org #z      #s            

]]>		</error>
	</testcase>
	<testcase classname="InequalityTest" name="test_fSimpleSignatureTest_6" time="0.604">
		<error message="'i have lost thanks for your help sean ' != 'i have lost #z                   #s   '
- i have lost thanks for your help sean 
+ i have lost #z                   #s   
" type="AssertionError">
<![CDATA[Traceback (most recent call last):
  File "C:/Users/CHRIS/PycharmProjects/Requests/Requests.py", line 175, in test_fSimpleSignatureTest_6
    self.assertEqual(Actuval, expected)
AssertionError: 'i have lost thanks for your help sean ' != 'i have lost #z                   #s   '
- i have lost thanks for your help sean 
+ i have lost #z                   #s   

]]>		</error>
	</testcase>
	<testcase classname="InequalityTest" name="test_fSimpleSignatureTest_7" time="0.617">
		<error message="'think about that every time i go there     take care ' != 'think about that every time i go there     #z        '
- think about that every time i go there     take care 
?                                            ^^^^^^^^^
+ think about that every time i go there     #z        
?                                            ^^^^^^^^^
" type="AssertionError">
<![CDATA[Traceback (most recent call last):
  File "C:/Users/CHRIS/PycharmProjects/Requests/Requests.py", line 181, in test_fSimpleSignatureTest_7
    self.assertEqual(Actuval, expected)
AssertionError: 'think about that every time i go there     take care ' != 'think about that every time i go there     #z        '
- think about that every time i go there     take care 
?                                            ^^^^^^^^^
+ think about that every time i go there     #z        
?                                            ^^^^^^^^^

]]>		</error>
	</testcase>
	<testcase classname="InequalityTest" name="test_fSimpleSignatureTest_8" time="0.623">
		<error message="' cou[19 chars]canada and they are posting with man south thanks again patty ' != ' cou[19 chars]canada and they are posting with man south #z           #s    '
-  counter party is transcanada and they are posting with man south thanks again patty 
?                                                                   ^^^^^  ^^^^^^^^^^^
+  counter party is transcanada and they are posting with man south #z           #s    
?                                                                   ^^^^^^^^^^^^^^  ^^
" type="AssertionError">
<![CDATA[Traceback (most recent call last):
  File "C:/Users/CHRIS/PycharmProjects/Requests/Requests.py", line 187, in test_fSimpleSignatureTest_8
    self.assertEqual(Actuval, expected)
AssertionError: ' cou[19 chars]canada and they are posting with man south thanks again patty ' != ' cou[19 chars]canada and they are posting with man south #z           #s    '
-  counter party is transcanada and they are posting with man south thanks again patty 
?                                                                   ^^^^^  ^^^^^^^^^^^
+  counter party is transcanada and they are posting with man south #z           #s    
?                                                                   ^^^^^^^^^^^^^^  ^^

]]>		</error>
	</testcase>
	<testcase classname="InequalityTest" name="test_fSimpleSignatureTest_9" time="0.638">
		<error message="'offe[18 chars]d winter strips online at the time thanks in advance neal wood' != 'offe[18 chars]d winter strips online at the time #z                #s       '
- offering the summer and winter strips online at the time thanks in advance neal wood
+ offering the summer and winter strips online at the time #z                #s       
" type="AssertionError">
<![CDATA[Traceback (most recent call last):
  File "C:/Users/CHRIS/PycharmProjects/Requests/Requests.py", line 193, in test_fSimpleSignatureTest_9
    self.assertEqual(Actuval, expected)
AssertionError: 'offe[18 chars]d winter strips online at the time thanks in advance neal wood' != 'offe[18 chars]d winter strips online at the time #z                #s       '
- offering the summer and winter strips online at the time thanks in advance neal wood
+ offering the summer and winter strips online at the time #z                #s       

]]>		</error>
	</testcase>
	<testcase classname="InequalityTest" name="test_iNameSignatureTagger1" time="0.635">
		<error message="' thank you, gabe ' != ' #z         #s   '
-  thank you, gabe 
+  #z         #s   
" type="AssertionError">
<![CDATA[Traceback (most recent call last):
  File "C:/Users/CHRIS/PycharmProjects/Requests/Requests.py", line 28, in test_iNameSignatureTagger1
    self.assertEqual(Actuval, expected)
AssertionError: ' thank you, gabe ' != ' #z         #s   '
-  thank you, gabe 
+  #z         #s   

]]>		</error>
	</testcase>
	<testcase classname="InequalityTest" name="test_iNameSignatureTagger10" time="0.612">
		<error message="' thanks in advance ms. smith ' != ' #z                #s        '
-  thanks in advance ms. smith 
+  #z                #s        
" type="AssertionError">
<![CDATA[Traceback (most recent call last):
  File "C:/Users/CHRIS/PycharmProjects/Requests/Requests.py", line 82, in test_iNameSignatureTagger10
    self.assertEqual(Actuval, expected)
AssertionError: ' thanks in advance ms. smith ' != ' #z                #s        '
-  thanks in advance ms. smith 
+  #z                #s        

]]>		</error>
	</testcase>
	<testcase classname="InequalityTest" name="test_iNameSignatureTagger11" time="0.620">
		<error message="' yours, ms. meyer ' != ' #z     #s        '
-  yours, ms. meyer 
+  #z     #s        
" type="AssertionError">
<![CDATA[Traceback (most recent call last):
  File "C:/Users/CHRIS/PycharmProjects/Requests/Requests.py", line 88, in test_iNameSignatureTagger11
    self.assertEqual(Actuval, expected)
AssertionError: ' yours, ms. meyer ' != ' #z     #s        '
-  yours, ms. meyer 
+  #z     #s        

]]>		</error>
	</testcase>
	<testcase classname="InequalityTest" name="test_iNameSignatureTagger12" time="0.641">
		<error message="' best robert a. davis ' != ' #z   #s              '
-  best robert a. davis 
+  #z   #s              
" type="AssertionError">
<![CDATA[Traceback (most recent call last):
  File "C:/Users/CHRIS/PycharmProjects/Requests/Requests.py", line 94, in test_iNameSignatureTagger12
    self.assertEqual(Actuval, expected)
AssertionError: ' best robert a. davis ' != ' #z   #s              '
-  best robert a. davis 
+  #z   #s              

]]>		</error>
	</testcase>
	<testcase classname="InequalityTest" name="test_iNameSignatureTagger13" time="0.603">
		<error message="' best seth mankin ' != ' #z   #s          '
-  best seth mankin 
+  #z   #s          
" type="AssertionError">
<![CDATA[Traceback (most recent call last):
  File "C:/Users/CHRIS/PycharmProjects/Requests/Requests.py", line 100, in test_iNameSignatureTagger13
    self.assertEqual(Actuval, expected)
AssertionError: ' best seth mankin ' != ' #z   #s          '
-  best seth mankin 
+  #z   #s          

]]>		</error>
	</testcase>
	<testcase classname="InequalityTest" name="test_iNameSignatureTagger14" time="0.612">
		<error message="' thank you colin z. cree ' != ' #z        #s            '
-  thank you colin z. cree 
+  #z        #s            
" type="AssertionError">
<![CDATA[Traceback (most recent call last):
  File "C:/Users/CHRIS/PycharmProjects/Requests/Requests.py", line 106, in test_iNameSignatureTagger14
    self.assertEqual(Actuval, expected)
AssertionError: ' thank you colin z. cree ' != ' #z        #s            '
-  thank you colin z. cree 
+  #z        #s            

]]>		</error>
	</testcase>
	<testcase classname="InequalityTest" name="test_iNameSignatureTagger15" time="0.625">
		<error message="' best regards ' != ' #z           '
-  best regards 
+  #z           
" type="AssertionError">
<![CDATA[Traceback (most recent call last):
  File "C:/Users/CHRIS/PycharmProjects/Requests/Requests.py", line 114, in test_iNameSignatureTagger15
    self.assertEqual(Actuval, expected)
AssertionError: ' best regards ' != ' #z           '
-  best regards 
+  #z           

]]>		</error>
	</testcase>
	<testcase classname="InequalityTest" name="test_iNameSignatureTagger16" time="0.598">
		<error message="' regards ' != ' #z      '
-  regards 
+  #z      
" type="AssertionError">
<![CDATA[Traceback (most recent call last):
  File "C:/Users/CHRIS/PycharmProjects/Requests/Requests.py", line 120, in test_iNameSignatureTagger16
    self.assertEqual(Actuval, expected)
AssertionError: ' regards ' != ' #z      '
-  regards 
+  #z      

]]>		</error>
	</testcase>
	<testcase classname="InequalityTest" name="test_iNameSignatureTagger17" time="0.634">
		<error message="' cheers ' != ' #z     '
-  cheers 
+  #z     
" type="AssertionError">
<![CDATA[Traceback (most recent call last):
  File "C:/Users/CHRIS/PycharmProjects/Requests/Requests.py", line 126, in test_iNameSignatureTagger17
    self.assertEqual(Actuval, expected)
AssertionError: ' cheers ' != ' #z     '
-  cheers 
+  #z     

]]>		</error>
	</testcase>
	<testcase classname="InequalityTest" name="test_iNameSignatureTagger18" time="0.608">
		<error message="' yours truly ' != ' #z          '
-  yours truly 
+  #z          
" type="AssertionError">
<![CDATA[Traceback (most recent call last):
  File "C:/Users/CHRIS/PycharmProjects/Requests/Requests.py", line 132, in test_iNameSignatureTagger18
    self.assertEqual(Actuval, expected)
AssertionError: ' yours truly ' != ' #z          '
-  yours truly 
+  #z          

]]>		</error>
	</testcase>
	<testcase classname="InequalityTest" name="test_iNameSignatureTagger19" time="0.628">
		<error message="' take care ' != ' #z        '
-  take care 
+  #z        
" type="AssertionError">
<![CDATA[Traceback (most recent call last):
  File "C:/Users/CHRIS/PycharmProjects/Requests/Requests.py", line 138, in test_iNameSignatureTagger19
    self.assertEqual(Actuval, expected)
AssertionError: ' take care ' != ' #z        '
-  take care 
+  #z        

]]>		</error>
	</testcase>
	<testcase classname="InequalityTest" name="test_iNameSignatureTagger2" time="0.679">
		<error message="' thanks, mr. chris ' != ' #z      #s        '
-  thanks, mr. chris 
+  #z      #s        
" type="AssertionError">
<![CDATA[Traceback (most recent call last):
  File "C:/Users/CHRIS/PycharmProjects/Requests/Requests.py", line 34, in test_iNameSignatureTagger2
    self.assertEqual(Actuval, expected)
AssertionError: ' thanks, mr. chris ' != ' #z      #s        '
-  thanks, mr. chris 
+  #z      #s        

]]>		</error>
	</testcase>
	<testcase classname="InequalityTest" name="test_iNameSignatureTagger3" time="2.099">
		<error message="' yours, mrs. joe z. hirl ' != ' #z     #s               '
-  yours, mrs. joe z. hirl 
+  #z     #s               
" type="AssertionError">
<![CDATA[Traceback (most recent call last):
  File "C:/Users/CHRIS/PycharmProjects/Requests/Requests.py", line 40, in test_iNameSignatureTagger3
    self.assertEqual(Actuval, expected)
AssertionError: ' yours, mrs. joe z. hirl ' != ' #z     #s               '
-  yours, mrs. joe z. hirl 
+  #z     #s               

]]>		</error>
	</testcase>
	<testcase classname="InequalityTest" name="test_iNameSignatureTagger4" time="0.649">
		<error message="' sincerely  ms. habert ' != ' #z         #s         '
-  sincerely  ms. habert 
+  #z         #s         
" type="AssertionError">
<![CDATA[Traceback (most recent call last):
  File "C:/Users/CHRIS/PycharmProjects/Requests/Requests.py", line 46, in test_iNameSignatureTagger4
    self.assertEqual(Actuval, expected)
AssertionError: ' sincerely  ms. habert ' != ' #z         #s         '
-  sincerely  ms. habert 
+  #z         #s         

]]>		</error>
	</testcase>
	<testcase classname="InequalityTest" name="test_iNameSignatureTagger5" time="0.617">
		<error message="' yours truly gerry cashiola ' != ' #z          #s             '
-  yours truly gerry cashiola 
+  #z          #s             
" type="AssertionError">
<![CDATA[Traceback (most recent call last):
  File "C:/Users/CHRIS/PycharmProjects/Requests/Requests.py", line 52, in test_iNameSignatureTagger5
    self.assertEqual(Actuval, expected)
AssertionError: ' yours truly gerry cashiola ' != ' #z          #s             '
-  yours truly gerry cashiola 
+  #z          #s             

]]>		</error>
	</testcase>
	<testcase classname="InequalityTest" name="test_iNameSignatureTagger6" time="0.648">
		<error message="' best  dr. raymir ' != ' #z    #s         '
-  best  dr. raymir 
+  #z    #s         
" type="AssertionError">
<![CDATA[Traceback (most recent call last):
  File "C:/Users/CHRIS/PycharmProjects/Requests/Requests.py", line 58, in test_iNameSignatureTagger6
    self.assertEqual(Actuval, expected)
AssertionError: ' best  dr. raymir ' != ' #z    #s         '
-  best  dr. raymir 
+  #z    #s         

]]>		</error>
	</testcase>
	<testcase classname="InequalityTest" name="test_iNameSignatureTagger7" time="0.647">
		<error message="' love  smitherman ' != ' #z    #s         '
-  love  smitherman 
+  #z    #s         
" type="AssertionError">
<![CDATA[Traceback (most recent call last):
  File "C:/Users/CHRIS/PycharmProjects/Requests/Requests.py", line 64, in test_iNameSignatureTagger7
    self.assertEqual(Actuval, expected)
AssertionError: ' love  smitherman ' != ' #z    #s         '
-  love  smitherman 
+  #z    #s         

]]>		</error>
	</testcase>
	<testcase classname="InequalityTest" name="test_iNameSignatureTagger8" time="0.629">
		<error message="' take care  joe a. hirl ' != ' #z         #s          '
-  take care  joe a. hirl 
+  #z         #s          
" type="AssertionError">
<![CDATA[Traceback (most recent call last):
  File "C:/Users/CHRIS/PycharmProjects/Requests/Requests.py", line 70, in test_iNameSignatureTagger8
    self.assertEqual(Actuval, expected)
AssertionError: ' take care  joe a. hirl ' != ' #z         #s          '
-  take care  joe a. hirl 
+  #z         #s          

]]>		</error>
	</testcase>
	<testcase classname="InequalityTest" name="test_iNameSignatureTagger9" time="0.620">
		<error message="' best regards, temeika ' != ' #z            #s      '
-  best regards, temeika 
+  #z            #s      
" type="AssertionError">
<![CDATA[Traceback (most recent call last):
  File "C:/Users/CHRIS/PycharmProjects/Requests/Requests.py", line 76, in test_iNameSignatureTagger9
    self.assertEqual(Actuval, expected)
AssertionError: ' best regards, temeika ' != ' #z            #s      '
-  best regards, temeika 
+  #z            #s      

]]>		</error>
	</testcase>
	<testcase classname="InequalityTest" name="test_pDisclaimerRemovalTest_2" time="0.703">
		<error message="&quot;hey reg  it is our strong belief that pfi[338 chars]on  &quot; != &quot;#g       it is our strong belief that pfi[338 chars]on  &quot;
Diff is 1541 characters long. Set self.maxDiff to None to see it." type="AssertionError">
<![CDATA[Traceback (most recent call last):
  File "C:/Users/CHRIS/PycharmProjects/Requests/Requests.py", line 254, in test_pDisclaimerRemovalTest_2
    self.assertEqual(Actuval, expected)
AssertionError: "hey reg  it is our strong belief that pfi[338 chars]on  " != "#g       it is our strong belief that pfi[338 chars]on  "
Diff is 1541 characters long. Set self.maxDiff to None to see it.
]]>		</error>
	</testcase>
	<system-out>
<![CDATA[]]>	</system-out>
	<system-err>
<![CDATA[]]>	</system-err>
</testsuite>
