<?xml version="1.0" ?>
<testsuite errors="37" failures="0" name="InequalityTest-20160317130837" tests="39" time="24.754">
	<testcase classname="InequalityTest" name="test_fpAgeTest_5" time="0.614"/>
	<testcase classname="InequalityTest" name="test_fpAgeTest_9" time="0.600"/>
	<testcase classname="InequalityTest" name="test_csAgeTest_1" time="0.619">
		<error message="' the[58 chars]alth and nutrition for children over 5 years old in the area  ' != ' the[58 chars]alth and nutrition for children over #age        in the area  '
-  the u.s. department of agriculture provides information on health and nutrition for children over 5 years old in the area  
?                                                                                                    ^^^ ^^^^^^^
+  the u.s. department of agriculture provides information on health and nutrition for children over #age        in the area  
?                                                                                                    ^^^ ^^^^^^^
" type="AssertionError">
<![CDATA[Traceback (most recent call last):
  File "C:/Users/CHRIS/PycharmProjects/Requests/Requests.py", line 28, in test_csAgeTest_1
    self.assertEqual(Actuval, expected)
AssertionError: ' the[58 chars]alth and nutrition for children over 5 years old in the area  ' != ' the[58 chars]alth and nutrition for children over #age        in the area  '
-  the u.s. department of agriculture provides information on health and nutrition for children over 5 years old in the area  
?                                                                                                    ^^^ ^^^^^^^
+  the u.s. department of agriculture provides information on health and nutrition for children over #age        in the area  
?                                                                                                    ^^^ ^^^^^^^

]]>		</error>
	</testcase>
	<testcase classname="InequalityTest" name="test_csAgeTest_2" time="0.645">
		<error message="' bod[37 chars]kids # through 13 years old of age to give the[59 chars]es  ' != ' bod[37 chars]kids 9 through #age         of age to give the[59 chars]es  '
-  body and mind is a website designed for kids # through 13 years old of age to give them the information they need to make healthy lifestyle choices  
?                                               ^         ^^^^^^^^^^^^^^^^
+  body and mind is a website designed for kids 9 through #age         of age to give them the information they need to make healthy lifestyle choices  
?                                               ^         ^    +++++++++++++++
" type="AssertionError">
<![CDATA[Traceback (most recent call last):
  File "C:/Users/CHRIS/PycharmProjects/Requests/Requests.py", line 34, in test_csAgeTest_2
    self.assertEqual(Actuval, expected)
AssertionError: ' bod[37 chars]kids # through 13 years old of age to give the[59 chars]es  ' != ' bod[37 chars]kids 9 through #age         of age to give the[59 chars]es  '
-  body and mind is a website designed for kids # through 13 years old of age to give them the information they need to make healthy lifestyle choices  
?                                               ^         ^^^^^^^^^^^^^^^^
+  body and mind is a website designed for kids 9 through #age         of age to give them the information they need to make healthy lifestyle choices  
?                                               ^         ^    +++++++++++++++

]]>		</error>
	</testcase>
	<testcase classname="InequalityTest" name="test_csAgeTest_3" time="0.603">
		<error message="' in [13 chars]n  the only way to go would be to say i am a 25 year old guy  ' != ' in [13 chars]n  the only way to go would be to say i am a #age        guy  '
-  in this situation  the only way to go would be to say i am a 25 year old guy  
?                                                               ^^^^ ^^^^^^
+  in this situation  the only way to go would be to say i am a #age        guy  
?                                                               ^^^ ^^^^^^^
" type="AssertionError">
<![CDATA[Traceback (most recent call last):
  File "C:/Users/CHRIS/PycharmProjects/Requests/Requests.py", line 40, in test_csAgeTest_3
    self.assertEqual(Actuval, expected)
AssertionError: ' in [13 chars]n  the only way to go would be to say i am a 25 year old guy  ' != ' in [13 chars]n  the only way to go would be to say i am a #age        guy  '
-  in this situation  the only way to go would be to say i am a 25 year old guy  
?                                                               ^^^^ ^^^^^^
+  in this situation  the only way to go would be to say i am a #age        guy  
?                                                               ^^^ ^^^^^^^

]]>		</error>
	</testcase>
	<testcase classname="InequalityTest" name="test_csAgeTest_4" time="0.629">
		<error message="' your 5 year old enjoys being active and is goo[42 chars]ng  ' != ' your #age       enjoys being active and is goo[42 chars]ng  '
-  your 5 year old enjoys being active and is good at climbing  sliding  swinging and dancing  
?       ^^^ ^^^^^^
+  your #age       enjoys being active and is good at climbing  sliding  swinging and dancing  
?       ^^^ ^^^^^^
" type="AssertionError">
<![CDATA[Traceback (most recent call last):
  File "C:/Users/CHRIS/PycharmProjects/Requests/Requests.py", line 46, in test_csAgeTest_4
    self.assertEqual(Actuval, expected)
AssertionError: ' your 5 year old enjoys being active and is goo[42 chars]ng  ' != ' your #age       enjoys being active and is goo[42 chars]ng  '
-  your 5 year old enjoys being active and is good at climbing  sliding  swinging and dancing  
?       ^^^ ^^^^^^
+  your #age       enjoys being active and is good at climbing  sliding  swinging and dancing  
?       ^^^ ^^^^^^

]]>		</error>
	</testcase>
	<testcase classname="InequalityTest" name="test_csAgeTest_5" time="0.620">
		<error message="' at 19 months old he reads #   words and can count to #   ' != ' at #age          he reads 300 words and can count to 50  '
-  at 19 months old he reads #   words and can count to #   
+  at #age          he reads 300 words and can count to 50  
" type="AssertionError">
<![CDATA[Traceback (most recent call last):
  File "C:/Users/CHRIS/PycharmProjects/Requests/Requests.py", line 52, in test_csAgeTest_5
    self.assertEqual(Actuval, expected)
AssertionError: ' at 19 months old he reads #   words and can count to #   ' != ' at #age          he reads 300 words and can count to 50  '
-  at 19 months old he reads #   words and can count to #   
+  at #age          he reads 300 words and can count to 50  

]]>		</error>
	</testcase>
	<testcase classname="InequalityTest" name="test_fAgeTest_1" time="0.626">
		<error message="&quot; until he or she is 12 years old because it's safer there &quot; != &quot; until he or she is #age         because it's safer there &quot;
-  until he or she is 12 years old because it's safer there 
?                     ^^^^ ^^^^^^^
+  until he or she is #age         because it's safer there 
?                     ^^^ ^^^^^^^^
" type="AssertionError">
<![CDATA[Traceback (most recent call last):
  File "C:/Users/CHRIS/PycharmProjects/Requests/Requests.py", line 59, in test_fAgeTest_1
    self.assertEqual(Actuval, expected)
AssertionError: " until he or she is 12 years old because it's safer there " != " until he or she is #age         because it's safer there "
-  until he or she is 12 years old because it's safer there 
?                     ^^^^ ^^^^^^^
+  until he or she is #age         because it's safer there 
?                     ^^^ ^^^^^^^^

]]>		</error>
	</testcase>
	<testcase classname="InequalityTest" name="test_fAgeTest_2" time="0.600">
		<error message="' do some people put 21 year old  can you tell me why and how to use ' != ' do some people put #age         can you tell me why and how to use '
-  do some people put 21 year old  can you tell me why and how to use 
?                     ^^^^ ^^^^^^
+  do some people put #age         can you tell me why and how to use 
?                     ^^^ ^^^^^^^
" type="AssertionError">
<![CDATA[Traceback (most recent call last):
  File "C:/Users/CHRIS/PycharmProjects/Requests/Requests.py", line 65, in test_fAgeTest_2
    self.assertEqual(Actuval, expected)
AssertionError: ' do some people put 21 year old  can you tell me why and how to use ' != ' do some people put #age         can you tell me why and how to use '
-  do some people put 21 year old  can you tell me why and how to use 
?                     ^^^^ ^^^^^^
+  do some people put #age         can you tell me why and how to use 
?                     ^^^ ^^^^^^^

]]>		</error>
	</testcase>
	<testcase classname="InequalityTest" name="test_fAgeTest_3" time="0.614">
		<error message="&quot; some freaky ripped 80 year old dude i'm not going to settle [22 chars]ags &quot; != &quot; some freaky ripped #age        dude i'm not going to settle [22 chars]ags &quot;
-  some freaky ripped 80 year old dude i'm not going to settle for the dried up old hags 
?                     ^^^^ ^^^^^^
+  some freaky ripped #age        dude i'm not going to settle for the dried up old hags 
?                     ^^^ ^^^^^^^
" type="AssertionError">
<![CDATA[Traceback (most recent call last):
  File "C:/Users/CHRIS/PycharmProjects/Requests/Requests.py", line 71, in test_fAgeTest_3
    self.assertEqual(Actuval, expected)
AssertionError: " some freaky ripped 80 year old dude i'm not going to settle [22 chars]ags " != " some freaky ripped #age        dude i'm not going to settle [22 chars]ags "
-  some freaky ripped 80 year old dude i'm not going to settle for the dried up old hags 
?                     ^^^^ ^^^^^^
+  some freaky ripped #age        dude i'm not going to settle for the dried up old hags 
?                     ^^^ ^^^^^^^

]]>		</error>
	</testcase>
	<testcase classname="InequalityTest" name="test_fAgeTest_4" time="0.609">
		<error message="' when adam was 130 years old  he became the father of a [22 chars]him ' != ' when adam was #age           he became the father of a [22 chars]him '
-  when adam was 130 years old  he became the father of a son who was just like him 
?                ^^^^^ ^^^^^^^
+  when adam was #age           he became the father of a son who was just like him 
?                ^^^ ^^^^^^^^^
" type="AssertionError">
<![CDATA[Traceback (most recent call last):
  File "C:/Users/CHRIS/PycharmProjects/Requests/Requests.py", line 77, in test_fAgeTest_4
    self.assertEqual(Actuval, expected)
AssertionError: ' when adam was 130 years old  he became the father of a [22 chars]him ' != ' when adam was #age           he became the father of a [22 chars]him '
-  when adam was 130 years old  he became the father of a son who was just like him 
?                ^^^^^ ^^^^^^^
+  when adam was #age           he became the father of a son who was just like him 
?                ^^^ ^^^^^^^^^

]]>		</error>
	</testcase>
	<testcase classname="InequalityTest" name="test_fAgeTest_5" time="0.591">
		<error message="' my baby is 1 yr old from three months his weight is not gaining ' != ' my baby is #age     from three months his weight is not gaining '
-  my baby is 1 yr old from three months his weight is not gaining 
?             ^^^^^^^^
+  my baby is #age     from three months his weight is not gaining 
?             ^^^^^^^^
" type="AssertionError">
<![CDATA[Traceback (most recent call last):
  File "C:/Users/CHRIS/PycharmProjects/Requests/Requests.py", line 83, in test_fAgeTest_5
    self.assertEqual(Actuval, expected)
AssertionError: ' my baby is 1 yr old from three months his weight is not gaining ' != ' my baby is #age     from three months his weight is not gaining '
-  my baby is 1 yr old from three months his weight is not gaining 
?             ^^^^^^^^
+  my baby is #age     from three months his weight is not gaining 
?             ^^^^^^^^

]]>		</error>
	</testcase>
	<testcase classname="InequalityTest" name="test_fpAgeTest_1" time="0.592">
		<error message="' it may be hard to believe that a scant #   years ago  ' != ' it may be hard to believe that a scant 100 years ago  '
-  it may be hard to believe that a scant #   years ago  
?                                         ^^^
+  it may be hard to believe that a scant 100 years ago  
?                                         ^^^
" type="AssertionError">
<![CDATA[Traceback (most recent call last):
  File "C:/Users/CHRIS/PycharmProjects/Requests/Requests.py", line 201, in test_fpAgeTest_1
    self.assertEqual(Actuval, expected)
AssertionError: ' it may be hard to believe that a scant #   years ago  ' != ' it may be hard to believe that a scant 100 years ago  '
-  it may be hard to believe that a scant #   years ago  
?                                         ^^^
+  it may be hard to believe that a scant 100 years ago  
?                                         ^^^

]]>		</error>
	</testcase>
	<testcase classname="InequalityTest" name="test_fpAgeTest_2" time="0.598">
		<error message="&quot; the #n  store didn't exist #   months ago  &quot; != &quot; the app store didn't exist 100 months ago  &quot;
-  the #n  store didn't exist #   months ago  
?      ^^^                    ^^^
+  the app store didn't exist 100 months ago  
?      ^^^                    ^^^
" type="AssertionError">
<![CDATA[Traceback (most recent call last):
  File "C:/Users/CHRIS/PycharmProjects/Requests/Requests.py", line 207, in test_fpAgeTest_2
    self.assertEqual(Actuval, expected)
AssertionError: " the #n  store didn't exist #   months ago  " != " the app store didn't exist 100 months ago  "
-  the #n  store didn't exist #   months ago  
?      ^^^                    ^^^
+  the app store didn't exist 100 months ago  
?      ^^^                    ^^^

]]>		</error>
	</testcase>
	<testcase classname="InequalityTest" name="test_fpAgeTest_3" time="0.638">
		<error message="' #   years began so that #n             an[88 chars]ed  ' != ' 200 years began so that elisa ambrogio an[88 chars]ed  '
-  #   years began so that #n             and ben could explore more song oriented material than either of their other outlets allowed  
?  ^^^                     ^^^^^^^^^^^^^^
+  200 years began so that elisa ambrogio and ben could explore more song oriented material than either of their other outlets allowed  
?  ^^^                     ^^^^^^^^^^^^^^
" type="AssertionError">
<![CDATA[Traceback (most recent call last):
  File "C:/Users/CHRIS/PycharmProjects/Requests/Requests.py", line 213, in test_fpAgeTest_3
    self.assertEqual(Actuval, expected)
AssertionError: ' #   years began so that #n             an[88 chars]ed  ' != ' 200 years began so that elisa ambrogio an[88 chars]ed  '
-  #   years began so that #n             and ben could explore more song oriented material than either of their other outlets allowed  
?  ^^^                     ^^^^^^^^^^^^^^
+  200 years began so that elisa ambrogio and ben could explore more song oriented material than either of their other outlets allowed  
?  ^^^                     ^^^^^^^^^^^^^^

]]>		</error>
	</testcase>
	<testcase classname="InequalityTest" name="test_fpAgeTest_4" time="0.635">
		<error message="&quot; i r[29 chars]few months old  he especially loved the #n   's bedtime book  &quot; != &quot; i r[29 chars]few months old  he especially loved the maisy's bedtime book  &quot;
-  i read to my little chap from a few months old  he especially loved the #n   's bedtime book  
?                                                                          ^^^^^
+  i read to my little chap from a few months old  he especially loved the maisy's bedtime book  
?                                                                          ^^^^^
" type="AssertionError">
<![CDATA[Traceback (most recent call last):
  File "C:/Users/CHRIS/PycharmProjects/Requests/Requests.py", line 219, in test_fpAgeTest_4
    self.assertEqual(Actuval, expected)
AssertionError: " i r[29 chars]few months old  he especially loved the #n   's bedtime book  " != " i r[29 chars]few months old  he especially loved the maisy's bedtime book  "
-  i read to my little chap from a few months old  he especially loved the #n   's bedtime book  
?                                                                          ^^^^^
+  i read to my little chap from a few months old  he especially loved the maisy's bedtime book  
?                                                                          ^^^^^

]]>		</error>
	</testcase>
	<testcase classname="InequalityTest" name="test_fpAgeTest_6" time="0.627">
		<error message="' we [13 chars]onths have #  days when calculating #  months ago from today  ' != ' we [13 chars]onths have 30 days when calculating 86 months ago from today  '
-  we assumed all months have #  days when calculating #  months ago from today  
?                             ^^                       ^^
+  we assumed all months have 30 days when calculating 86 months ago from today  
?                             ^^                       ^^
" type="AssertionError">
<![CDATA[Traceback (most recent call last):
  File "C:/Users/CHRIS/PycharmProjects/Requests/Requests.py", line 231, in test_fpAgeTest_6
    self.assertEqual(Actuval, expected)
AssertionError: ' we [13 chars]onths have #  days when calculating #  months ago from today  ' != ' we [13 chars]onths have 30 days when calculating 86 months ago from today  '
-  we assumed all months have #  days when calculating #  months ago from today  
?                             ^^                       ^^
+  we assumed all months have 30 days when calculating 86 months ago from today  
?                             ^^                       ^^

]]>		</error>
	</testcase>
	<testcase classname="InequalityTest" name="test_fpAgeTest_7" time="1.292">
		<error message="'  we had only # yrs  # months between kids # and #  and then kid #  ' != '  we had only 2 yrs  2 months between kids 1 and 2  and then kid 3  '
-   we had only # yrs  # months between kids # and #  and then kid #  
?               ^      ^                     ^     ^               ^
+   we had only 2 yrs  2 months between kids 1 and 2  and then kid 3  
?               ^      ^                     ^     ^               ^
" type="AssertionError">
<![CDATA[Traceback (most recent call last):
  File "C:/Users/CHRIS/PycharmProjects/Requests/Requests.py", line 237, in test_fpAgeTest_7
    self.assertEqual(Actuval, expected)
AssertionError: '  we had only # yrs  # months between kids # and #  and then kid #  ' != '  we had only 2 yrs  2 months between kids 1 and 2  and then kid 3  '
-   we had only # yrs  # months between kids # and #  and then kid #  
?               ^      ^                     ^     ^               ^
+   we had only 2 yrs  2 months between kids 1 and 2  and then kid 3  
?               ^      ^                     ^     ^               ^

]]>		</error>
	</testcase>
	<testcase classname="InequalityTest" name="test_fpAgeTest_8" time="0.624">
		<error message="' my son is just over # years ago and not talking  just humming  ' != ' my son is just over 2 years ago and not talking  just humming  '
-  my son is just over # years ago and not talking  just humming  
?                      ^
+  my son is just over 2 years ago and not talking  just humming  
?                      ^
" type="AssertionError">
<![CDATA[Traceback (most recent call last):
  File "C:/Users/CHRIS/PycharmProjects/Requests/Requests.py", line 243, in test_fpAgeTest_8
    self.assertEqual(Actuval, expected)
AssertionError: ' my son is just over # years ago and not talking  just humming  ' != ' my son is just over 2 years ago and not talking  just humming  '
-  my son is just over # years ago and not talking  just humming  
?                      ^
+  my son is just over 2 years ago and not talking  just humming  
?                      ^

]]>		</error>
	</testcase>
	<testcase classname="InequalityTest" name="test_iAgeTest_1" time="0.613">
		<error message="' 102 years old ' != ' #age          '
-  102 years old 
+  #age          
" type="AssertionError">
<![CDATA[Traceback (most recent call last):
  File "C:/Users/CHRIS/PycharmProjects/Requests/Requests.py", line 90, in test_iAgeTest_1
    self.assertEqual(Actuval, expected)
AssertionError: ' 102 years old ' != ' #age          '
-  102 years old 
+  #age          

]]>		</error>
	</testcase>
	<testcase classname="InequalityTest" name="test_iAgeTest_2" time="0.591">
		<error message="' 12 months 1 day old ' != ' #age                '
-  12 months 1 day old 
+  #age                
" type="AssertionError">
<![CDATA[Traceback (most recent call last):
  File "C:/Users/CHRIS/PycharmProjects/Requests/Requests.py", line 96, in test_iAgeTest_2
    self.assertEqual(Actuval, expected)
AssertionError: ' 12 months 1 day old ' != ' #age                '
-  12 months 1 day old 
+  #age                

]]>		</error>
	</testcase>
	<testcase classname="InequalityTest" name="test_iAgeTest_3" time="0.598">
		<error message="' 10 month old ' != ' #age         '
-  10 month old 
+  #age         
" type="AssertionError">
<![CDATA[Traceback (most recent call last):
  File "C:/Users/CHRIS/PycharmProjects/Requests/Requests.py", line 102, in test_iAgeTest_3
    self.assertEqual(Actuval, expected)
AssertionError: ' 10 month old ' != ' #age         '
-  10 month old 
+  #age         

]]>		</error>
	</testcase>
	<testcase classname="InequalityTest" name="test_iAgeTest_4" time="0.635">
		<error message="' 20 days old ' != ' #age        '
-  20 days old 
+  #age        
" type="AssertionError">
<![CDATA[Traceback (most recent call last):
  File "C:/Users/CHRIS/PycharmProjects/Requests/Requests.py", line 108, in test_iAgeTest_4
    self.assertEqual(Actuval, expected)
AssertionError: ' 20 days old ' != ' #age        '
-  20 days old 
+  #age        

]]>		</error>
	</testcase>
	<testcase classname="InequalityTest" name="test_iAgeTest_5" time="0.625">
		<error message="' 4 years 3 months old ' != ' #age                 '
-  4 years 3 months old 
+  #age                 
" type="AssertionError">
<![CDATA[Traceback (most recent call last):
  File "C:/Users/CHRIS/PycharmProjects/Requests/Requests.py", line 114, in test_iAgeTest_5
    self.assertEqual(Actuval, expected)
AssertionError: ' 4 years 3 months old ' != ' #age                 '
-  4 years 3 months old 
+  #age                 

]]>		</error>
	</testcase>
	<testcase classname="InequalityTest" name="test_mcAgeTest_1" time="0.589">
		<error message="' the  200 year old  remains were found last night  ' != ' the  #age          remains were found last night  '
-  the  200 year old  remains were found last night  
?       ^^^^^ ^^^^^^
+  the  #age          remains were found last night  
?       ^^^ ^^^^^^^^
" type="AssertionError">
<![CDATA[Traceback (most recent call last):
  File "C:/Users/CHRIS/PycharmProjects/Requests/Requests.py", line 158, in test_mcAgeTest_1
    self.assertEqual(Actuval, expected)
AssertionError: ' the  200 year old  remains were found last night  ' != ' the  #age          remains were found last night  '
-  the  200 year old  remains were found last night  
?       ^^^^^ ^^^^^^
+  the  #age          remains were found last night  
?       ^^^ ^^^^^^^^

]]>		</error>
	</testcase>
	<testcase classname="InequalityTest" name="test_mcAgeTest_2" time="0.628">
		<error message="' this  12 year old  boy is going to teach you #  lessons about life  ' != ' this  #age         boy is going to teach you 22 lessons about life  '
-  this  12 year old  boy is going to teach you #  lessons about life  
?        ^^^^ ^^^^^^                            ^^
+  this  #age         boy is going to teach you 22 lessons about life  
?        ^^^ ^^^^^^^                            ^^
" type="AssertionError">
<![CDATA[Traceback (most recent call last):
  File "C:/Users/CHRIS/PycharmProjects/Requests/Requests.py", line 164, in test_mcAgeTest_2
    self.assertEqual(Actuval, expected)
AssertionError: ' this  12 year old  boy is going to teach you #  lessons about life  ' != ' this  #age         boy is going to teach you 22 lessons about life  '
-  this  12 year old  boy is going to teach you #  lessons about life  
?        ^^^^ ^^^^^^                            ^^
+  this  #age         boy is going to teach you 22 lessons about life  
?        ^^^ ^^^^^^^                            ^^

]]>		</error>
	</testcase>
	<testcase classname="InequalityTest" name="test_mcAgeTest_3" time="0.651">
		<error message="' a  105 year old   japanese man broke his rec[83 chars]an  ' != ' a  #age           japanese man broke his rec[83 chars]an  '
-  a  105 year old   japanese man broke his record for the oldest competitive sprinter on wednesday at a competition in kyoto, japan  
?     ^^^^^ ^^^^^^                                                                                                           ^
+  a  #age           japanese man broke his record for the oldest competitive sprinter on wednesday at a competition in kyoto  japan  
?     ^^^ ^^^^^^^^                                                                                                           ^
" type="AssertionError">
<![CDATA[Traceback (most recent call last):
  File "C:/Users/CHRIS/PycharmProjects/Requests/Requests.py", line 170, in test_mcAgeTest_3
    self.assertEqual(Actuval, expected)
AssertionError: ' a  105 year old   japanese man broke his rec[83 chars]an  ' != ' a  #age           japanese man broke his rec[83 chars]an  '
-  a  105 year old   japanese man broke his record for the oldest competitive sprinter on wednesday at a competition in kyoto, japan  
?     ^^^^^ ^^^^^^                                                                                                           ^
+  a  #age           japanese man broke his record for the oldest competitive sprinter on wednesday at a competition in kyoto  japan  
?     ^^^ ^^^^^^^^                                                                                                           ^

]]>		</error>
	</testcase>
	<testcase classname="InequalityTest" name="test_mcAgeTest_4" time="0.621">
		<error message="' according to a  13 year old  girl named younis  ' != ' according to a  #age         girl named younis  '
-  according to a  13 year old  girl named younis  
?                  ^^^^ ^^^^^^
+  according to a  #age         girl named younis  
?                  ^^^ ^^^^^^^
" type="AssertionError">
<![CDATA[Traceback (most recent call last):
  File "C:/Users/CHRIS/PycharmProjects/Requests/Requests.py", line 176, in test_mcAgeTest_4
    self.assertEqual(Actuval, expected)
AssertionError: ' according to a  13 year old  girl named younis  ' != ' according to a  #age         girl named younis  '
-  according to a  13 year old  girl named younis  
?                  ^^^^ ^^^^^^
+  according to a  #age         girl named younis  
?                  ^^^ ^^^^^^^

]]>		</error>
	</testcase>
	<testcase classname="InequalityTest" name="test_mcAgeTest_5" time="0.617">
		<error message="' wea[44 chars]e which should start when your baby is around  6 months old   ' != ' wea[44 chars]e which should start when your baby is around  #age           '
-  weaning is an exciting and fun development stage which should start when your baby is around  6 months old   
?                                                                                                ^^^^^^^^^^^^
+  weaning is an exciting and fun development stage which should start when your baby is around  #age           
?                                                                                                ^^^^^^^^^^^^
" type="AssertionError">
<![CDATA[Traceback (most recent call last):
  File "C:/Users/CHRIS/PycharmProjects/Requests/Requests.py", line 182, in test_mcAgeTest_5
    self.assertEqual(Actuval, expected)
AssertionError: ' wea[44 chars]e which should start when your baby is around  6 months old   ' != ' wea[44 chars]e which should start when your baby is around  #age           '
-  weaning is an exciting and fun development stage which should start when your baby is around  6 months old   
?                                                                                                ^^^^^^^^^^^^
+  weaning is an exciting and fun development stage which should start when your baby is around  #age           
?                                                                                                ^^^^^^^^^^^^

]]>		</error>
	</testcase>
	<testcase classname="InequalityTest" name="test_mcAgeTest_6" time="0.607">
		<error message="&quot; you're also learning what makes your  2 month old  tick  &quot; != &quot; you're also learning what makes your  #age         tick  &quot;
-  you're also learning what makes your  2 month old  tick  
?                                        ^^^^^^^^^^^
+  you're also learning what makes your  #age         tick  
?                                        ^^^^^^^^^^^
" type="AssertionError">
<![CDATA[Traceback (most recent call last):
  File "C:/Users/CHRIS/PycharmProjects/Requests/Requests.py", line 188, in test_mcAgeTest_6
    self.assertEqual(Actuval, expected)
AssertionError: " you're also learning what makes your  2 month old  tick  " != " you're also learning what makes your  #age         tick  "
-  you're also learning what makes your  2 month old  tick  
?                                        ^^^^^^^^^^^
+  you're also learning what makes your  #age         tick  
?                                        ^^^^^^^^^^^

]]>		</error>
	</testcase>
	<testcase classname="InequalityTest" name="test_mcAgeTest_7" time="0.613">
		<error message="' # month and  12 month old  baby and intro[74 chars]od  ' != ' 0 month and  #age          baby and intro[74 chars]od  '
-  # month and  12 month old  baby and introducing solids and solid foods to baby  feeding your baby homemade solid food  
?  ^            ^^^^^^^^^^^^
+  0 month and  #age          baby and introducing solids and solid foods to baby  feeding your baby homemade solid food  
?  ^            ^^^^^^^^^^^^
" type="AssertionError">
<![CDATA[Traceback (most recent call last):
  File "C:/Users/CHRIS/PycharmProjects/Requests/Requests.py", line 194, in test_mcAgeTest_7
    self.assertEqual(Actuval, expected)
AssertionError: ' # month and  12 month old  baby and intro[74 chars]od  ' != ' 0 month and  #age          baby and intro[74 chars]od  '
-  # month and  12 month old  baby and introducing solids and solid foods to baby  feeding your baby homemade solid food  
?  ^            ^^^^^^^^^^^^
+  0 month and  #age          baby and introducing solids and solid foods to baby  feeding your baby homemade solid food  
?  ^            ^^^^^^^^^^^^

]]>		</error>
	</testcase>
	<testcase classname="InequalityTest" name="test_nlAgeTest_1" time="0.610">
		<error message="' ove[43 chars] viral on the internet amid claims that she is 90 years old   ' != ' ove[43 chars] viral on the internet amid claims that she is #age           '
-  over that past decade  these lessons have gone viral on the internet amid claims that she is 90 years old   
?                                                                                               ^^^^ ^^^^^^^
+  over that past decade  these lessons have gone viral on the internet amid claims that she is #age           
?                                                                                               ^^^ ^^^^^^^^
" type="AssertionError">
<![CDATA[Traceback (most recent call last):
  File "C:/Users/CHRIS/PycharmProjects/Requests/Requests.py", line 256, in test_nlAgeTest_1
    self.assertEqual(Actuval, expected)
AssertionError: ' ove[43 chars] viral on the internet amid claims that she is 90 years old   ' != ' ove[43 chars] viral on the internet amid claims that she is #age           '
-  over that past decade  these lessons have gone viral on the internet amid claims that she is 90 years old   
?                                                                                               ^^^^ ^^^^^^^
+  over that past decade  these lessons have gone viral on the internet amid claims that she is #age           
?                                                                                               ^^^ ^^^^^^^^

]]>		</error>
	</testcase>
	<testcase classname="InequalityTest" name="test_nlAgeTest_2" time="0.604">
		<error message="' i h[13 chars]elf at a loss recently as to what to do with my # month  old  ' != ' i h[13 chars]elf at a loss recently as to what to do with my 6 month  old  '
-  i have found myself at a loss recently as to what to do with my # month  old  
?                                                                  ^
+  i have found myself at a loss recently as to what to do with my 6 month  old  
?                                                                  ^
" type="AssertionError">
<![CDATA[Traceback (most recent call last):
  File "C:/Users/CHRIS/PycharmProjects/Requests/Requests.py", line 262, in test_nlAgeTest_2
    self.assertEqual(Actuval, expected)
AssertionError: ' i h[13 chars]elf at a loss recently as to what to do with my # month  old  ' != ' i h[13 chars]elf at a loss recently as to what to do with my 6 month  old  '
-  i have found myself at a loss recently as to what to do with my # month  old  
?                                                                  ^
+  i have found myself at a loss recently as to what to do with my 6 month  old  
?                                                                  ^

]]>		</error>
	</testcase>
	<testcase classname="InequalityTest" name="test_pAgeTest_1" time="0.620">
		<error message="' when i was 25 years old  but what confuses me is the expression itself  ' != ' when i was #age          but what confuses me is the expression itself  '
-  when i was 25 years old  but what confuses me is the expression itself  
?             ^^^^ ^^^^^^^
+  when i was #age          but what confuses me is the expression itself  
?             ^^^ ^^^^^^^^
" type="AssertionError">
<![CDATA[Traceback (most recent call last):
  File "C:/Users/CHRIS/PycharmProjects/Requests/Requests.py", line 121, in test_pAgeTest_1
    self.assertEqual(Actuval, expected)
AssertionError: ' when i was 25 years old  but what confuses me is the expression itself  ' != ' when i was #age          but what confuses me is the expression itself  '
-  when i was 25 years old  but what confuses me is the expression itself  
?             ^^^^ ^^^^^^^
+  when i was #age          but what confuses me is the expression itself  
?             ^^^ ^^^^^^^^

]]>		</error>
	</testcase>
	<testcase classname="InequalityTest" name="test_pAgeTest_2" time="0.672">
		<error message="' cen[85 chars]over 100 years old like an elderly person rece[21 chars]et  ' != ' cen[85 chars]over #age           like an elderly person rec[22 chars]et  '
-  centenarians are often the subject of news stories that focus on the fact that they are over 100 years old like an elderly person receiving a speeding ticket  
?                                                                                               ^^^^^ ^^^^^^^
+  centenarians are often the subject of news stories that focus on the fact that they are over #age           like an elderly person receiving a speeding ticket  
?                                                                                               ^^^ ^^^^^^^^^^
" type="AssertionError">
<![CDATA[Traceback (most recent call last):
  File "C:/Users/CHRIS/PycharmProjects/Requests/Requests.py", line 127, in test_pAgeTest_2
    self.assertEqual(Actuval, expected)
AssertionError: ' cen[85 chars]over 100 years old like an elderly person rece[21 chars]et  ' != ' cen[85 chars]over #age           like an elderly person rec[22 chars]et  '
-  centenarians are often the subject of news stories that focus on the fact that they are over 100 years old like an elderly person receiving a speeding ticket  
?                                                                                               ^^^^^ ^^^^^^^
+  centenarians are often the subject of news stories that focus on the fact that they are over #age           like an elderly person receiving a speeding ticket  
?                                                                                               ^^^ ^^^^^^^^^^

]]>		</error>
	</testcase>
	<testcase classname="InequalityTest" name="test_pAgeTest_3" time="0.617">
		<error message="' your 3- to 4 year old  child will continue to grow a[40 chars]ar  ' != ' your 3- to #age        child will continue to grow a[40 chars]ar  '
-  your 3- to 4 year old  child will continue to grow and develop in many ways in the coming year  
?             ^^^ ^^^^^^
+  your 3- to #age        child will continue to grow and develop in many ways in the coming year  
?             ^^^ ^^^^^^
" type="AssertionError">
<![CDATA[Traceback (most recent call last):
  File "C:/Users/CHRIS/PycharmProjects/Requests/Requests.py", line 133, in test_pAgeTest_3
    self.assertEqual(Actuval, expected)
AssertionError: ' your 3- to 4 year old  child will continue to grow a[40 chars]ar  ' != ' your 3- to #age        child will continue to grow a[40 chars]ar  '
-  your 3- to 4 year old  child will continue to grow and develop in many ways in the coming year  
?             ^^^ ^^^^^^
+  your 3- to #age        child will continue to grow and develop in many ways in the coming year  
?             ^^^ ^^^^^^

]]>		</error>
	</testcase>
	<testcase classname="InequalityTest" name="test_pAgeTest_4" time="0.621">
		<error message="&quot; your 3 month old's nervous system is maturing [51 chars]la  &quot; != &quot; your #age       's nervous system is maturing [51 chars]la  &quot;
-  your 3 month old's nervous system is maturing  and his stomach can accommodate more milk or formula  
?       ^^^^^^^^^^^
+  your #age       's nervous system is maturing  and his stomach can accommodate more milk or formula  
?       ^^^^^^^^^^^
" type="AssertionError">
<![CDATA[Traceback (most recent call last):
  File "C:/Users/CHRIS/PycharmProjects/Requests/Requests.py", line 139, in test_pAgeTest_4
    self.assertEqual(Actuval, expected)
AssertionError: " your 3 month old's nervous system is maturing [51 chars]la  " != " your #age       's nervous system is maturing [51 chars]la  "
-  your 3 month old's nervous system is maturing  and his stomach can accommodate more milk or formula  
?       ^^^^^^^^^^^
+  your #age       's nervous system is maturing  and his stomach can accommodate more milk or formula  
?       ^^^^^^^^^^^

]]>		</error>
	</testcase>
	<testcase classname="InequalityTest" name="test_pAgeTest_5" time="0.617">
		<error message="&quot; expanding your 10 month old  baby's food choices as you [26 chars]ar  &quot; != &quot; expanding your #age          baby's food choices as you [26 chars]ar  &quot;
-  expanding your 10 month old  baby's food choices as you get closer to the first year  
?                 ^^^^^^^^^^^^
+  expanding your #age          baby's food choices as you get closer to the first year  
?                 ^^^^^^^^^^^^
" type="AssertionError">
<![CDATA[Traceback (most recent call last):
  File "C:/Users/CHRIS/PycharmProjects/Requests/Requests.py", line 145, in test_pAgeTest_5
    self.assertEqual(Actuval, expected)
AssertionError: " expanding your 10 month old  baby's food choices as you [26 chars]ar  " != " expanding your #age          baby's food choices as you [26 chars]ar  "
-  expanding your 10 month old  baby's food choices as you get closer to the first year  
?                 ^^^^^^^^^^^^
+  expanding your #age          baby's food choices as you get closer to the first year  
?                 ^^^^^^^^^^^^

]]>		</error>
	</testcase>
	<testcase classname="InequalityTest" name="test_pAgeTest_6" time="0.628">
		<error message="' wha[45 chars]g at 1 year 6 months old  handy parenting tips[38 chars]st  ' != ' wha[45 chars]g at #age                 handy parenting tips[38 chars]st  '
-  what is happening  how your toddler is developing at 1 year 6 months old  handy parenting tips and tricks and your personal to do list  
?                                                       ^^^ ^^^^^^^^^^^^^^^
+  what is happening  how your toddler is developing at #age                 handy parenting tips and tricks and your personal to do list  
?                                                       ^^^ ^^^^^^^^^^^^^^^
" type="AssertionError">
<![CDATA[Traceback (most recent call last):
  File "C:/Users/CHRIS/PycharmProjects/Requests/Requests.py", line 151, in test_pAgeTest_6
    self.assertEqual(Actuval, expected)
AssertionError: ' wha[45 chars]g at 1 year 6 months old  handy parenting tips[38 chars]st  ' != ' wha[45 chars]g at #age                 handy parenting tips[38 chars]st  '
-  what is happening  how your toddler is developing at 1 year 6 months old  handy parenting tips and tricks and your personal to do list  
?                                                       ^^^ ^^^^^^^^^^^^^^^
+  what is happening  how your toddler is developing at #age                 handy parenting tips and tricks and your personal to do list  
?                                                       ^^^ ^^^^^^^^^^^^^^^

]]>		</error>
	</testcase>
	<system-out>
<![CDATA[]]>	</system-out>
	<system-err>
<![CDATA[]]>	</system-err>
</testsuite>
