<?xml version="1.0" ?>
<testsuite errors="1" failures="0" name="InequalityTest-20160328112925" tests="1" time="0.663">
	<testcase classname="InequalityTest" name="test_sampleAcronymTest_1" time="0.663">
		<error message="' foaf ' != ' r#   '
-  foaf 
+  r#   
" type="AssertionError">
<![CDATA[Traceback (most recent call last):
  File "C:/Users/CHRIS/PycharmProjects/Requests/Requests.py", line 27, in test_sampleAcronymTest_1
    self.assertEqual(Actuval, expected)
AssertionError: ' foaf ' != ' r#   '
-  foaf 
+  r#   

]]>		</error>
	</testcase>
	<system-out>
<![CDATA[]]>	</system-out>
	<system-err>
<![CDATA[]]>	</system-err>
</testsuite>
