<?xml version="1.0" ?>
<testsuite errors="53" failures="0" name="InequalityTest-20160317152531" tests="59" time="40.533">
	<testcase classname="InequalityTest" name="test_csUrlTest_5" time="0.632"/>
	<testcase classname="InequalityTest" name="test_fpUrlTest_1" time="0.629"/>
	<testcase classname="InequalityTest" name="test_fpUrlTest_2" time="0.630"/>
	<testcase classname="InequalityTest" name="test_fpUrlTest_3" time="0.623"/>
	<testcase classname="InequalityTest" name="test_fpUrlTest_5" time="0.666"/>
	<testcase classname="InequalityTest" name="test_fpUrlTest_6" time="0.621"/>
	<testcase classname="InequalityTest" name="test_csUrlTest_1" time="1.636">
		<error message="' a t[26 chars]form http:www.example.com/index.html which ind[15 chars]ol  ' != ' a t[26 chars]form #url                              which i[17 chars]ol  '
-  a typical url could have the form http:www.example.com/index.html which indicates a protocol  
+  a typical url could have the form #url                              which indicates a protocol  
" type="AssertionError">
<![CDATA[Traceback (most recent call last):
  File "C:/Users/CHRIS/PycharmProjects/Requests/Requests.py", line 264, in test_csUrlTest_1
    self.assertEqual(Actuval, expected)
AssertionError: ' a t[26 chars]form http:www.example.com/index.html which ind[15 chars]ol  ' != ' a t[26 chars]form #url                              which i[17 chars]ol  '
-  a typical url could have the form http:www.example.com/index.html which indicates a protocol  
+  a typical url could have the form #url                              which indicates a protocol  

]]>		</error>
	</testcase>
	<testcase classname="InequalityTest" name="test_csUrlTest_2" time="0.670">
		<error message="' boo[43 chars]ite  www.morristourism.org and check back freq[14 chars]as  ' != ' boo[43 chars]ite  #url                  and check back freq[14 chars]as  '
-  bookmark the morris county tourism bureau website  www.morristourism.org and check back frequently for ideas  
?                                                     ^^^^^^^^^^^^  ^^^^^^^
+  bookmark the morris county tourism bureau website  #url                  and check back frequently for ideas  
?                                                     ^  ^^^^^^^^^^^^^^^^^^
" type="AssertionError">
<![CDATA[Traceback (most recent call last):
  File "C:/Users/CHRIS/PycharmProjects/Requests/Requests.py", line 270, in test_csUrlTest_2
    self.assertEqual(Actuval, expected)
AssertionError: ' boo[43 chars]ite  www.morristourism.org and check back freq[14 chars]as  ' != ' boo[43 chars]ite  #url                  and check back freq[14 chars]as  '
-  bookmark the morris county tourism bureau website  www.morristourism.org and check back frequently for ideas  
?                                                     ^^^^^^^^^^^^  ^^^^^^^
+  bookmark the morris county tourism bureau website  #url                  and check back frequently for ideas  
?                                                     ^  ^^^^^^^^^^^^^^^^^^

]]>		</error>
	</testcase>
	<testcase classname="InequalityTest" name="test_csUrlTest_3" time="0.631">
		<error message="' the seventh avenue at 27th street  fitnyc.edu on tuesday  ' != ' the seventh avenue at 27th street  #url       on tuesday  '
-  the seventh avenue at 27th street  fitnyc.edu on tuesday  
?                                     ^^^^^^^^^
+  the seventh avenue at 27th street  #url       on tuesday  
?                                     ^ ++++++++
" type="AssertionError">
<![CDATA[Traceback (most recent call last):
  File "C:/Users/CHRIS/PycharmProjects/Requests/Requests.py", line 276, in test_csUrlTest_3
    self.assertEqual(Actuval, expected)
AssertionError: ' the seventh avenue at 27th street  fitnyc.edu on tuesday  ' != ' the seventh avenue at 27th street  #url       on tuesday  '
-  the seventh avenue at 27th street  fitnyc.edu on tuesday  
?                                     ^^^^^^^^^
+  the seventh avenue at 27th street  #url       on tuesday  
?                                     ^ ++++++++

]]>		</error>
	</testcase>
	<testcase classname="InequalityTest" name="test_csUrlTest_4" time="1.307">
		<error message="' standard https:ticketcentral.com/online/default.as[47 chars]rs  ' != ' standard #url                                     [49 chars]rs  '
-  standard https:ticketcentral.com/online/default.asp service fees apply to all phone/internet orders  
+  standard #url                                         service fees apply to all phone/internet orders  
" type="AssertionError">
<![CDATA[Traceback (most recent call last):
  File "C:/Users/CHRIS/PycharmProjects/Requests/Requests.py", line 282, in test_csUrlTest_4
    self.assertEqual(Actuval, expected)
AssertionError: ' standard https:ticketcentral.com/online/default.as[47 chars]rs  ' != ' standard #url                                     [49 chars]rs  '
-  standard https:ticketcentral.com/online/default.asp service fees apply to all phone/internet orders  
+  standard #url                                         service fees apply to all phone/internet orders  

]]>		</error>
	</testcase>
	<testcase classname="InequalityTest" name="test_fUrlTest_1" time="0.619">
		<error message="&quot; planet's highest peaks magic.edu taken this &quot; != &quot; planet's highest peaks #url      taken this &quot;
-  planet's highest peaks magic.edu taken this 
?                         ^^^^^^^^
+  planet's highest peaks #url      taken this 
?                         ^ +++++++
" type="AssertionError">
<![CDATA[Traceback (most recent call last):
  File "C:/Users/CHRIS/PycharmProjects/Requests/Requests.py", line 107, in test_fUrlTest_1
    self.assertEqual(Actuval, expected)
AssertionError: " planet's highest peaks magic.edu taken this " != " planet's highest peaks #url      taken this "
-  planet's highest peaks magic.edu taken this 
?                         ^^^^^^^^
+  planet's highest peaks #url      taken this 
?                         ^ +++++++

]]>		</error>
	</testcase>
	<testcase classname="InequalityTest" name="test_fUrlTest_10" time="0.617">
		<error message="' handle http:vnc.example.com:5800 those ' != ' handle #url                        those '
-  handle http:vnc.example.com:5800 those 
+  handle #url                        those 
" type="AssertionError">
<![CDATA[Traceback (most recent call last):
  File "C:/Users/CHRIS/PycharmProjects/Requests/Requests.py", line 161, in test_fUrlTest_10
    self.assertEqual(Actuval, expected)
AssertionError: ' handle http:vnc.example.com:5800 those ' != ' handle #url                        those '
-  handle http:vnc.example.com:5800 those 
+  handle #url                        those 

]]>		</error>
	</testcase>
	<testcase classname="InequalityTest" name="test_fUrlTest_11" time="0.619">
		<error message="' took me http:vnc.example.com:5800 in this ' != ' took me #url                        in this '
-  took me http:vnc.example.com:5800 in this 
+  took me #url                        in this 
" type="AssertionError">
<![CDATA[Traceback (most recent call last):
  File "C:/Users/CHRIS/PycharmProjects/Requests/Requests.py", line 167, in test_fUrlTest_11
    self.assertEqual(Actuval, expected)
AssertionError: ' took me http:vnc.example.com:5800 in this ' != ' took me #url                        in this '
-  took me http:vnc.example.com:5800 in this 
+  took me #url                        in this 

]]>		</error>
	</testcase>
	<testcase classname="InequalityTest" name="test_fUrlTest_12" time="0.635">
		<error message="' rose rice https:bitbucket.org/unittesting/ milk ' != ' rose rice #url                               milk '
-  rose rice https:bitbucket.org/unittesting/ milk 
+  rose rice #url                               milk 
" type="AssertionError">
<![CDATA[Traceback (most recent call last):
  File "C:/Users/CHRIS/PycharmProjects/Requests/Requests.py", line 173, in test_fUrlTest_12
    self.assertEqual(Actuval, expected)
AssertionError: ' rose rice https:bitbucket.org/unittesting/ milk ' != ' rose rice #url                               milk '
-  rose rice https:bitbucket.org/unittesting/ milk 
+  rose rice #url                               milk 

]]>		</error>
	</testcase>
	<testcase classname="InequalityTest" name="test_fUrlTest_13" time="0.610">
		<error message="' highest known http:docs.python.org/library/urlparse.html fancy ' != ' highest known #url                                         fancy '
-  highest known http:docs.python.org/library/urlparse.html fancy 
+  highest known #url                                         fancy 
" type="AssertionError">
<![CDATA[Traceback (most recent call last):
  File "C:/Users/CHRIS/PycharmProjects/Requests/Requests.py", line 179, in test_fUrlTest_13
    self.assertEqual(Actuval, expected)
AssertionError: ' highest known http:docs.python.org/library/urlparse.html fancy ' != ' highest known #url                                         fancy '
-  highest known http:docs.python.org/library/urlparse.html fancy 
+  highest known #url                                         fancy 

]]>		</error>
	</testcase>
	<testcase classname="InequalityTest" name="test_fUrlTest_14" time="0.631">
		<error message="' arakan yoma highlands http:tools.ietf.org[32 chars]nds ' != ' Arakan Yoma highlands #url               [34 chars]nds '
-  arakan yoma highlands http:tools.ietf.org/html/rfc3875 arakan yoma highlands 
+  Arakan Yoma highlands #url                               Arakan Yoma highlands 
" type="AssertionError">
<![CDATA[Traceback (most recent call last):
  File "C:/Users/CHRIS/PycharmProjects/Requests/Requests.py", line 185, in test_fUrlTest_14
    self.assertEqual(Actuval, expected)
AssertionError: ' arakan yoma highlands http:tools.ietf.org[32 chars]nds ' != ' Arakan Yoma highlands #url               [34 chars]nds '
-  arakan yoma highlands http:tools.ietf.org/html/rfc3875 arakan yoma highlands 
+  Arakan Yoma highlands #url                               Arakan Yoma highlands 

]]>		</error>
	</testcase>
	<testcase classname="InequalityTest" name="test_fUrlTest_15" time="0.621">
		<error message="' surely https:tile.stamen.com/terrain-background/zoom/x/y.jpg fairly ' != ' surely #url                                                    fairly '
-  surely https:tile.stamen.com/terrain-background/zoom/x/y.jpg fairly 
+  surely #url                                                    fairly 
" type="AssertionError">
<![CDATA[Traceback (most recent call last):
  File "C:/Users/CHRIS/PycharmProjects/Requests/Requests.py", line 191, in test_fUrlTest_15
    self.assertEqual(Actuval, expected)
AssertionError: ' surely https:tile.stamen.com/terrain-background/zoom/x/y.jpg fairly ' != ' surely #url                                                    fairly '
-  surely https:tile.stamen.com/terrain-background/zoom/x/y.jpg fairly 
+  surely #url                                                    fairly 

]]>		</error>
	</testcase>
	<testcase classname="InequalityTest" name="test_fUrlTest_16" time="1.622">
		<error message="' soup http:in.pinterest.com/champion0221/httpse[50 chars]ram ' != ' soup #url                                     [52 chars]ram '
-  soup http:in.pinterest.com/champion0221/httpsedityahoocommforgotstagefe100srcintlusdonehtt/ sreeram 
+  soup #url                                                                                     sreeram 
" type="AssertionError">
<![CDATA[Traceback (most recent call last):
  File "C:/Users/CHRIS/PycharmProjects/Requests/Requests.py", line 197, in test_fUrlTest_16
    self.assertEqual(Actuval, expected)
AssertionError: ' soup http:in.pinterest.com/champion0221/httpse[50 chars]ram ' != ' soup #url                                     [52 chars]ram '
-  soup http:in.pinterest.com/champion0221/httpsedityahoocommforgotstagefe100srcintlusdonehtt/ sreeram 
+  soup #url                                                                                     sreeram 

]]>		</error>
	</testcase>
	<testcase classname="InequalityTest" name="test_fUrlTest_17" time="1.274">
		<error message="' it is http:www.uen.org/feeds/rss/news.xml nice ' != ' it is #url                                  nice '
-  it is http:www.uen.org/feeds/rss/news.xml nice 
+  it is #url                                  nice 
" type="AssertionError">
<![CDATA[Traceback (most recent call last):
  File "C:/Users/CHRIS/PycharmProjects/Requests/Requests.py", line 203, in test_fUrlTest_17
    self.assertEqual(Actuval, expected)
AssertionError: ' it is http:www.uen.org/feeds/rss/news.xml nice ' != ' it is #url                                  nice '
-  it is http:www.uen.org/feeds/rss/news.xml nice 
+  it is #url                                  nice 

]]>		</error>
	</testcase>
	<testcase classname="InequalityTest" name="test_fUrlTest_18" time="0.644">
		<error message="' sample http:www.tworoadssoftware.com/home letter ' != ' sample #url                                 letter '
-  sample http:www.tworoadssoftware.com/home letter 
+  sample #url                                 letter 
" type="AssertionError">
<![CDATA[Traceback (most recent call last):
  File "C:/Users/CHRIS/PycharmProjects/Requests/Requests.py", line 209, in test_fUrlTest_18
    self.assertEqual(Actuval, expected)
AssertionError: ' sample http:www.tworoadssoftware.com/home letter ' != ' sample #url                                 letter '
-  sample http:www.tworoadssoftware.com/home letter 
+  sample #url                                 letter 

]]>		</error>
	</testcase>
	<testcase classname="InequalityTest" name="test_fUrlTest_19" time="0.630">
		<error message="' sample http:www.aptech.com/products/gauss-applic[33 chars]ter ' != ' sample #url                                     [35 chars]ter '
-  sample http:www.aptech.com/products/gauss-applications/maximum-likelihood-mt/ letter 
+  sample #url                                                                     letter 
" type="AssertionError">
<![CDATA[Traceback (most recent call last):
  File "C:/Users/CHRIS/PycharmProjects/Requests/Requests.py", line 215, in test_fUrlTest_19
    self.assertEqual(Actuval, expected)
AssertionError: ' sample http:www.aptech.com/products/gauss-applic[33 chars]ter ' != ' sample #url                                     [35 chars]ter '
-  sample http:www.aptech.com/products/gauss-applications/maximum-likelihood-mt/ letter 
+  sample #url                                                                     letter 

]]>		</error>
	</testcase>
	<testcase classname="InequalityTest" name="test_fUrlTest_2" time="0.623">
		<error message="' the range is fb.com further north is a higher range ' != ' the range is #url   Further north is a higher range '
-  the range is fb.com further north is a higher range 
?               ^^^^^^^^
+  the range is #url   Further north is a higher range 
?               ^^^^^^^^
" type="AssertionError">
<![CDATA[Traceback (most recent call last):
  File "C:/Users/CHRIS/PycharmProjects/Requests/Requests.py", line 113, in test_fUrlTest_2
    self.assertEqual(Actuval, expected)
AssertionError: ' the range is fb.com further north is a higher range ' != ' the range is #url   Further north is a higher range '
-  the range is fb.com further north is a higher range 
?               ^^^^^^^^
+  the range is #url   Further north is a higher range 
?               ^^^^^^^^

]]>		</error>
	</testcase>
	<testcase classname="InequalityTest" name="test_fUrlTest_20" time="0.637">
		<error message="' sample http:www.ncbi.nlm.nih.gov/pubmed/21546353 letter ' != ' sample #url                                        letter '
-  sample http:www.ncbi.nlm.nih.gov/pubmed/21546353 letter 
+  sample #url                                        letter 
" type="AssertionError">
<![CDATA[Traceback (most recent call last):
  File "C:/Users/CHRIS/PycharmProjects/Requests/Requests.py", line 221, in test_fUrlTest_20
    self.assertEqual(Actuval, expected)
AssertionError: ' sample http:www.ncbi.nlm.nih.gov/pubmed/21546353 letter ' != ' sample #url                                        letter '
-  sample http:www.ncbi.nlm.nih.gov/pubmed/21546353 letter 
+  sample #url                                        letter 

]]>		</error>
	</testcase>
	<testcase classname="InequalityTest" name="test_fUrlTest_21" time="0.620">
		<error message="' sample http:www.statlect.com/maximum_likelihood_matlab_example.htm letter ' != ' sample #url                                                          letter '
-  sample http:www.statlect.com/maximum_likelihood_matlab_example.htm letter 
+  sample #url                                                          letter 
" type="AssertionError">
<![CDATA[Traceback (most recent call last):
  File "C:/Users/CHRIS/PycharmProjects/Requests/Requests.py", line 227, in test_fUrlTest_21
    self.assertEqual(Actuval, expected)
AssertionError: ' sample http:www.statlect.com/maximum_likelihood_matlab_example.htm letter ' != ' sample #url                                                          letter '
-  sample http:www.statlect.com/maximum_likelihood_matlab_example.htm letter 
+  sample #url                                                          letter 

]]>		</error>
	</testcase>
	<testcase classname="InequalityTest" name="test_fUrlTest_22" time="0.621">
		<error message="' may[14 chars]d to http:www.microsoft.com/ and  openoffice  [23 chars]org ' != ' may[14 chars]d to #url                      and  openoffice[27 chars]    '
-  may be transformed to http:www.microsoft.com/ and  openoffice  to http:www.openoffice.org 
+  may be transformed to #url                      and  openoffice  to #url                      
" type="AssertionError">
<![CDATA[Traceback (most recent call last):
  File "C:/Users/CHRIS/PycharmProjects/Requests/Requests.py", line 233, in test_fUrlTest_22
    self.assertEqual(Actuval, expected)
AssertionError: ' may[14 chars]d to http:www.microsoft.com/ and  openoffice  [23 chars]org ' != ' may[14 chars]d to #url                      and  openoffice[27 chars]    '
-  may be transformed to http:www.microsoft.com/ and  openoffice  to http:www.openoffice.org 
+  may be transformed to #url                      and  openoffice  to #url                      

]]>		</error>
	</testcase>
	<testcase classname="InequalityTest" name="test_fUrlTest_23" time="0.657">
		<error message="' also streamed live online at www.wemcradio.org beginning at 9:30 a.m ' != ' also streamed live online at #url              beginning at 9:30 a.m '
-  also streamed live online at www.wemcradio.org beginning at 9:30 a.m 
?                               ^^^^^^^^ ^^^^^^^^
+  also streamed live online at #url              beginning at 9:30 a.m 
?                               ^^ ^^^^^^^^^^^^^^
" type="AssertionError">
<![CDATA[Traceback (most recent call last):
  File "C:/Users/CHRIS/PycharmProjects/Requests/Requests.py", line 239, in test_fUrlTest_23
    self.assertEqual(Actuval, expected)
AssertionError: ' also streamed live online at www.wemcradio.org beginning at 9:30 a.m ' != ' also streamed live online at #url              beginning at 9:30 a.m '
-  also streamed live online at www.wemcradio.org beginning at 9:30 a.m 
?                               ^^^^^^^^ ^^^^^^^^
+  also streamed live online at #url              beginning at 9:30 a.m 
?                               ^^ ^^^^^^^^^^^^^^

]]>		</error>
	</testcase>
	<testcase classname="InequalityTest" name="test_fUrlTest_24" time="0.644">
		<error message="' ret[24 chars]from http:gameo.org/index.php?title=park_view_[56 chars]514 ' != ' ret[24 chars]from #url                                     [58 chars]    '
-  retrieved 30 october 2015  from http:gameo.org/index.php?title=park_view_mennonite_church_(harrisonburg,_virginia,_usa)&amp;oldid=117514 
+  retrieved 30 october 2015  from #url                                                                                                   
" type="AssertionError">
<![CDATA[Traceback (most recent call last):
  File "C:/Users/CHRIS/PycharmProjects/Requests/Requests.py", line 245, in test_fUrlTest_24
    self.assertEqual(Actuval, expected)
AssertionError: ' ret[24 chars]from http:gameo.org/index.php?title=park_view_[56 chars]514 ' != ' ret[24 chars]from #url                                     [58 chars]    '
-  retrieved 30 october 2015  from http:gameo.org/index.php?title=park_view_mennonite_church_(harrisonburg,_virginia,_usa)&oldid=117514 
+  retrieved 30 october 2015  from #url                                                                                                   

]]>		</error>
	</testcase>
	<testcase classname="InequalityTest" name="test_fUrlTest_25" time="0.624">
		<error message="' for[19 chars]r please visit our website http:www.jerseyshorepirates.com/ ' != ' for[19 chars]r please visit our website #url                               '
-  for more information or please visit our website http:www.jerseyshorepirates.com/ 
+  for more information or please visit our website #url                               
" type="AssertionError">
<![CDATA[Traceback (most recent call last):
  File "C:/Users/CHRIS/PycharmProjects/Requests/Requests.py", line 251, in test_fUrlTest_25
    self.assertEqual(Actuval, expected)
AssertionError: ' for[19 chars]r please visit our website http:www.jerseyshorepirates.com/ ' != ' for[19 chars]r please visit our website #url                               '
-  for more information or please visit our website http:www.jerseyshorepirates.com/ 
+  for more information or please visit our website #url                               

]]>		</error>
	</testcase>
	<testcase classname="InequalityTest" name="test_fUrlTest_26" time="0.651">
		<error message="' ple[18 chars]-809-5942 or visit our website at www.skyriverhelicopters.com ' != ' ple[18 chars]-809-5942 or visit our website at #url                        '
-  please call us at 908-809-5942 or visit our website at www.skyriverhelicopters.com 
+  please call us at 908-809-5942 or visit our website at #url                        
" type="AssertionError">
<![CDATA[Traceback (most recent call last):
  File "C:/Users/CHRIS/PycharmProjects/Requests/Requests.py", line 257, in test_fUrlTest_26
    self.assertEqual(Actuval, expected)
AssertionError: ' ple[18 chars]-809-5942 or visit our website at www.skyriverhelicopters.com ' != ' ple[18 chars]-809-5942 or visit our website at #url                        '
-  please call us at 908-809-5942 or visit our website at www.skyriverhelicopters.com 
+  please call us at 908-809-5942 or visit our website at #url                        

]]>		</error>
	</testcase>
	<testcase classname="InequalityTest" name="test_fUrlTest_3" time="0.630">
		<error message="' cultures of south #n   www.tworoadssoftware.com serious ' != ' cultures of South Asia #url                     serious '
-  cultures of south #n   www.tworoadssoftware.com serious 
+  cultures of South Asia #url                     serious 
" type="AssertionError">
<![CDATA[Traceback (most recent call last):
  File "C:/Users/CHRIS/PycharmProjects/Requests/Requests.py", line 119, in test_fUrlTest_3
    self.assertEqual(Actuval, expected)
AssertionError: ' cultures of south #n   www.tworoadssoftware.com serious ' != ' cultures of South Asia #url                     serious '
-  cultures of south #n   www.tworoadssoftware.com serious 
+  cultures of South Asia #url                     serious 

]]>		</error>
	</testcase>
	<testcase classname="InequalityTest" name="test_fUrlTest_4" time="0.617">
		<error message="' the dancer http:www.w3.org/addressing/url/uri-spec.html master ' != ' the dancer #url                                           master '
-  the dancer http:www.w3.org/addressing/url/uri-spec.html master 
+  the dancer #url                                           master 
" type="AssertionError">
<![CDATA[Traceback (most recent call last):
  File "C:/Users/CHRIS/PycharmProjects/Requests/Requests.py", line 125, in test_fUrlTest_4
    self.assertEqual(Actuval, expected)
AssertionError: ' the dancer http:www.w3.org/addressing/url/uri-spec.html master ' != ' the dancer #url                                           master '
-  the dancer http:www.w3.org/addressing/url/uri-spec.html master 
+  the dancer #url                                           master 

]]>		</error>
	</testcase>
	<testcase classname="InequalityTest" name="test_fUrlTest_5" time="0.639">
		<error message="' gmail yahoo https:www.google.com/ facebook ' != ' gmail yahoo #url                    facebook '
-  gmail yahoo https:www.google.com/ facebook 
+  gmail yahoo #url                    facebook 
" type="AssertionError">
<![CDATA[Traceback (most recent call last):
  File "C:/Users/CHRIS/PycharmProjects/Requests/Requests.py", line 131, in test_fUrlTest_5
    self.assertEqual(Actuval, expected)
AssertionError: ' gmail yahoo https:www.google.com/ facebook ' != ' gmail yahoo #url                    facebook '
-  gmail yahoo https:www.google.com/ facebook 
+  gmail yahoo #url                    facebook 

]]>		</error>
	</testcase>
	<testcase classname="InequalityTest" name="test_fUrlTest_6" time="1.256">
		<error message="' take one https:www.facebook.com/ that ' != ' take one #url                      that '
-  take one https:www.facebook.com/ that 
+  take one #url                      that 
" type="AssertionError">
<![CDATA[Traceback (most recent call last):
  File "C:/Users/CHRIS/PycharmProjects/Requests/Requests.py", line 137, in test_fUrlTest_6
    self.assertEqual(Actuval, expected)
AssertionError: ' take one https:www.facebook.com/ that ' != ' take one #url                      that '
-  take one https:www.facebook.com/ that 
+  take one #url                      that 

]]>		</error>
	</testcase>
	<testcase classname="InequalityTest" name="test_fUrlTest_7" time="0.620">
		<error message="' url is http:www.facebook.com/ sample ' != ' url is #url                     sample '
-  url is http:www.facebook.com/ sample 
+  url is #url                     sample 
" type="AssertionError">
<![CDATA[Traceback (most recent call last):
  File "C:/Users/CHRIS/PycharmProjects/Requests/Requests.py", line 143, in test_fUrlTest_7
    self.assertEqual(Actuval, expected)
AssertionError: ' url is http:www.facebook.com/ sample ' != ' url is #url                     sample '
-  url is http:www.facebook.com/ sample 
+  url is #url                     sample 

]]>		</error>
	</testcase>
	<testcase classname="InequalityTest" name="test_fUrlTest_8" time="0.621">
		<error message="' single man http:en.wikipedia.org/wiki/basic army ' != ' single man #url                               army '
-  single man http:en.wikipedia.org/wiki/basic army 
+  single man #url                               army 
" type="AssertionError">
<![CDATA[Traceback (most recent call last):
  File "C:/Users/CHRIS/PycharmProjects/Requests/Requests.py", line 149, in test_fUrlTest_8
    self.assertEqual(Actuval, expected)
AssertionError: ' single man http:en.wikipedia.org/wiki/basic army ' != ' single man #url                               army '
-  single man http:en.wikipedia.org/wiki/basic army 
+  single man #url                               army 

]]>		</error>
	</testcase>
	<testcase classname="InequalityTest" name="test_fUrlTest_9" time="0.637">
		<error message="' dear http:social.technet.microsoft.com/wiki/co[51 chars]sir ' != ' dear #url                                     [53 chars]sir '
-  dear http:social.technet.microsoft.com/wiki/contents/articles/17553.wiki-small-basic-portal.aspx sir 
+  dear #url                                                                                          sir 
" type="AssertionError">
<![CDATA[Traceback (most recent call last):
  File "C:/Users/CHRIS/PycharmProjects/Requests/Requests.py", line 155, in test_fUrlTest_9
    self.assertEqual(Actuval, expected)
AssertionError: ' dear http:social.technet.microsoft.com/wiki/co[51 chars]sir ' != ' dear #url                                     [53 chars]sir '
-  dear http:social.technet.microsoft.com/wiki/contents/articles/17553.wiki-small-basic-portal.aspx sir 
+  dear #url                                                                                          sir 

]]>		</error>
	</testcase>
	<testcase classname="InequalityTest" name="test_fpUrlTest_4" time="0.628">
		<error message="' )^3.is the capstone #   units or #   beds ' != ' )^3.is the capstone 270 units or 270 beds '
-  )^3.is the capstone #   units or #   beds 
?                      ^^^          ^^^
+  )^3.is the capstone 270 units or 270 beds 
?                      ^^^          ^^^
" type="AssertionError">
<![CDATA[Traceback (most recent call last):
  File "C:/Users/CHRIS/PycharmProjects/Requests/Requests.py", line 351, in test_fpUrlTest_4
    self.assertEqual(Actuval, expected)
AssertionError: ' )^3.is the capstone #   units or #   beds ' != ' )^3.is the capstone 270 units or 270 beds '
-  )^3.is the capstone #   units or #   beds 
?                      ^^^          ^^^
+  )^3.is the capstone 270 units or 270 beds 
?                      ^^^          ^^^

]]>		</error>
	</testcase>
	<testcase classname="InequalityTest" name="test_fpUrlTest_7" time="0.655">
		<error message="' scr[20 chars]mber #       in the world according to the #n [13 chars]nk  ' != ' scr[20 chars]mber 2766095 in the world according to the ale[13 chars]nk  '
-  scrnch.met is ranked number #       in the world according to the #n    traffic rank  
?                              ^^^^^^^                               ^^^^^
+  scrnch.met is ranked number 2766095 in the world according to the alexa traffic rank  
?                              ^^^^^^^                               ^^^^^
" type="AssertionError">
<![CDATA[Traceback (most recent call last):
  File "C:/Users/CHRIS/PycharmProjects/Requests/Requests.py", line 369, in test_fpUrlTest_7
    self.assertEqual(Actuval, expected)
AssertionError: ' scr[20 chars]mber #       in the world according to the #n [13 chars]nk  ' != ' scr[20 chars]mber 2766095 in the world according to the ale[13 chars]nk  '
-  scrnch.met is ranked number #       in the world according to the #n    traffic rank  
?                              ^^^^^^^                               ^^^^^
+  scrnch.met is ranked number 2766095 in the world according to the alexa traffic rank  
?                              ^^^^^^^                               ^^^^^

]]>		</error>
	</testcase>
	<testcase classname="InequalityTest" name="test_fpUrlTest_8" time="0.629">
		<error message="' how to jump start a car enlar.gri submitted #  months ago ' != ' how to jump start a car enlar.gri submitted 10 months ago '
-  how to jump start a car enlar.gri submitted #  months ago 
?                                              ^^
+  how to jump start a car enlar.gri submitted 10 months ago 
?                                              ^^
" type="AssertionError">
<![CDATA[Traceback (most recent call last):
  File "C:/Users/CHRIS/PycharmProjects/Requests/Requests.py", line 375, in test_fpUrlTest_8
    self.assertEqual(Actuval, expected)
AssertionError: ' how to jump start a car enlar.gri submitted #  months ago ' != ' how to jump start a car enlar.gri submitted 10 months ago '
-  how to jump start a car enlar.gri submitted #  months ago 
?                                              ^^
+  how to jump start a car enlar.gri submitted 10 months ago 
?                                              ^^

]]>		</error>
	</testcase>
	<testcase classname="InequalityTest" name="test_iUrlTest_1" time="0.001">
		<error message="name 'self' is not defined" type="NameError">
<![CDATA[Traceback (most recent call last):
  File "C:/Users/CHRIS/PycharmProjects/Requests/Requests.py", line 27, in test_iUrlTest_1
    Actuval=self.Ontobi_API(text)
NameError: name 'self' is not defined
]]>		</error>
	</testcase>
	<testcase classname="InequalityTest" name="test_iUrlTest_10" time="0.617">
		<error message="' http:abcn.ws/1nbl4gh ' != ' #url                   '
-  http:abcn.ws/1nbl4gh 
+  #url                   
" type="AssertionError">
<![CDATA[Traceback (most recent call last):
  File "C:/Users/CHRIS/PycharmProjects/Requests/Requests.py", line 82, in test_iUrlTest_10
    self.assertEqual(Actuval, expected)
AssertionError: ' http:abcn.ws/1nbl4gh ' != ' #url                   '
-  http:abcn.ws/1nbl4gh 
+  #url                   

]]>		</error>
	</testcase>
	<testcase classname="InequalityTest" name="test_iUrlTest_11" time="0.629">
		<error message="' http:kk.org/cooltools/hello-usa/ ' != ' #url                               '
-  http:kk.org/cooltools/hello-usa/ 
+  #url                               
" type="AssertionError">
<![CDATA[Traceback (most recent call last):
  File "C:/Users/CHRIS/PycharmProjects/Requests/Requests.py", line 88, in test_iUrlTest_11
    self.assertEqual(Actuval, expected)
AssertionError: ' http:kk.org/cooltools/hello-usa/ ' != ' #url                               '
-  http:kk.org/cooltools/hello-usa/ 
+  #url                               

]]>		</error>
	</testcase>
	<testcase classname="InequalityTest" name="test_iUrlTest_12" time="0.607">
		<error message="' http:www.whois.us/whois-gui/ ' != ' #url                           '
-  http:www.whois.us/whois-gui/ 
+  #url                           
" type="AssertionError">
<![CDATA[Traceback (most recent call last):
  File "C:/Users/CHRIS/PycharmProjects/Requests/Requests.py", line 94, in test_iUrlTest_12
    self.assertEqual(Actuval, expected)
AssertionError: ' http:www.whois.us/whois-gui/ ' != ' #url                           '
-  http:www.whois.us/whois-gui/ 
+  #url                           

]]>		</error>
	</testcase>
	<testcase classname="InequalityTest" name="test_iUrlTest_13" time="0.643">
		<error message="' http:finance.yahoo.com/q?s=ko ' != ' #url                            '
-  http:finance.yahoo.com/q?s=ko 
+  #url                            
" type="AssertionError">
<![CDATA[Traceback (most recent call last):
  File "C:/Users/CHRIS/PycharmProjects/Requests/Requests.py", line 100, in test_iUrlTest_13
    self.assertEqual(Actuval, expected)
AssertionError: ' http:finance.yahoo.com/q?s=ko ' != ' #url                            '
-  http:finance.yahoo.com/q?s=ko 
+  #url                            

]]>		</error>
	</testcase>
	<testcase classname="InequalityTest" name="test_iUrlTest_2" time="0.638">
		<error message="' google.edu ' != ' #url       '
-  google.edu 
+  #url       
" type="AssertionError">
<![CDATA[Traceback (most recent call last):
  File "C:/Users/CHRIS/PycharmProjects/Requests/Requests.py", line 34, in test_iUrlTest_2
    self.assertEqual(Actuval, expected)
AssertionError: ' google.edu ' != ' #url       '
-  google.edu 
+  #url       

]]>		</error>
	</testcase>
	<testcase classname="InequalityTest" name="test_iUrlTest_3" time="0.615">
		<error message="' jobs.cc ' != ' #url    '
-  jobs.cc 
+  #url    
" type="AssertionError">
<![CDATA[Traceback (most recent call last):
  File "C:/Users/CHRIS/PycharmProjects/Requests/Requests.py", line 40, in test_iUrlTest_3
    self.assertEqual(Actuval, expected)
AssertionError: ' jobs.cc ' != ' #url    '
-  jobs.cc 
+  #url    

]]>		</error>
	</testcase>
	<testcase classname="InequalityTest" name="test_iUrlTest_4" time="0.644">
		<error message="' http:en.wikipedia.org/wiki/list_of_internet_top-level_domains ' != ' #url                                                            '
-  http:en.wikipedia.org/wiki/list_of_internet_top-level_domains 
+  #url                                                            
" type="AssertionError">
<![CDATA[Traceback (most recent call last):
  File "C:/Users/CHRIS/PycharmProjects/Requests/Requests.py", line 46, in test_iUrlTest_4
    self.assertEqual(Actuval, expected)
AssertionError: ' http:en.wikipedia.org/wiki/list_of_internet_top-level_domains ' != ' #url                                                            '
-  http:en.wikipedia.org/wiki/list_of_internet_top-level_domains 
+  #url                                                            

]]>		</error>
	</testcase>
	<testcase classname="InequalityTest" name="test_iUrlTest_5" time="0.649">
		<error message="' blogspot.com ' != ' #url         '
-  blogspot.com 
+  #url         
" type="AssertionError">
<![CDATA[Traceback (most recent call last):
  File "C:/Users/CHRIS/PycharmProjects/Requests/Requests.py", line 52, in test_iUrlTest_5
    self.assertEqual(Actuval, expected)
AssertionError: ' blogspot.com ' != ' #url         '
-  blogspot.com 
+  #url         

]]>		</error>
	</testcase>
	<testcase classname="InequalityTest" name="test_iUrlTest_6" time="0.626">
		<error message="' google.edu ' != ' #url       '
-  google.edu 
+  #url       
" type="AssertionError">
<![CDATA[Traceback (most recent call last):
  File "C:/Users/CHRIS/PycharmProjects/Requests/Requests.py", line 58, in test_iUrlTest_6
    self.assertEqual(Actuval, expected)
AssertionError: ' google.edu ' != ' #url       '
-  google.edu 
+  #url       

]]>		</error>
	</testcase>
	<testcase classname="InequalityTest" name="test_iUrlTest_7" time="0.614">
		<error message="' http:en.wikipedia.org/wiki/list ' != ' #url                              '
-  http:en.wikipedia.org/wiki/list 
+  #url                              
" type="AssertionError">
<![CDATA[Traceback (most recent call last):
  File "C:/Users/CHRIS/PycharmProjects/Requests/Requests.py", line 64, in test_iUrlTest_7
    self.assertEqual(Actuval, expected)
AssertionError: ' http:en.wikipedia.org/wiki/list ' != ' #url                              '
-  http:en.wikipedia.org/wiki/list 
+  #url                              

]]>		</error>
	</testcase>
	<testcase classname="InequalityTest" name="test_iUrlTest_8" time="0.607">
		<error message="' http:www.itl.nist.gov/div898/handbook/apr/section4/apr412.htm ' != ' #url                                                            '
-  http:www.itl.nist.gov/div898/handbook/apr/section4/apr412.htm 
+  #url                                                            
" type="AssertionError">
<![CDATA[Traceback (most recent call last):
  File "C:/Users/CHRIS/PycharmProjects/Requests/Requests.py", line 70, in test_iUrlTest_8
    self.assertEqual(Actuval, expected)
AssertionError: ' http:www.itl.nist.gov/div898/handbook/apr/section4/apr412.htm ' != ' #url                                                            '
-  http:www.itl.nist.gov/div898/handbook/apr/section4/apr412.htm 
+  #url                                                            

]]>		</error>
	</testcase>
	<testcase classname="InequalityTest" name="test_iUrlTest_9" time="0.643">
		<error message="' http:projecteuclid.org/euclid.ss/1030037906 ' != ' #url                                          '
-  http:projecteuclid.org/euclid.ss/1030037906 
+  #url                                          
" type="AssertionError">
<![CDATA[Traceback (most recent call last):
  File "C:/Users/CHRIS/PycharmProjects/Requests/Requests.py", line 76, in test_iUrlTest_9
    self.assertEqual(Actuval, expected)
AssertionError: ' http:projecteuclid.org/euclid.ss/1030037906 ' != ' #url                                          '
-  http:projecteuclid.org/euclid.ss/1030037906 
+  #url                                          

]]>		</error>
	</testcase>
	<testcase classname="InequalityTest" name="test_mcUrlTest_1" time="0.637">
		<error message="' by checking the special events calendar at  www.thejerseycape.com   ' != ' by checking the special events calendar at  #url                    '
-  by checking the special events calendar at  www.thejerseycape.com   
+  by checking the special events calendar at  #url                    
" type="AssertionError">
<![CDATA[Traceback (most recent call last):
  File "C:/Users/CHRIS/PycharmProjects/Requests/Requests.py", line 314, in test_mcUrlTest_1
    self.assertEqual(Actuval, expected)
AssertionError: ' by checking the special events calendar at  www.thejerseycape.com   ' != ' by checking the special events calendar at  #url                    '
-  by checking the special events calendar at  www.thejerseycape.com   
+  by checking the special events calendar at  #url                    

]]>		</error>
	</testcase>
	<testcase classname="InequalityTest" name="test_mcUrlTest_2" time="0.641">
		<error message="' thi[23 chars]st 29 to september 2 at the parsippany hilton   leadeast.net  ' != ' thi[23 chars]st 29 to september 2 at the parsippany hilton   #url          '
-  this years event runs august 29 to september 2 at the parsippany hilton   leadeast.net  
?                                                                             ^^^^^^^^^^^
+  this years event runs august 29 to september 2 at the parsippany hilton   #url          
?                                                                            +++ ^^^^^^^^
" type="AssertionError">
<![CDATA[Traceback (most recent call last):
  File "C:/Users/CHRIS/PycharmProjects/Requests/Requests.py", line 320, in test_mcUrlTest_2
    self.assertEqual(Actuval, expected)
AssertionError: ' thi[23 chars]st 29 to september 2 at the parsippany hilton   leadeast.net  ' != ' thi[23 chars]st 29 to september 2 at the parsippany hilton   #url          '
-  this years event runs august 29 to september 2 at the parsippany hilton   leadeast.net  
?                                                                             ^^^^^^^^^^^
+  this years event runs august 29 to september 2 at the parsippany hilton   #url          
?                                                                            +++ ^^^^^^^^

]]>		</error>
	</testcase>
	<testcase classname="InequalityTest" name="test_mcUrlTest_3" time="0.634">
		<error message="' the website for phototrek tours is  www.phototrektours.com  ' != ' the website for phototrek tours is  #url                    '
-  the website for phototrek tours is  www.phototrektours.com  
+  the website for phototrek tours is  #url                    
" type="AssertionError">
<![CDATA[Traceback (most recent call last):
  File "C:/Users/CHRIS/PycharmProjects/Requests/Requests.py", line 326, in test_mcUrlTest_3
    self.assertEqual(Actuval, expected)
AssertionError: ' the website for phototrek tours is  www.phototrektours.com  ' != ' the website for phototrek tours is  #url                    '
-  the website for phototrek tours is  www.phototrektours.com  
+  the website for phototrek tours is  #url                    

]]>		</error>
	</testcase>
	<testcase classname="InequalityTest" name="test_nlUrlTest_1" time="0.632">
		<error message="' at www.manukahoneyusa.com  you can sign up t[35 chars]er  ' != ' at #url                    you can sign up t[35 chars]er  '
-  at www.manukahoneyusa.com  you can sign up to receive our free monthly newsletter  
?     ^^^^^^^ ^^^^^^^^^^^^^^
+  at #url                    you can sign up to receive our free monthly newsletter  
?     ^ ^^^^^^^^^^^^^^^^^^^^
" type="AssertionError">
<![CDATA[Traceback (most recent call last):
  File "C:/Users/CHRIS/PycharmProjects/Requests/Requests.py", line 382, in test_nlUrlTest_1
    self.assertEqual(Actuval, expected)
AssertionError: ' at www.manukahoneyusa.com  you can sign up t[35 chars]er  ' != ' at #url                    you can sign up t[35 chars]er  '
-  at www.manukahoneyusa.com  you can sign up to receive our free monthly newsletter  
?     ^^^^^^^ ^^^^^^^^^^^^^^
+  at #url                    you can sign up to receive our free monthly newsletter  
?     ^ ^^^^^^^^^^^^^^^^^^^^

]]>		</error>
	</testcase>
	<testcase classname="InequalityTest" name="test_pUrlTest_1" time="0.631">
		<error message="' for[22 chars] contact the local chamber of commerce at visitlbiregion.com  ' != ' for[22 chars] contact the local chamber of commerce at #url                '
-  for specific information  contact the local chamber of commerce at visitlbiregion.com  
?                                                                     ^^^^^ ^^^^^^^^^^^^
+  for specific information  contact the local chamber of commerce at #url                
?                                                                     ^^^ ^^^^^^^^^^^^^^
" type="AssertionError">
<![CDATA[Traceback (most recent call last):
  File "C:/Users/CHRIS/PycharmProjects/Requests/Requests.py", line 295, in test_pUrlTest_1
    self.assertEqual(Actuval, expected)
AssertionError: ' for[22 chars] contact the local chamber of commerce at visitlbiregion.com  ' != ' for[22 chars] contact the local chamber of commerce at #url                '
-  for specific information  contact the local chamber of commerce at visitlbiregion.com  
?                                                                     ^^^^^ ^^^^^^^^^^^^
+  for specific information  contact the local chamber of commerce at #url                
?                                                                     ^^^ ^^^^^^^^^^^^^^

]]>		</error>
	</testcase>
	<testcase classname="InequalityTest" name="test_pUrlTest_2" time="0.630">
		<error message="' tickets go on sale sept  #  at noon  nycballet.com    #n               ' != ' tickets go on sale sept  20 at noon  #url              meredith deliso  '
-  tickets go on sale sept  #  at noon  nycballet.com    #n               
+  tickets go on sale sept  20 at noon  #url              meredith deliso  
" type="AssertionError">
<![CDATA[Traceback (most recent call last):
  File "C:/Users/CHRIS/PycharmProjects/Requests/Requests.py", line 301, in test_pUrlTest_2
    self.assertEqual(Actuval, expected)
AssertionError: ' tickets go on sale sept  #  at noon  nycballet.com    #n               ' != ' tickets go on sale sept  20 at noon  #url              meredith deliso  '
-  tickets go on sale sept  #  at noon  nycballet.com    #n               
+  tickets go on sale sept  20 at noon  #url              meredith deliso  

]]>		</error>
	</testcase>
	<testcase classname="InequalityTest" name="test_pUrlTest_3" time="0.617">
		<error message="' free tickets at  https:gma.yahoo.com/good-morning-america-[41 chars]ml  ' != ' free tickets at  #url                                     [43 chars]    '
-  free tickets at  https:gma.yahoo.com/good-morning-america-s-2015-summer-concert-series-164044098.html  
+  free tickets at  #url                                                                                    
" type="AssertionError">
<![CDATA[Traceback (most recent call last):
  File "C:/Users/CHRIS/PycharmProjects/Requests/Requests.py", line 307, in test_pUrlTest_3
    self.assertEqual(Actuval, expected)
AssertionError: ' free tickets at  https:gma.yahoo.com/good-morning-america-[41 chars]ml  ' != ' free tickets at  #url                                     [43 chars]    '
-  free tickets at  https:gma.yahoo.com/good-morning-america-s-2015-summer-concert-series-164044098.html  
+  free tickets at  #url                                                                                    

]]>		</error>
	</testcase>
	<system-out>
<![CDATA[]]>	</system-out>
	<system-err>
<![CDATA[]]>	</system-err>
</testsuite>
