<?xml version="1.0" ?>
<testsuite errors="25" failures="0" name="InequalityTest-20160321120817" tests="30" time="21.493">
	<testcase classname="InequalityTest" name="test_fDecimalTest_4" time="0.569"/>
	<testcase classname="InequalityTest" name="test_fpDecimalTest_1" time="4.247"/>
	<testcase classname="InequalityTest" name="test_fpDecimalTest_2" time="0.571"/>
	<testcase classname="InequalityTest" name="test_fpDecimalTest_3" time="0.600"/>
	<testcase classname="InequalityTest" name="test_pDecimalTest_3" time="0.583"/>
	<testcase classname="InequalityTest" name="test_csDecimalTest_1" time="0.612">
		<error message="' the area value 0.012345679012 m2  square meter  in words[87 chars]r   ' != ' the area value #c             m2  square meter  in words[87 chars]r   '
-  the area value 0.012345679012 m2  square meter  in words is zero point zero one two three four five six seven nine zero one two m2  square meter   
?                 ^^^^^^^^^^^^^^
+  the area value #c             m2  square meter  in words is zero point zero one two three four five six seven nine zero one two m2  square meter   
?                 ^^^^^^^^^^^^^^
" type="AssertionError">
<![CDATA[Traceback (most recent call last):
  File "C:/Users/CHRIS/PycharmProjects/Requests/Requests.py", line 130, in test_csDecimalTest_1
    self.assertEqual(Actuval, expected)
AssertionError: ' the area value 0.012345679012 m2  square meter  in words[87 chars]r   ' != ' the area value #c             m2  square meter  in words[87 chars]r   '
-  the area value 0.012345679012 m2  square meter  in words is zero point zero one two three four five six seven nine zero one two m2  square meter   
?                 ^^^^^^^^^^^^^^
+  the area value #c             m2  square meter  in words is zero point zero one two three four five six seven nine zero one two m2  square meter   
?                 ^^^^^^^^^^^^^^

]]>		</error>
	</testcase>
	<testcase classname="InequalityTest" name="test_csDecimalTest_2" time="0.602">
		<error message="'a   [22 chars]ngth 0.00900 grams/cm  the speed of transverse[26 chars]m/s ' != 'a   [22 chars]ngth #c      grams/cm  the speed of transverse[26 chars]m/s '
- a     has mass per unit length 0.00900 grams/cm  the speed of transverse waves on the     is 40.0 m/s 
?                                ^^^^^^^                                                       ^^^^
+ a     has mass per unit length #c      grams/cm  the speed of transverse waves on the     is #c   m/s 
?                                ^^^^^^^                                                       ^^^^
" type="AssertionError">
<![CDATA[Traceback (most recent call last):
  File "C:/Users/CHRIS/PycharmProjects/Requests/Requests.py", line 136, in test_csDecimalTest_2
    self.assertEqual(Actuval, expected)
AssertionError: 'a   [22 chars]ngth 0.00900 grams/cm  the speed of transverse[26 chars]m/s ' != 'a   [22 chars]ngth #c      grams/cm  the speed of transverse[26 chars]m/s '
- a     has mass per unit length 0.00900 grams/cm  the speed of transverse waves on the     is 40.0 m/s 
?                                ^^^^^^^                                                       ^^^^
+ a     has mass per unit length #c      grams/cm  the speed of transverse waves on the     is #c   m/s 
?                                ^^^^^^^                                                       ^^^^

]]>		</error>
	</testcase>
	<testcase classname="InequalityTest" name="test_csDecimalTest_3" time="0.591">
		<error message="'the length value 0.027027 in  inch  in words is minus zero[43 chars]ch  ' != 'the length value #c       in  inch  in words is minus zero[43 chars]ch  '
- the length value 0.027027 in  inch  in words is minus zero point zero two seven zero two seven in  inch  
?                  ^^^^^^^^
+ the length value #c       in  inch  in words is minus zero point zero two seven zero two seven in  inch  
?                  ^^^^^^^^
" type="AssertionError">
<![CDATA[Traceback (most recent call last):
  File "C:/Users/CHRIS/PycharmProjects/Requests/Requests.py", line 142, in test_csDecimalTest_3
    self.assertEqual(Actuval, expected)
AssertionError: 'the length value 0.027027 in  inch  in words is minus zero[43 chars]ch  ' != 'the length value #c       in  inch  in words is minus zero[43 chars]ch  '
- the length value 0.027027 in  inch  in words is minus zero point zero two seven zero two seven in  inch  
?                  ^^^^^^^^
+ the length value #c       in  inch  in words is minus zero point zero two seven zero two seven in  inch  
?                  ^^^^^^^^

]]>		</error>
	</testcase>
	<testcase classname="InequalityTest" name="test_csDecimalTest_4" time="0.615">
		<error message="'0.2 is a fragrance that replicates the se[49 chars]orn ' != '#c  is a fragrance that replicates the se[49 chars]orn '
- 0.2 is a fragrance that replicates the sensation of love at first sight every time it is worn 
? ^^^
+ #c  is a fragrance that replicates the sensation of love at first sight every time it is worn 
? ^^^
" type="AssertionError">
<![CDATA[Traceback (most recent call last):
  File "C:/Users/CHRIS/PycharmProjects/Requests/Requests.py", line 148, in test_csDecimalTest_4
    self.assertEqual(Actuval, expected)
AssertionError: '0.2 is a fragrance that replicates the se[49 chars]orn ' != '#c  is a fragrance that replicates the se[49 chars]orn '
- 0.2 is a fragrance that replicates the sensation of love at first sight every time it is worn 
? ^^^
+ #c  is a fragrance that replicates the sensation of love at first sight every time it is worn 
? ^^^

]]>		</error>
	</testcase>
	<testcase classname="InequalityTest" name="test_csDecimalTest_5" time="0.604">
		<error message="' rangz racing bmw s-1000rr runs 8.987   16 1.3 mph straight off the trailer  ' != ' rangz racing bmw s-1000rr runs #c      16 #c  mph straight off the trailer  '
-  rangz racing bmw s-1000rr runs 8.987   16 1.3 mph straight off the trailer  
?                                 ^^^^^      ^^^
+  rangz racing bmw s-1000rr runs #c      16 #c  mph straight off the trailer  
?                                 ^^^^^      ^^^
" type="AssertionError">
<![CDATA[Traceback (most recent call last):
  File "C:/Users/CHRIS/PycharmProjects/Requests/Requests.py", line 154, in test_csDecimalTest_5
    self.assertEqual(Actuval, expected)
AssertionError: ' rangz racing bmw s-1000rr runs 8.987   16 1.3 mph straight off the trailer  ' != ' rangz racing bmw s-1000rr runs #c      16 #c  mph straight off the trailer  '
-  rangz racing bmw s-1000rr runs 8.987   16 1.3 mph straight off the trailer  
?                                 ^^^^^      ^^^
+  rangz racing bmw s-1000rr runs #c      16 #c  mph straight off the trailer  
?                                 ^^^^^      ^^^

]]>		</error>
	</testcase>
	<testcase classname="InequalityTest" name="test_csDecimalTest_6" time="0.594">
		<error message="' und[17 chars]tion 1198.5 employees have the right to inspec[47 chars]rds ' != ' und[17 chars]tion #c     employees have the right to inspec[47 chars]rds '
-  under labor code section 1198.5 employees have the right to inspect or receive copies of personnel files and records 
?                           ^^^^^^
+  under labor code section #c     employees have the right to inspect or receive copies of personnel files and records 
?                           ^^^^^^
" type="AssertionError">
<![CDATA[Traceback (most recent call last):
  File "C:/Users/CHRIS/PycharmProjects/Requests/Requests.py", line 160, in test_csDecimalTest_6
    self.assertEqual(Actuval, expected)
AssertionError: ' und[17 chars]tion 1198.5 employees have the right to inspec[47 chars]rds ' != ' und[17 chars]tion #c     employees have the right to inspec[47 chars]rds '
-  under labor code section 1198.5 employees have the right to inspect or receive copies of personnel files and records 
?                           ^^^^^^
+  under labor code section #c     employees have the right to inspect or receive copies of personnel files and records 
?                           ^^^^^^

]]>		</error>
	</testcase>
	<testcase classname="InequalityTest" name="test_fDecimalTest_1" time="0.594">
		<error message="'listen to fm kahoku 78.7 internet radio online for free' != 'listen to fm kahoku #c   internet radio online for free'
- listen to fm kahoku 78.7 internet radio online for free
?                     ^^^^
+ listen to fm kahoku #c   internet radio online for free
?                     ^^^^
" type="AssertionError">
<![CDATA[Traceback (most recent call last):
  File "C:/Users/CHRIS/PycharmProjects/Requests/Requests.py", line 93, in test_fDecimalTest_1
    self.assertEqual(Actuval, expected)
AssertionError: 'listen to fm kahoku 78.7 internet radio online for free' != 'listen to fm kahoku #c   internet radio online for free'
- listen to fm kahoku 78.7 internet radio online for free
?                     ^^^^
+ listen to fm kahoku #c   internet radio online for free
?                     ^^^^

]]>		</error>
	</testcase>
	<testcase classname="InequalityTest" name="test_fDecimalTest_2" time="0.593">
		<error message="'icd9cm code 987.9 for toxic effect of unspecified gas' != 'icd9cm code #c    for toxic effect of unspecified gas'
- icd9cm code 987.9 for toxic effect of unspecified gas
?             ^^^^^
+ icd9cm code #c    for toxic effect of unspecified gas
?             ^^^^^
" type="AssertionError">
<![CDATA[Traceback (most recent call last):
  File "C:/Users/CHRIS/PycharmProjects/Requests/Requests.py", line 99, in test_fDecimalTest_2
    self.assertEqual(Actuval, expected)
AssertionError: 'icd9cm code 987.9 for toxic effect of unspecified gas' != 'icd9cm code #c    for toxic effect of unspecified gas'
- icd9cm code 987.9 for toxic effect of unspecified gas
?             ^^^^^
+ icd9cm code #c    for toxic effect of unspecified gas
?             ^^^^^

]]>		</error>
	</testcase>
	<testcase classname="InequalityTest" name="test_fDecimalTest_3" time="0.592">
		<error message="'looking for a workable way to get g7towin 0.201 off your system ' != 'looking for a workable way to get g7towin #c    off your system '
- looking for a workable way to get g7towin 0.201 off your system 
?                                           ^^^^^
+ looking for a workable way to get g7towin #c    off your system 
?                                           ^^^^^
" type="AssertionError">
<![CDATA[Traceback (most recent call last):
  File "C:/Users/CHRIS/PycharmProjects/Requests/Requests.py", line 105, in test_fDecimalTest_3
    self.assertEqual(Actuval, expected)
AssertionError: 'looking for a workable way to get g7towin 0.201 off your system ' != 'looking for a workable way to get g7towin #c    off your system '
- looking for a workable way to get g7towin 0.201 off your system 
?                                           ^^^^^
+ looking for a workable way to get g7towin #c    off your system 
?                                           ^^^^^

]]>		</error>
	</testcase>
	<testcase classname="InequalityTest" name="test_fDecimalTest_5" time="0.605">
		<error message="'section 145.35 providing disability coverage for on-duty illness or injury' != 'section #c     providing disability coverage for on-duty illness or injury'
- section 145.35 providing disability coverage for on-duty illness or injury
?         ^^^^^^
+ section #c     providing disability coverage for on-duty illness or injury
?         ^^^^^^
" type="AssertionError">
<![CDATA[Traceback (most recent call last):
  File "C:/Users/CHRIS/PycharmProjects/Requests/Requests.py", line 117, in test_fDecimalTest_5
    self.assertEqual(Actuval, expected)
AssertionError: 'section 145.35 providing disability coverage for on-duty illness or injury' != 'section #c     providing disability coverage for on-duty illness or injury'
- section 145.35 providing disability coverage for on-duty illness or injury
?         ^^^^^^
+ section #c     providing disability coverage for on-duty illness or injury
?         ^^^^^^

]]>		</error>
	</testcase>
	<testcase classname="InequalityTest" name="test_fDecimalTest_6" time="0.587">
		<error message="'stay current with financial conversion of 1289.43 aud to gbp' != 'stay current with financial conversion of #c      aud to gbp'
- stay current with financial conversion of 1289.43 aud to gbp
?                                           ^^^^^^^
+ stay current with financial conversion of #c      aud to gbp
?                                           ^^^^^^^
" type="AssertionError">
<![CDATA[Traceback (most recent call last):
  File "C:/Users/CHRIS/PycharmProjects/Requests/Requests.py", line 123, in test_fDecimalTest_6
    self.assertEqual(Actuval, expected)
AssertionError: 'stay current with financial conversion of 1289.43 aud to gbp' != 'stay current with financial conversion of #c      aud to gbp'
- stay current with financial conversion of 1289.43 aud to gbp
?                                           ^^^^^^^
+ stay current with financial conversion of #c      aud to gbp
?                                           ^^^^^^^

]]>		</error>
	</testcase>
	<testcase classname="InequalityTest" name="test_iDecimalTest_1" time="0.564">
		<error message="' 1.234567890 ' != ' #c          '
-  1.234567890 
+  #c          
" type="AssertionError">
<![CDATA[Traceback (most recent call last):
  File "C:/Users/CHRIS/PycharmProjects/Requests/Requests.py", line 24, in test_iDecimalTest_1
    self.assertEqual(Actuval, expected)
AssertionError: ' 1.234567890 ' != ' #c          '
-  1.234567890 
+  #c          

]]>		</error>
	</testcase>
	<testcase classname="InequalityTest" name="test_iDecimalTest_2" time="0.538">
		<error message="' 955.1 ' != ' #c    '
-  955.1 
+  #c    
" type="AssertionError">
<![CDATA[Traceback (most recent call last):
  File "C:/Users/CHRIS/PycharmProjects/Requests/Requests.py", line 30, in test_iDecimalTest_2
    self.assertEqual(Actuval, expected)
AssertionError: ' 955.1 ' != ' #c    '
-  955.1 
+  #c    

]]>		</error>
	</testcase>
	<testcase classname="InequalityTest" name="test_iDecimalTest_3" time="0.562">
		<error message="' 9.0 ' != ' #c  '
-  9.0 
+  #c  
" type="AssertionError">
<![CDATA[Traceback (most recent call last):
  File "C:/Users/CHRIS/PycharmProjects/Requests/Requests.py", line 36, in test_iDecimalTest_3
    self.assertEqual(Actuval, expected)
AssertionError: ' 9.0 ' != ' #c  '
-  9.0 
+  #c  

]]>		</error>
	</testcase>
	<testcase classname="InequalityTest" name="test_iDecimalTest_4" time="0.613">
		<error message="' 2345345345.0 ' != ' #c           '
-  2345345345.0 
+  #c           
" type="AssertionError">
<![CDATA[Traceback (most recent call last):
  File "C:/Users/CHRIS/PycharmProjects/Requests/Requests.py", line 42, in test_iDecimalTest_4
    self.assertEqual(Actuval, expected)
AssertionError: ' 2345345345.0 ' != ' #c           '
-  2345345345.0 
+  #c           

]]>		</error>
	</testcase>
	<testcase classname="InequalityTest" name="test_iDecimalTest_5" time="0.570">
		<error message="' 0.00000000001990 ' != ' #c               '
-  0.00000000001990 
+  #c               
" type="AssertionError">
<![CDATA[Traceback (most recent call last):
  File "C:/Users/CHRIS/PycharmProjects/Requests/Requests.py", line 48, in test_iDecimalTest_5
    self.assertEqual(Actuval, expected)
AssertionError: ' 0.00000000001990 ' != ' #c               '
-  0.00000000001990 
+  #c               

]]>		</error>
	</testcase>
	<testcase classname="InequalityTest" name="test_iDecimalTest_6" time="0.571">
		<error message="' .234567890 ' != ' #c         '
-  .234567890 
+  #c         
" type="AssertionError">
<![CDATA[Traceback (most recent call last):
  File "C:/Users/CHRIS/PycharmProjects/Requests/Requests.py", line 54, in test_iDecimalTest_6
    self.assertEqual(Actuval, expected)
AssertionError: ' .234567890 ' != ' #c         '
-  .234567890 
+  #c         

]]>		</error>
	</testcase>
	<testcase classname="InequalityTest" name="test_mcDecimalTest_1" time="0.586">
		<error message="'  1.234567890  ' != '  #c           '
-   1.234567890  
+   #c           
" type="AssertionError">
<![CDATA[Traceback (most recent call last):
  File "C:/Users/CHRIS/PycharmProjects/Requests/Requests.py", line 61, in test_mcDecimalTest_1
    self.assertEqual(Actuval, expected)
AssertionError: '  1.234567890  ' != '  #c           '
-   1.234567890  
+   #c           

]]>		</error>
	</testcase>
	<testcase classname="InequalityTest" name="test_mcDecimalTest_2" time="0.598">
		<error message="'  955.1  ' != '  #c     '
-   955.1  
+   #c     
" type="AssertionError">
<![CDATA[Traceback (most recent call last):
  File "C:/Users/CHRIS/PycharmProjects/Requests/Requests.py", line 67, in test_mcDecimalTest_2
    self.assertEqual(Actuval, expected)
AssertionError: '  955.1  ' != '  #c     '
-   955.1  
+   #c     

]]>		</error>
	</testcase>
	<testcase classname="InequalityTest" name="test_mcDecimalTest_3" time="0.571">
		<error message="'  9.0  ' != '  #c   '
-   9.0  
+   #c   
" type="AssertionError">
<![CDATA[Traceback (most recent call last):
  File "C:/Users/CHRIS/PycharmProjects/Requests/Requests.py", line 73, in test_mcDecimalTest_3
    self.assertEqual(Actuval, expected)
AssertionError: '  9.0  ' != '  #c   '
-   9.0  
+   #c   

]]>		</error>
	</testcase>
	<testcase classname="InequalityTest" name="test_mcDecimalTest_4" time="0.752">
		<error message="'  2345345345.0  ' != '  #c            '
-   2345345345.0  
+   #c            
" type="AssertionError">
<![CDATA[Traceback (most recent call last):
  File "C:/Users/CHRIS/PycharmProjects/Requests/Requests.py", line 79, in test_mcDecimalTest_4
    self.assertEqual(Actuval, expected)
AssertionError: '  2345345345.0  ' != '  #c            '
-   2345345345.0  
+   #c            

]]>		</error>
	</testcase>
	<testcase classname="InequalityTest" name="test_mcDecimalTest_5" time="0.593">
		<error message="'  0.00000000001990  ' != '  #c                '
-   0.00000000001990  
+   #c                
" type="AssertionError">
<![CDATA[Traceback (most recent call last):
  File "C:/Users/CHRIS/PycharmProjects/Requests/Requests.py", line 85, in test_mcDecimalTest_5
    self.assertEqual(Actuval, expected)
AssertionError: '  0.00000000001990  ' != '  #c                '
-   0.00000000001990  
+   #c                

]]>		</error>
	</testcase>
	<testcase classname="InequalityTest" name="test_nlDecimalTest_1" time="0.618">
		<error message="'cas fluoroscopy  00.33 is a billable procedure code ' != 'cas fluoroscopy  #c    is a billable procedure code '
- cas fluoroscopy  00.33 is a billable procedure code 
?                  ^^^^^
+ cas fluoroscopy  #c    is a billable procedure code 
?                  ^^^^^
" type="AssertionError">
<![CDATA[Traceback (most recent call last):
  File "C:/Users/CHRIS/PycharmProjects/Requests/Requests.py", line 208, in test_nlDecimalTest_1
    self.assertEqual(Actuval, expected)
AssertionError: 'cas fluoroscopy  00.33 is a billable procedure code ' != 'cas fluoroscopy  #c    is a billable procedure code '
- cas fluoroscopy  00.33 is a billable procedure code 
?                  ^^^^^
+ cas fluoroscopy  #c    is a billable procedure code 
?                  ^^^^^

]]>		</error>
	</testcase>
	<testcase classname="InequalityTest" name="test_pDecimalTest_1" time="0.603">
		<error message="'the pulse radio 87.9  listen live plus station schedule  [51 chars]ine ' != 'the pulse radio #c    listen live plus station schedule  [51 chars]ine '
- the pulse radio 87.9  listen live plus station schedule  song playlist  location and contact information online 
?                 ^^^^
+ the pulse radio #c    listen live plus station schedule  song playlist  location and contact information online 
?                 ^^^^
" type="AssertionError">
<![CDATA[Traceback (most recent call last):
  File "C:/Users/CHRIS/PycharmProjects/Requests/Requests.py", line 168, in test_pDecimalTest_1
    self.assertEqual(Actuval, expected)
AssertionError: 'the pulse radio 87.9  listen live plus station schedule  [51 chars]ine ' != 'the pulse radio #c    listen live plus station schedule  [51 chars]ine '
- the pulse radio 87.9  listen live plus station schedule  song playlist  location and contact information online 
?                 ^^^^
+ the pulse radio #c    listen live plus station schedule  song playlist  location and contact information online 
?                 ^^^^

]]>		</error>
	</testcase>
	<testcase classname="InequalityTest" name="test_pDecimalTest_2" time="0.594">
		<error message="'reply to 876.567  its on continuous loop on nick o[43 chars]side' != 'reply to #c       its on continuous loop on nick o[43 chars]side'
- reply to 876.567  its on continuous loop on nick over here if theyre doing similar over your side
?          ^^^^^^^
+ reply to #c       its on continuous loop on nick over here if theyre doing similar over your side
?          ^^^^^^^
" type="AssertionError">
<![CDATA[Traceback (most recent call last):
  File "C:/Users/CHRIS/PycharmProjects/Requests/Requests.py", line 174, in test_pDecimalTest_2
    self.assertEqual(Actuval, expected)
AssertionError: 'reply to 876.567  its on continuous loop on nick o[43 chars]side' != 'reply to #c       its on continuous loop on nick o[43 chars]side'
- reply to 876.567  its on continuous loop on nick over here if theyre doing similar over your side
?          ^^^^^^^
+ reply to #c       its on continuous loop on nick over here if theyre doing similar over your side
?          ^^^^^^^

]]>		</error>
	</testcase>
	<system-out>
<![CDATA[]]>	</system-out>
	<system-err>
<![CDATA[]]>	</system-err>
</testsuite>
