<?xml version="1.0" ?>
<testsuite errors="39" failures="0" name="InequalityTest-20160315174314" tests="46" time="36.605">
	<testcase classname="InequalityTest" name="test_fpMeasurementTest_1" time="0.874"/>
	<testcase classname="InequalityTest" name="test_fpMeasurementTest_10" time="0.637"/>
	<testcase classname="InequalityTest" name="test_fpMeasurementTest_12" time="0.557"/>
	<testcase classname="InequalityTest" name="test_fpMeasurementTest_3" time="0.607"/>
	<testcase classname="InequalityTest" name="test_fpMeasurementTest_5" time="0.620"/>
	<testcase classname="InequalityTest" name="test_fpMeasurementTest_6" time="0.764"/>
	<testcase classname="InequalityTest" name="test_fpMeasurementTest_9" time="1.026"/>
	<testcase classname="InequalityTest" name="test_csMeasurementTagger1" time="0.677">
		<error message="&quot; #n      actually tried to verify his own [351 chars]st  &quot; != &quot; galileo actually tried to verify his own [351 chars]st  &quot;
Diff is 801 characters long. Set self.maxDiff to None to see it." type="AssertionError">
<![CDATA[Traceback (most recent call last):
  File "C:/Users/CHRIS/PycharmProjects/Requests/Requests.py", line 138, in test_csMeasurementTagger1
    self.assertEqual(Actuval, expected)
AssertionError: " #n      actually tried to verify his own [351 chars]st  " != " galileo actually tried to verify his own [351 chars]st  "
Diff is 801 characters long. Set self.maxDiff to None to see it.
]]>		</error>
	</testcase>
	<testcase classname="InequalityTest" name="test_csMeasurementTagger2" time="0.642">
		<error message="' the[42 chars] yet 1050 km deployed a parachute is not consi[271 chars]ity ' != ' the[42 chars] yet #m      deployed a parachute is not consi[271 chars]ity '
Diff is 1113 characters long. Set self.maxDiff to None to see it." type="AssertionError">
<![CDATA[Traceback (most recent call last):
  File "C:/Users/CHRIS/PycharmProjects/Requests/Requests.py", line 144, in test_csMeasurementTagger2
    self.assertEqual(Actuval, expected)
AssertionError: ' the[42 chars] yet 1050 km deployed a parachute is not consi[271 chars]ity ' != ' the[42 chars] yet #m      deployed a parachute is not consi[271 chars]ity '
Diff is 1113 characters long. Set self.maxDiff to None to see it.
]]>		</error>
	</testcase>
	<testcase classname="InequalityTest" name="test_csMeasurementTest_3" time="0.583">
		<error message="' 250 kilograms is about the same as the weight of a pig  ' != ' #m            is about the same as the weight of a pig  '
-  250 kilograms is about the same as the weight of a pig  
?  ^^^^^^^^^^^ ^
+  #m            is about the same as the weight of a pig  
?  ^ ^^^^^^^^^^^
" type="AssertionError">
<![CDATA[Traceback (most recent call last):
  File "C:/Users/CHRIS/PycharmProjects/Requests/Requests.py", line 150, in test_csMeasurementTest_3
    self.assertEqual(Actuval, expected)
AssertionError: ' 250 kilograms is about the same as the weight of a pig  ' != ' #m            is about the same as the weight of a pig  '
-  250 kilograms is about the same as the weight of a pig  
?  ^^^^^^^^^^^ ^
+  #m            is about the same as the weight of a pig  
?  ^ ^^^^^^^^^^^

]]>		</error>
	</testcase>
	<testcase classname="InequalityTest" name="test_csMeasurementTest_4" time="0.580">
		<error message="' how fast is 180 kilometers per hour when using miles instead of sources  ' != ' how fast is #m             per hour when using miles instead of sources  '
-  how fast is 180 kilometers per hour when using miles instead of sources  
?              ^^^^^^^^ ^^^^^
+  how fast is #m             per hour when using miles instead of sources  
?              ^ ^^^^^^^^^^^^
" type="AssertionError">
<![CDATA[Traceback (most recent call last):
  File "C:/Users/CHRIS/PycharmProjects/Requests/Requests.py", line 156, in test_csMeasurementTest_4
    self.assertEqual(Actuval, expected)
AssertionError: ' how fast is 180 kilometers per hour when using miles instead of sources  ' != ' how fast is #m             per hour when using miles instead of sources  '
-  how fast is 180 kilometers per hour when using miles instead of sources  
?              ^^^^^^^^ ^^^^^
+  how fast is #m             per hour when using miles instead of sources  
?              ^ ^^^^^^^^^^^^

]]>		</error>
	</testcase>
	<testcase classname="InequalityTest" name="test_csMeasurementTest_5" time="0.580">
		<error message="' this conversion of 200 inches to feet has been calculated by[62 chars]et  ' != ' this conversion of #m         to feet has been calculated by[62 chars]et  '
-  this conversion of 200 inches to feet has been calculated by multiplying 200 inches by 0.0833 and the result is 16.6666 feet  
?                     ^^^^^^^^^^                                            ^^^^^^^^^^
+  this conversion of #m         to feet has been calculated by multiplying #m         by 0.0833 and the result is 16.6666 feet  
?                     ^^^^^^^^^^                                            ^^^^^^^^^^
" type="AssertionError">
<![CDATA[Traceback (most recent call last):
  File "C:/Users/CHRIS/PycharmProjects/Requests/Requests.py", line 162, in test_csMeasurementTest_5
    self.assertEqual(Actuval, expected)
AssertionError: ' this conversion of 200 inches to feet has been calculated by[62 chars]et  ' != ' this conversion of #m         to feet has been calculated by[62 chars]et  '
-  this conversion of 200 inches to feet has been calculated by multiplying 200 inches by 0.0833 and the result is 16.6666 feet  
?                     ^^^^^^^^^^                                            ^^^^^^^^^^
+  this conversion of #m         to feet has been calculated by multiplying #m         by 0.0833 and the result is 16.6666 feet  
?                     ^^^^^^^^^^                                            ^^^^^^^^^^

]]>		</error>
	</testcase>
	<testcase classname="InequalityTest" name="test_csMeasurementTest_6" time="0.562">
		<error message="' top ways people ask this question  650 ft to meters  ' != ' top ways people ask this question  #m     to meters  '
-  top ways people ask this question  650 ft to meters  
?                                     ^^^^^^
+  top ways people ask this question  #m     to meters  
?                                     ^^^^^^
" type="AssertionError">
<![CDATA[Traceback (most recent call last):
  File "C:/Users/CHRIS/PycharmProjects/Requests/Requests.py", line 168, in test_csMeasurementTest_6
    self.assertEqual(Actuval, expected)
AssertionError: ' top ways people ask this question  650 ft to meters  ' != ' top ways people ask this question  #m     to meters  '
-  top ways people ask this question  650 ft to meters  
?                                     ^^^^^^
+  top ways people ask this question  #m     to meters  
?                                     ^^^^^^

]]>		</error>
	</testcase>
	<testcase classname="InequalityTest" name="test_fMeasurementTagger1" time="0.556">
		<error message="' healthy man 10 feet and 10 foot is tagger ' != ' healthy man #m      and #m      is tagger '
-  healthy man 10 feet and 10 foot is tagger 
+  healthy man #m      and #m      is tagger 
" type="AssertionError">
<![CDATA[Traceback (most recent call last):
  File "C:/Users/CHRIS/PycharmProjects/Requests/Requests.py", line 76, in test_fMeasurementTagger1
    self.assertEqual(Actuval, expected)
AssertionError: ' healthy man 10 feet and 10 foot is tagger ' != ' healthy man #m      and #m      is tagger '
-  healthy man 10 feet and 10 foot is tagger 
+  healthy man #m      and #m      is tagger 

]]>		</error>
	</testcase>
	<testcase classname="InequalityTest" name="test_fMeasurementTagger2" time="0.583">
		<error message="' economical with 23 kilograms taking ' != ' economical with #m           taking '
-  economical with 23 kilograms taking 
+  economical with #m           taking 
" type="AssertionError">
<![CDATA[Traceback (most recent call last):
  File "C:/Users/CHRIS/PycharmProjects/Requests/Requests.py", line 82, in test_fMeasurementTagger2
    self.assertEqual(Actuval, expected)
AssertionError: ' economical with 23 kilograms taking ' != ' economical with #m           taking '
-  economical with 23 kilograms taking 
+  economical with #m           taking 

]]>		</error>
	</testcase>
	<testcase classname="InequalityTest" name="test_fMeasurementTagger3" time="0.674">
		<error message="' the language 345 pounds game ' != ' the language #m         game '
-  the language 345 pounds game 
+  the language #m         game 
" type="AssertionError">
<![CDATA[Traceback (most recent call last):
  File "C:/Users/CHRIS/PycharmProjects/Requests/Requests.py", line 88, in test_fMeasurementTagger3
    self.assertEqual(Actuval, expected)
AssertionError: ' the language 345 pounds game ' != ' the language #m         game '
-  the language 345 pounds game 
+  the language #m         game 

]]>		</error>
	</testcase>
	<testcase classname="InequalityTest" name="test_fMeasurementTagger4" time="0.575">
		<error message="' see this 50 ounces like this ' != ' see this #m        like this '
-  see this 50 ounces like this 
+  see this #m        like this 
" type="AssertionError">
<![CDATA[Traceback (most recent call last):
  File "C:/Users/CHRIS/PycharmProjects/Requests/Requests.py", line 94, in test_fMeasurementTagger4
    self.assertEqual(Actuval, expected)
AssertionError: ' see this 50 ounces like this ' != ' see this #m        like this '
-  see this 50 ounces like this 
+  see this #m        like this 

]]>		</error>
	</testcase>
	<testcase classname="InequalityTest" name="test_fMeasurementTagger5" time="0.595">
		<error message="' intended to be 100 mm nice ' != ' intended to be #m     nice '
-  intended to be 100 mm nice 
?                 ^^^^ ^
+  intended to be #m     nice 
?                 ^ ^^^^
" type="AssertionError">
<![CDATA[Traceback (most recent call last):
  File "C:/Users/CHRIS/PycharmProjects/Requests/Requests.py", line 100, in test_fMeasurementTagger5
    self.assertEqual(Actuval, expected)
AssertionError: ' intended to be 100 mm nice ' != ' intended to be #m     nice '
-  intended to be 100 mm nice 
?                 ^^^^ ^
+  intended to be #m     nice 
?                 ^ ^^^^

]]>		</error>
	</testcase>
	<testcase classname="InequalityTest" name="test_fMeasurementTagger6" time="0.591">
		<error message="' uncle 200 miles and 200 feet misses ' != ' uncle #m        and #m       misses '
-  uncle 200 miles and 200 feet misses 
+  uncle #m        and #m       misses 
" type="AssertionError">
<![CDATA[Traceback (most recent call last):
  File "C:/Users/CHRIS/PycharmProjects/Requests/Requests.py", line 106, in test_fMeasurementTagger6
    self.assertEqual(Actuval, expected)
AssertionError: ' uncle 200 miles and 200 feet misses ' != ' uncle #m        and #m       misses '
-  uncle 200 miles and 200 feet misses 
+  uncle #m        and #m       misses 

]]>		</error>
	</testcase>
	<testcase classname="InequalityTest" name="test_fMeasurementTest_10" time="0.586">
		<error message="' i chose 200 oz cause i have a 40 oz water bottle ' != ' i chose #m     cause i have a #m    water bottle '
-  i chose 200 oz cause i have a 40 oz water bottle 
?          ^^^^^^                ^^^^^
+  i chose #m     cause i have a #m    water bottle 
?          ^^^^^^                ^^^^^
" type="AssertionError">
<![CDATA[Traceback (most recent call last):
  File "C:/Users/CHRIS/PycharmProjects/Requests/Requests.py", line 130, in test_fMeasurementTest_10
    self.assertEqual(Actuval, expected)
AssertionError: ' i chose 200 oz cause i have a 40 oz water bottle ' != ' i chose #m     cause i have a #m    water bottle '
-  i chose 200 oz cause i have a 40 oz water bottle 
?          ^^^^^^                ^^^^^
+  i chose #m     cause i have a #m    water bottle 
?          ^^^^^^                ^^^^^

]]>		</error>
	</testcase>
	<testcase classname="InequalityTest" name="test_fMeasurementTest_7" time="0.568">
		<error message="' spa[17 chars]rea of 1592,41 sqm the 150 meter long home looks like it goes ' != ' spa[17 chars]rea of 1592,41 sqm the #m        long home looks like it goes '
-  spanning a project area of 1592,41 sqm the 150 meter long home looks like it goes 
?                                             ^^^^ ^^^^
+  spanning a project area of 1592,41 sqm the #m        long home looks like it goes 
?                                             ^ ^^^^^^^
" type="AssertionError">
<![CDATA[Traceback (most recent call last):
  File "C:/Users/CHRIS/PycharmProjects/Requests/Requests.py", line 112, in test_fMeasurementTest_7
    self.assertEqual(Actuval, expected)
AssertionError: ' spa[17 chars]rea of 1592,41 sqm the 150 meter long home looks like it goes ' != ' spa[17 chars]rea of 1592,41 sqm the #m        long home looks like it goes '
-  spanning a project area of 1592,41 sqm the 150 meter long home looks like it goes 
?                                             ^^^^ ^^^^
+  spanning a project area of 1592,41 sqm the #m        long home looks like it goes 
?                                             ^ ^^^^^^^

]]>		</error>
	</testcase>
	<testcase classname="InequalityTest" name="test_fMeasurementTest_8" time="0.777">
		<error message="' how long would it take to drive 350 miles at 55 miles an hour ' != ' how long would it take to drive #m        at #m       an hour '
-  how long would it take to drive 350 miles at 55 miles an hour 
?                                  ^^^^ ^^^^    ^^^ ^^^^
+  how long would it take to drive #m        at #m       an hour 
?                                  ^ ^^^^^^^    ^ ^^^^^^
" type="AssertionError">
<![CDATA[Traceback (most recent call last):
  File "C:/Users/CHRIS/PycharmProjects/Requests/Requests.py", line 118, in test_fMeasurementTest_8
    self.assertEqual(Actuval, expected)
AssertionError: ' how long would it take to drive 350 miles at 55 miles an hour ' != ' how long would it take to drive #m        at #m       an hour '
-  how long would it take to drive 350 miles at 55 miles an hour 
?                                  ^^^^ ^^^^    ^^^ ^^^^
+  how long would it take to drive #m        at #m       an hour 
?                                  ^ ^^^^^^^    ^ ^^^^^^

]]>		</error>
	</testcase>
	<testcase classname="InequalityTest" name="test_fMeasurementTest_9" time="0.656">
		<error message="' the 60 yard dash is only valuable to show straight line ' != ' the #m      dash is only valuable to show straight line '
-  the 60 yard dash is only valuable to show straight line 
?      ^^^^^^^
+  the #m      dash is only valuable to show straight line 
?      ^^^^^^^
" type="AssertionError">
<![CDATA[Traceback (most recent call last):
  File "C:/Users/CHRIS/PycharmProjects/Requests/Requests.py", line 124, in test_fMeasurementTest_9
    self.assertEqual(Actuval, expected)
AssertionError: ' the 60 yard dash is only valuable to show straight line ' != ' the #m      dash is only valuable to show straight line '
-  the 60 yard dash is only valuable to show straight line 
?      ^^^^^^^
+  the #m      dash is only valuable to show straight line 
?      ^^^^^^^

]]>		</error>
	</testcase>
	<testcase classname="InequalityTest" name="test_fpMeasurementTest_11" time="0.587">
		<error message="' this translates to a # hoppus foot being equal to ten cubic feet  ' != ' this translates to a 1 hoppus foot being equal to ten cubic feet  '
-  this translates to a # hoppus foot being equal to ten cubic feet  
?                       ^
+  this translates to a 1 hoppus foot being equal to ten cubic feet  
?                       ^
" type="AssertionError">
<![CDATA[Traceback (most recent call last):
  File "C:/Users/CHRIS/PycharmProjects/Requests/Requests.py", line 273, in test_fpMeasurementTest_11
    self.assertEqual(Actuval, expected)
AssertionError: ' this translates to a # hoppus foot being equal to ten cubic feet  ' != ' this translates to a 1 hoppus foot being equal to ten cubic feet  '
-  this translates to a # hoppus foot being equal to ten cubic feet  
?                       ^
+  this translates to a 1 hoppus foot being equal to ten cubic feet  
?                       ^

]]>		</error>
	</testcase>
	<testcase classname="InequalityTest" name="test_fpMeasurementTest_2" time="0.650">
		<error message="' 10t[16 chars]tiplatform game development studio based in tampere, finland  ' != ' 10t[16 chars]tiplatform game development studio based in tampere  finland  '
-  10tons ltd is a multiplatform game development studio based in tampere, finland  
?                                                                        ^
+  10tons ltd is a multiplatform game development studio based in tampere  finland  
?                                                                        ^
" type="AssertionError">
<![CDATA[Traceback (most recent call last):
  File "C:/Users/CHRIS/PycharmProjects/Requests/Requests.py", line 219, in test_fpMeasurementTest_2
    self.assertEqual(Actuval, expected)
AssertionError: ' 10t[16 chars]tiplatform game development studio based in tampere, finland  ' != ' 10t[16 chars]tiplatform game development studio based in tampere  finland  '
-  10tons ltd is a multiplatform game development studio based in tampere, finland  
?                                                                        ^
+  10tons ltd is a multiplatform game development studio based in tampere  finland  
?                                                                        ^

]]>		</error>
	</testcase>
	<testcase classname="InequalityTest" name="test_fpMeasurementTest_4" time="0.615">
		<error message="' get more information and details on the #  gigaparsec measurement unit  ' != ' get more information and details on the 10 gigaparsec measurement unit  '
-  get more information and details on the #  gigaparsec measurement unit  
?                                          ^^
+  get more information and details on the 10 gigaparsec measurement unit  
?                                          ^^
" type="AssertionError">
<![CDATA[Traceback (most recent call last):
  File "C:/Users/CHRIS/PycharmProjects/Requests/Requests.py", line 231, in test_fpMeasurementTest_4
    self.assertEqual(Actuval, expected)
AssertionError: ' get more information and details on the #  gigaparsec measurement unit  ' != ' get more information and details on the 10 gigaparsec measurement unit  '
-  get more information and details on the #  gigaparsec measurement unit  
?                                          ^^
+  get more information and details on the 10 gigaparsec measurement unit  
?                                          ^^

]]>		</error>
	</testcase>
	<testcase classname="InequalityTest" name="test_fpMeasurementTest_7" time="0.818">
		<error message="' a 1 decade is a period of #  years  ' != ' a 1 decade is a period of 10 years  '
-  a 1 decade is a period of #  years  
?                            ^^
+  a 1 decade is a period of 10 years  
?                            ^^
" type="AssertionError">
<![CDATA[Traceback (most recent call last):
  File "C:/Users/CHRIS/PycharmProjects/Requests/Requests.py", line 249, in test_fpMeasurementTest_7
    self.assertEqual(Actuval, expected)
AssertionError: ' a 1 decade is a period of #  years  ' != ' a 1 decade is a period of 10 years  '
-  a 1 decade is a period of #  years  
?                            ^^
+  a 1 decade is a period of 10 years  
?                            ^^

]]>		</error>
	</testcase>
	<testcase classname="InequalityTest" name="test_fpMeasurementTest_8" time="0.712">
		<error message="' the 2-5-1 chord # progression of the major scale by #n      furstner. ' != ' the 2-5-1 chord 1 progression of the major scale by michael furstner. '
-  the 2-5-1 chord # progression of the major scale by #n      furstner. 
?                  ^                                   ^^^^^^^
+  the 2-5-1 chord 1 progression of the major scale by michael furstner. 
?                  ^                                   ^^^^^^^
" type="AssertionError">
<![CDATA[Traceback (most recent call last):
  File "C:/Users/CHRIS/PycharmProjects/Requests/Requests.py", line 255, in test_fpMeasurementTest_8
    self.assertEqual(Actuval, expected)
AssertionError: ' the 2-5-1 chord # progression of the major scale by #n      furstner. ' != ' the 2-5-1 chord 1 progression of the major scale by michael furstner. '
-  the 2-5-1 chord # progression of the major scale by #n      furstner. 
?                  ^                                   ^^^^^^^
+  the 2-5-1 chord 1 progression of the major scale by michael furstner. 
?                  ^                                   ^^^^^^^

]]>		</error>
	</testcase>
	<testcase classname="InequalityTest" name="test_iMeasurementTagger1" time="1.504">
		<error message="' 37 kg ' != ' #m    '
-  37 kg 
+  #m    
" type="AssertionError">
<![CDATA[Traceback (most recent call last):
  File "C:/Users/CHRIS/PycharmProjects/Requests/Requests.py", line 27, in test_iMeasurementTagger1
    self.assertEqual(Actuval, expected)
AssertionError: ' 37 kg ' != ' #m    '
-  37 kg 
+  #m    

]]>		</error>
	</testcase>
	<testcase classname="InequalityTest" name="test_iMeasurementTagger2" time="0.839">
		<error message="' 150 km ' != ' #m     '
-  150 km 
+  #m     
" type="AssertionError">
<![CDATA[Traceback (most recent call last):
  File "C:/Users/CHRIS/PycharmProjects/Requests/Requests.py", line 33, in test_iMeasurementTagger2
    self.assertEqual(Actuval, expected)
AssertionError: ' 150 km ' != ' #m     '
-  150 km 
+  #m     

]]>		</error>
	</testcase>
	<testcase classname="InequalityTest" name="test_iMeasurementTagger3" time="0.749">
		<error message="' 55 inches ' != ' #m        '
-  55 inches 
+  #m        
" type="AssertionError">
<![CDATA[Traceback (most recent call last):
  File "C:/Users/CHRIS/PycharmProjects/Requests/Requests.py", line 39, in test_iMeasurementTagger3
    self.assertEqual(Actuval, expected)
AssertionError: ' 55 inches ' != ' #m        '
-  55 inches 
+  #m        

]]>		</error>
	</testcase>
	<testcase classname="InequalityTest" name="test_iMeasurementTagger4" time="0.644">
		<error message="' 500 yards and 2 cm ' != ' #m        and #m   '
-  500 yards and 2 cm 
+  #m        and #m   
" type="AssertionError">
<![CDATA[Traceback (most recent call last):
  File "C:/Users/CHRIS/PycharmProjects/Requests/Requests.py", line 45, in test_iMeasurementTagger4
    self.assertEqual(Actuval, expected)
AssertionError: ' 500 yards and 2 cm ' != ' #m        and #m   '
-  500 yards and 2 cm 
+  #m        and #m   

]]>		</error>
	</testcase>
	<testcase classname="InequalityTest" name="test_iMeasurementTagger5" time="0.999">
		<error message="' 1 mile ' != ' #m     '
-  1 mile 
+  #m     
" type="AssertionError">
<![CDATA[Traceback (most recent call last):
  File "C:/Users/CHRIS/PycharmProjects/Requests/Requests.py", line 51, in test_iMeasurementTagger5
    self.assertEqual(Actuval, expected)
AssertionError: ' 1 mile ' != ' #m     '
-  1 mile 
+  #m     

]]>		</error>
	</testcase>
	<testcase classname="InequalityTest" name="test_iMeasurementTest_6" time="1.041">
		<error message="' 200 gram ' != ' #m       '
-  200 gram 
+  #m       
" type="AssertionError">
<![CDATA[Traceback (most recent call last):
  File "C:/Users/CHRIS/PycharmProjects/Requests/Requests.py", line 57, in test_iMeasurementTest_6
    self.assertEqual(Actuval, expected)
AssertionError: ' 200 gram ' != ' #m       '
-  200 gram 
+  #m       

]]>		</error>
	</testcase>
	<testcase classname="InequalityTest" name="test_iMeasurementTest_7" time="1.059">
		<error message="' 890 ounces ' != ' #m         '
-  890 ounces 
+  #m         
" type="AssertionError">
<![CDATA[Traceback (most recent call last):
  File "C:/Users/CHRIS/PycharmProjects/Requests/Requests.py", line 63, in test_iMeasurementTest_7
    self.assertEqual(Actuval, expected)
AssertionError: ' 890 ounces ' != ' #m         '
-  890 ounces 
+  #m         

]]>		</error>
	</testcase>
	<testcase classname="InequalityTest" name="test_iMeasurementTest_8" time="1.018">
		<error message="' 79 miles ' != ' #m       '
-  79 miles 
+  #m       
" type="AssertionError">
<![CDATA[Traceback (most recent call last):
  File "C:/Users/CHRIS/PycharmProjects/Requests/Requests.py", line 69, in test_iMeasurementTest_8
    self.assertEqual(Actuval, expected)
AssertionError: ' 79 miles ' != ' #m       '
-  79 miles 
+  #m       

]]>		</error>
	</testcase>
	<testcase classname="InequalityTest" name="test_mcMeasurementTest_1" time="1.056">
		<error message="' pill imprint  40 mg  has been identified as nexium. ' != ' pill imprint  #m     has been identified as nexium. '
-  pill imprint  40 mg  has been identified as nexium. 
?                ^^^ ^
+  pill imprint  #m     has been identified as nexium. 
?                ^ ^^^
" type="AssertionError">
<![CDATA[Traceback (most recent call last):
  File "C:/Users/CHRIS/PycharmProjects/Requests/Requests.py", line 194, in test_mcMeasurementTest_1
    self.assertEqual(Actuval, expected)
AssertionError: ' pill imprint  40 mg  has been identified as nexium. ' != ' pill imprint  #m     has been identified as nexium. '
-  pill imprint  40 mg  has been identified as nexium. 
?                ^^^ ^
+  pill imprint  #m     has been identified as nexium. 
?                ^ ^^^

]]>		</error>
	</testcase>
	<testcase classname="InequalityTest" name="test_mcMeasurementTest_2" time="1.059">
		<error message="'  15 yards&gt; is one and a half big lines on the football field  ' != '  #m        is one and a half big lines on the football field  '
-   15 yards&gt; is one and a half big lines on the football field  
?   ^^^^^^^^^
+   #m        is one and a half big lines on the football field  
?   ^^^^^^^^^
" type="AssertionError">
<![CDATA[Traceback (most recent call last):
  File "C:/Users/CHRIS/PycharmProjects/Requests/Requests.py", line 200, in test_mcMeasurementTest_2
    self.assertEqual(Actuval, expected)
AssertionError: '  15 yards> is one and a half big lines on the football field  ' != '  #m        is one and a half big lines on the football field  '
-   15 yards> is one and a half big lines on the football field  
?   ^^^^^^^^^
+   #m        is one and a half big lines on the football field  
?   ^^^^^^^^^

]]>		</error>
	</testcase>
	<testcase classname="InequalityTest" name="test_mcMeasurementTest_3" time="1.015">
		<error message="' calculate live us dollar to gold  1 ounce  foreign exchange[38 chars]er  ' != ' calculate live us Dollar to gold  #m       foreign exchange[38 chars]er  '
-  calculate live us dollar to gold  1 ounce  foreign exchange rates with this free currency converter  
?                    ^               ^^^^^^^
+  calculate live us Dollar to gold  #m       foreign exchange rates with this free currency converter  
?                    ^               ^^^^^^^
" type="AssertionError">
<![CDATA[Traceback (most recent call last):
  File "C:/Users/CHRIS/PycharmProjects/Requests/Requests.py", line 206, in test_mcMeasurementTest_3
    self.assertEqual(Actuval, expected)
AssertionError: ' calculate live us dollar to gold  1 ounce  foreign exchange[38 chars]er  ' != ' calculate live us Dollar to gold  #m       foreign exchange[38 chars]er  '
-  calculate live us dollar to gold  1 ounce  foreign exchange rates with this free currency converter  
?                    ^               ^^^^^^^
+  calculate live us Dollar to gold  #m       foreign exchange rates with this free currency converter  
?                    ^               ^^^^^^^

]]>		</error>
	</testcase>
	<testcase classname="InequalityTest" name="test_nlMeasurementTagger1" time="0.993">
		<error message="' target 200 kg  stand' != ' target #m      stand'
-  target 200 kg  stand
+  target #m      stand
" type="AssertionError">
<![CDATA[Traceback (most recent call last):
  File "C:/Users/CHRIS/PycharmProjects/Requests/Requests.py", line 286, in test_nlMeasurementTagger1
    self.assertEqual(Actuval, expected)
AssertionError: ' target 200 kg  stand' != ' target #m      stand'
-  target 200 kg  stand
+  target #m      stand

]]>		</error>
	</testcase>
	<testcase classname="InequalityTest" name="test_nlMeasurementTagger2" time="0.987">
		<error message="' hello 1000 yards  single' != ' hello #m          single'
-  hello 1000 yards  single
+  hello #m          single
" type="AssertionError">
<![CDATA[Traceback (most recent call last):
  File "C:/Users/CHRIS/PycharmProjects/Requests/Requests.py", line 292, in test_nlMeasurementTagger2
    self.assertEqual(Actuval, expected)
AssertionError: ' hello 1000 yards  single' != ' hello #m          single'
-  hello 1000 yards  single
+  hello #m          single

]]>		</error>
	</testcase>
	<testcase classname="InequalityTest" name="test_nlMeasurementTagger3" time="0.995">
		<error message="' big 302 kilogram  life' != ' big #m            life'
-  big 302 kilogram  life
+  big #m            life
" type="AssertionError">
<![CDATA[Traceback (most recent call last):
  File "C:/Users/CHRIS/PycharmProjects/Requests/Requests.py", line 298, in test_nlMeasurementTagger3
    self.assertEqual(Actuval, expected)
AssertionError: ' big 302 kilogram  life' != ' big #m            life'
-  big 302 kilogram  life
+  big #m            life

]]>		</error>
	</testcase>
	<testcase classname="InequalityTest" name="test_nlMeasurementTest_4" time="1.019">
		<error message="' thi[20 chars]all narrow gauge railways built with a track gauge of 900 mm  ' != ' thi[20 chars]all narrow gauge railways built with a track gauge of #m      '
-  this is a category for all narrow gauge railways built with a track gauge of 900 mm  
?                                                                               ^^^^ ^
+  this is a category for all narrow gauge railways built with a track gauge of #m      
?                                                                               ^ ^^^^
" type="AssertionError">
<![CDATA[Traceback (most recent call last):
  File "C:/Users/CHRIS/PycharmProjects/Requests/Requests.py", line 304, in test_nlMeasurementTest_4
    self.assertEqual(Actuval, expected)
AssertionError: ' thi[20 chars]all narrow gauge railways built with a track gauge of 900 mm  ' != ' thi[20 chars]all narrow gauge railways built with a track gauge of #m      '
-  this is a category for all narrow gauge railways built with a track gauge of 900 mm  
?                                                                               ^^^^ ^
+  this is a category for all narrow gauge railways built with a track gauge of #m      
?                                                                               ^ ^^^^

]]>		</error>
	</testcase>
	<testcase classname="InequalityTest" name="test_pMeasurementTest_1" time="1.083">
		<error message="' in [26 chars] rises well above 4,000 m its highest peak is mount whitney  ' != ' in [26 chars] rises well above #m       its highest peak is mount whitney  '
-  in addition the sierra nevada rises well above 4,000 m its highest peak is mount whitney  
?                                                 ^^^^^^
+  in addition the sierra nevada rises well above #m       its highest peak is mount whitney  
?                                                 ^ ++++++
" type="AssertionError">
<![CDATA[Traceback (most recent call last):
  File "C:/Users/CHRIS/PycharmProjects/Requests/Requests.py", line 175, in test_pMeasurementTest_1
    self.assertEqual(Actuval, expected)
AssertionError: ' in [26 chars] rises well above 4,000 m its highest peak is mount whitney  ' != ' in [26 chars] rises well above #m       its highest peak is mount whitney  '
-  in addition the sierra nevada rises well above 4,000 m its highest peak is mount whitney  
?                                                 ^^^^^^
+  in addition the sierra nevada rises well above #m       its highest peak is mount whitney  
?                                                 ^ ++++++

]]>		</error>
	</testcase>
	<testcase classname="InequalityTest" name="test_pMeasurementTest_2" time="1.036">
		<error message="' one[21 chars] if it suggested 700 centimeters  was the width of the tires  ' != ' one[21 chars] if it suggested #m               was the width of the tires  '
-  one web search seemed as if it suggested 700 centimeters  was the width of the tires  
?                                           ^^^^^^^^^ ^^^^^
+  one web search seemed as if it suggested #m               was the width of the tires  
?                                           ^ ^^^^^^^^^^^^^
" type="AssertionError">
<![CDATA[Traceback (most recent call last):
  File "C:/Users/CHRIS/PycharmProjects/Requests/Requests.py", line 181, in test_pMeasurementTest_2
    self.assertEqual(Actuval, expected)
AssertionError: ' one[21 chars] if it suggested 700 centimeters  was the width of the tires  ' != ' one[21 chars] if it suggested #m               was the width of the tires  '
-  one web search seemed as if it suggested 700 centimeters  was the width of the tires  
?                                           ^^^^^^^^^ ^^^^^
+  one web search seemed as if it suggested #m               was the width of the tires  
?                                           ^ ^^^^^^^^^^^^^

]]>		</error>
	</testcase>
	<testcase classname="InequalityTest" name="test_pMeasurementTest_3" time="1.255">
		<error message="' cne[35 chars]that hit the now ubiquitous monitor screen size of 23 inches  ' != ' cne[35 chars]that hit the now ubiquitous monitor screen size of #m         '
-  cnet editors review the best monitors that hit the now ubiquitous monitor screen size of 23 inches  
?                                                                                           ^^^^^^^^^
+  cnet editors review the best monitors that hit the now ubiquitous monitor screen size of #m         
?                                                                                           ^^^^^^^^^
" type="AssertionError">
<![CDATA[Traceback (most recent call last):
  File "C:/Users/CHRIS/PycharmProjects/Requests/Requests.py", line 187, in test_pMeasurementTest_3
    self.assertEqual(Actuval, expected)
AssertionError: ' cne[35 chars]that hit the now ubiquitous monitor screen size of 23 inches  ' != ' cne[35 chars]that hit the now ubiquitous monitor screen size of #m         '
-  cnet editors review the best monitors that hit the now ubiquitous monitor screen size of 23 inches  
?                                                                                           ^^^^^^^^^
+  cnet editors review the best monitors that hit the now ubiquitous monitor screen size of #m         
?                                                                                           ^^^^^^^^^

]]>		</error>
	</testcase>
	<system-out>
<![CDATA[]]>	</system-out>
	<system-err>
<![CDATA[]]>	</system-err>
</testsuite>
