<?xml version="1.0" ?>
<testsuite errors="37" failures="0" name="InequalityTest-20160315155205" tests="39" time="22.585">
	<testcase classname="InequalityTest" name="test_fpAddressLine1Tagger2" time="0.550"/>
	<testcase classname="InequalityTest" name="test_fpAddressLine1Tagger3" time="0.580"/>
	<testcase classname="InequalityTest" name="test_csAddressLine1Tagger1" time="0.601">
		<error message="'see the walk score of 637 sandy trail  fort worth tx.' != 'see the walk score of #addr1           fort worth tx.'
- see the walk score of 637 sandy trail  fort worth tx.
?                       ^^^^^ - ^^^ ^^^
+ see the walk score of #addr1           fort worth tx.
?                       ^  ^ ^^^^^^^^^^
" type="AssertionError">
<![CDATA[Traceback (most recent call last):
  File "C:/Users/CHRIS/PycharmProjects/Requests/Requests.py", line 173, in test_csAddressLine1Tagger1
    self.assertEqual(Actuval, expected)
AssertionError: 'see the walk score of 637 sandy trail  fort worth tx.' != 'see the walk score of #addr1           fort worth tx.'
- see the walk score of 637 sandy trail  fort worth tx.
?                       ^^^^^ - ^^^ ^^^
+ see the walk score of #addr1           fort worth tx.
?                       ^  ^ ^^^^^^^^^^

]]>		</error>
	</testcase>
	<testcase classname="InequalityTest" name="test_csAddressLine1Tagger2" time="0.563">
		<error message="'1246 everett ave  louisville, ky 40204 is a single family home ' != '#addr1            louisville  ky 40204 is a single family home '
- 1246 everett ave  louisville, ky 40204 is a single family home 
?  ^^^^^^^^^^^^^^^            ^
+ #addr1            louisville  ky 40204 is a single family home 
? +++++ ^^^^^^^^^^            ^
" type="AssertionError">
<![CDATA[Traceback (most recent call last):
  File "C:/Users/CHRIS/PycharmProjects/Requests/Requests.py", line 179, in test_csAddressLine1Tagger2
    self.assertEqual(Actuval, expected)
AssertionError: '1246 everett ave  louisville, ky 40204 is a single family home ' != '#addr1            louisville  ky 40204 is a single family home '
- 1246 everett ave  louisville, ky 40204 is a single family home 
?  ^^^^^^^^^^^^^^^            ^
+ #addr1            louisville  ky 40204 is a single family home 
? +++++ ^^^^^^^^^^            ^

]]>		</error>
	</testcase>
	<testcase classname="InequalityTest" name="test_csAddressLine1Tagger3" time="0.615">
		<error message="'the 6430 stream side court cumming, ga 30041 is worth about $307600 ' != 'the #addr1                 cumming  ga 30041 is worth about  307600 '
- the 6430 stream side court cumming, ga 30041 is worth about $307600 
+ the #addr1                 cumming  ga 30041 is worth about  307600 
" type="AssertionError">
<![CDATA[Traceback (most recent call last):
  File "C:/Users/CHRIS/PycharmProjects/Requests/Requests.py", line 185, in test_csAddressLine1Tagger3
    self.assertEqual(Actuval, expected)
AssertionError: 'the 6430 stream side court cumming, ga 30041 is worth about $307600 ' != 'the #addr1                 cumming  ga 30041 is worth about  307600 '
- the 6430 stream side court cumming, ga 30041 is worth about $307600 
+ the #addr1                 cumming  ga 30041 is worth about  307600 

]]>		</error>
	</testcase>
	<testcase classname="InequalityTest" name="test_csAddressLine1Tagger4" time="0.561">
		<error message="'a home value approximation for 8908 ashcroft ave today ' != 'a home value approximation for #addr1            today '
- a home value approximation for 8908 ashcroft ave today 
+ a home value approximation for #addr1            today 
" type="AssertionError">
<![CDATA[Traceback (most recent call last):
  File "C:/Users/CHRIS/PycharmProjects/Requests/Requests.py", line 191, in test_csAddressLine1Tagger4
    self.assertEqual(Actuval, expected)
AssertionError: 'a home value approximation for 8908 ashcroft ave today ' != 'a home value approximation for #addr1            today '
- a home value approximation for 8908 ashcroft ave today 
+ a home value approximation for #addr1            today 

]]>		</error>
	</testcase>
	<testcase classname="InequalityTest" name="test_csAddressLine1Tagger5" time="0.609">
		<error message="'view property details for 1013 success ave  lakeland  fl. #    ' != 'view property details for #addr1            lakeland  fl. 1013 '
- view property details for 1013 success ave  lakeland  fl. #    
+ view property details for #addr1            lakeland  fl. 1013 
" type="AssertionError">
<![CDATA[Traceback (most recent call last):
  File "C:/Users/CHRIS/PycharmProjects/Requests/Requests.py", line 197, in test_csAddressLine1Tagger5
    self.assertEqual(Actuval, expected)
AssertionError: 'view property details for 1013 success ave  lakeland  fl. #    ' != 'view property details for #addr1            lakeland  fl. 1013 '
- view property details for 1013 success ave  lakeland  fl. #    
+ view property details for #addr1            lakeland  fl. 1013 

]]>		</error>
	</testcase>
	<testcase classname="InequalityTest" name="test_fAddressLine1Tagger1" time="0.573">
		<error message="'the party is at 22 battery place  new york, new york 10004' != 'the party is at #addr1            new york  new york 10004'
- the party is at 22 battery place  new york, new york 10004
+ the party is at #addr1            new york  new york 10004
" type="AssertionError">
<![CDATA[Traceback (most recent call last):
  File "C:/Users/CHRIS/PycharmProjects/Requests/Requests.py", line 88, in test_fAddressLine1Tagger1
    self.assertEqual(Actuval, expected)
AssertionError: 'the party is at 22 battery place  new york, new york 10004' != 'the party is at #addr1            new york  new york 10004'
- the party is at 22 battery place  new york, new york 10004
+ the party is at #addr1            new york  new york 10004

]]>		</error>
	</testcase>
	<testcase classname="InequalityTest" name="test_fAddressLine1Tagger10" time="0.563">
		<error message="'101 main st apt 12 vy fiddle at that' != '#addr1             vy fiddle at that'
- 101 main st apt 12 vy fiddle at that
+ #addr1             vy fiddle at that
" type="AssertionError">
<![CDATA[Traceback (most recent call last):
  File "C:/Users/CHRIS/PycharmProjects/Requests/Requests.py", line 142, in test_fAddressLine1Tagger10
    self.assertEqual(Actuval, expected)
AssertionError: '101 main st apt 12 vy fiddle at that' != '#addr1             vy fiddle at that'
- 101 main st apt 12 vy fiddle at that
+ #addr1             vy fiddle at that

]]>		</error>
	</testcase>
	<testcase classname="InequalityTest" name="test_fAddressLine1Tagger11" time="0.600">
		<error message="'now on the front foot 1500 e main ave ste 201 wicket aw' != 'now on the front foot #addr1                  wicket aw'
- now on the front foot 1500 e main ave ste 201 wicket aw
+ now on the front foot #addr1                  wicket aw
" type="AssertionError">
<![CDATA[Traceback (most recent call last):
  File "C:/Users/CHRIS/PycharmProjects/Requests/Requests.py", line 148, in test_fAddressLine1Tagger11
    self.assertEqual(Actuval, expected)
AssertionError: 'now on the front foot 1500 e main ave ste 201 wicket aw' != 'now on the front foot #addr1                  wicket aw'
- now on the front foot 1500 e main ave ste 201 wicket aw
+ now on the front foot #addr1                  wicket aw

]]>		</error>
	</testcase>
	<testcase classname="InequalityTest" name="test_fAddressLine1Tagger12" time="0.571">
		<error message="'wicket aw 1923 crse key fl 222 shington str' != 'wicket aw #addr1               shington str'
- wicket aw 1923 crse key fl 222 shington str
+ wicket aw #addr1               shington str
" type="AssertionError">
<![CDATA[Traceback (most recent call last):
  File "C:/Users/CHRIS/PycharmProjects/Requests/Requests.py", line 154, in test_fAddressLine1Tagger12
    self.assertEqual(Actuval, expected)
AssertionError: 'wicket aw 1923 crse key fl 222 shington str' != 'wicket aw #addr1               shington str'
- wicket aw 1923 crse key fl 222 shington str
+ wicket aw #addr1               shington str

]]>		</error>
	</testcase>
	<testcase classname="InequalityTest" name="test_fAddressLine1Tagger13" time="0.585">
		<error message="'reet bhuvneshwar to 433 w 34th street #7455 between the 314 w[14 chars]4566' != 'reet bhuvneshwar to #addr1                  between the #addr[14 chars]    '
- reet bhuvneshwar to 433 w 34th street #7455 between the 314 w 56th street #4566
+ reet bhuvneshwar to #addr1                  between the #addr1                 
" type="AssertionError">
<![CDATA[Traceback (most recent call last):
  File "C:/Users/CHRIS/PycharmProjects/Requests/Requests.py", line 160, in test_fAddressLine1Tagger13
    self.assertEqual(Actuval, expected)
AssertionError: 'reet bhuvneshwar to 433 w 34th street #7455 between the 314 w[14 chars]4566' != 'reet bhuvneshwar to #addr1                  between the #addr[14 chars]    '
- reet bhuvneshwar to 433 w 34th street #7455 between the 314 w 56th street #4566
+ reet bhuvneshwar to #addr1                  between the #addr1                 

]]>		</error>
	</testcase>
	<testcase classname="InequalityTest" name="test_fAddressLine1Tagger14" time="0.564">
		<error message="'now on the front foot 720 monroe street suite a405' != 'now on the front foot #addr1                      '
- now on the front foot 720 monroe street suite a405
+ now on the front foot #addr1                      
" type="AssertionError">
<![CDATA[Traceback (most recent call last):
  File "C:/Users/CHRIS/PycharmProjects/Requests/Requests.py", line 166, in test_fAddressLine1Tagger14
    self.assertEqual(Actuval, expected)
AssertionError: 'now on the front foot 720 monroe street suite a405' != 'now on the front foot #addr1                      '
- now on the front foot 720 monroe street suite a405
+ now on the front foot #addr1                      

]]>		</error>
	</testcase>
	<testcase classname="InequalityTest" name="test_fAddressLine1Tagger2" time="0.577">
		<error message="'skyt[23 chars]served    1731 technology drive, suite 700  san jose, ca 95110' != 'skyt[23 chars]served    #addr1                            san jose  ca 95110'
- skytree  inc. all rights reserved    1731 technology drive, suite 700  san jose, ca 95110
+ skytree  inc. all rights reserved    #addr1                            san jose  ca 95110
" type="AssertionError">
<![CDATA[Traceback (most recent call last):
  File "C:/Users/CHRIS/PycharmProjects/Requests/Requests.py", line 94, in test_fAddressLine1Tagger2
    self.assertEqual(Actuval, expected)
AssertionError: 'skyt[23 chars]served    1731 technology drive, suite 700  san jose, ca 95110' != 'skyt[23 chars]served    #addr1                            san jose  ca 95110'
- skytree  inc. all rights reserved    1731 technology drive, suite 700  san jose, ca 95110
+ skytree  inc. all rights reserved    #addr1                            san jose  ca 95110

]]>		</error>
	</testcase>
	<testcase classname="InequalityTest" name="test_fAddressLine1Tagger3" time="0.609">
		<error message="'customer services  100 gap online drive  grove city  oh 43123-8605' != 'customer services  #addr1                grove city  oh 43123-8605'
- customer services  100 gap online drive  grove city  oh 43123-8605
+ customer services  #addr1                grove city  oh 43123-8605
" type="AssertionError">
<![CDATA[Traceback (most recent call last):
  File "C:/Users/CHRIS/PycharmProjects/Requests/Requests.py", line 100, in test_fAddressLine1Tagger3
    self.assertEqual(Actuval, expected)
AssertionError: 'customer services  100 gap online drive  grove city  oh 43123-8605' != 'customer services  #addr1                grove city  oh 43123-8605'
- customer services  100 gap online drive  grove city  oh 43123-8605
+ customer services  #addr1                grove city  oh 43123-8605

]]>		</error>
	</testcase>
	<testcase classname="InequalityTest" name="test_fAddressLine1Tagger4" time="0.553">
		<error message="'view[14 chars]rmation for 4208 normandy road  fort worth, tx 76103 including' != 'view[14 chars]rmation for #addr1              fort worth  tx 76103 including'
- view property information for 4208 normandy road  fort worth, tx 76103 including
?                               ^^^^^^^^^^^^^^^^              ^
+ view property information for #addr1              fort worth  tx 76103 including
?                               ^  +++++++++++++++            ^
" type="AssertionError">
<![CDATA[Traceback (most recent call last):
  File "C:/Users/CHRIS/PycharmProjects/Requests/Requests.py", line 106, in test_fAddressLine1Tagger4
    self.assertEqual(Actuval, expected)
AssertionError: 'view[14 chars]rmation for 4208 normandy road  fort worth, tx 76103 including' != 'view[14 chars]rmation for #addr1              fort worth  tx 76103 including'
- view property information for 4208 normandy road  fort worth, tx 76103 including
?                               ^^^^^^^^^^^^^^^^              ^
+ view property information for #addr1              fort worth  tx 76103 including
?                               ^  +++++++++++++++            ^

]]>		</error>
	</testcase>
	<testcase classname="InequalityTest" name="test_fAddressLine1Tagger5" time="0.546">
		<error message="'1117 nw 54th street bhuvaneswer to joe root' != '#addr1              bhuvaneswer to joe root'
- 1117 nw 54th street bhuvaneswer to joe root
+ #addr1              bhuvaneswer to joe root
" type="AssertionError">
<![CDATA[Traceback (most recent call last):
  File "C:/Users/CHRIS/PycharmProjects/Requests/Requests.py", line 112, in test_fAddressLine1Tagger5
    self.assertEqual(Actuval, expected)
AssertionError: '1117 nw 54th street bhuvaneswer to joe root' != '#addr1              bhuvaneswer to joe root'
- 1117 nw 54th street bhuvaneswer to joe root
+ #addr1              bhuvaneswer to joe root

]]>		</error>
	</testcase>
	<testcase classname="InequalityTest" name="test_fAddressLine1Tagger6" time="0.577">
		<error message="'p throwing his wicket away 1355 market street suite 400 etween point' != 'p throwing his wicket away #addr1                       etween point'
- p throwing his wicket away 1355 market street suite 400 etween point
+ p throwing his wicket away #addr1                       etween point
" type="AssertionError">
<![CDATA[Traceback (most recent call last):
  File "C:/Users/CHRIS/PycharmProjects/Requests/Requests.py", line 118, in test_fAddressLine1Tagger6
    self.assertEqual(Actuval, expected)
AssertionError: 'p throwing his wicket away 1355 market street suite 400 etween point' != 'p throwing his wicket away #addr1                       etween point'
- p throwing his wicket away 1355 market street suite 400 etween point
+ p throwing his wicket away #addr1                       etween point

]]>		</error>
	</testcase>
	<testcase classname="InequalityTest" name="test_fAddressLine1Tagger7" time="0.563">
		<error message="'37 w 42nd street   now on the front hi jur 209 w 2nd street #331' != '#addr1             now on the front hi jur #addr1               '
- 37 w 42nd street   now on the front hi jur 209 w 2nd street #331
+ #addr1             now on the front hi jur #addr1               
" type="AssertionError">
<![CDATA[Traceback (most recent call last):
  File "C:/Users/CHRIS/PycharmProjects/Requests/Requests.py", line 124, in test_fAddressLine1Tagger7
    self.assertEqual(Actuval, expected)
AssertionError: '37 w 42nd street   now on the front hi jur 209 w 2nd street #331' != '#addr1             now on the front hi jur #addr1               '
- 37 w 42nd street   now on the front hi jur 209 w 2nd street #331
+ #addr1             now on the front hi jur #addr1               

]]>		</error>
	</testcase>
	<testcase classname="InequalityTest" name="test_fAddressLine1Tagger8" time="0.579">
		<error message="'short of length on 11911 ne 1st street b101' != 'short of length on #addr1              b101'
- short of length on 11911 ne 1st street b101
+ short of length on #addr1              b101
" type="AssertionError">
<![CDATA[Traceback (most recent call last):
  File "C:/Users/CHRIS/PycharmProjects/Requests/Requests.py", line 130, in test_fAddressLine1Tagger8
    self.assertEqual(Actuval, expected)
AssertionError: 'short of length on 11911 ne 1st street b101' != 'short of length on #addr1              b101'
- short of length on 11911 ne 1st street b101
+ short of length on #addr1              b101

]]>		</error>
	</testcase>
	<testcase classname="InequalityTest" name="test_fAddressLine1Tagger9" time="0.567">
		<error message="'wicket away 1355 ma 23 cr way apt 22' != 'wicket away #addr1                  '
- wicket away 1355 ma 23 cr way apt 22
+ wicket away #addr1                  
" type="AssertionError">
<![CDATA[Traceback (most recent call last):
  File "C:/Users/CHRIS/PycharmProjects/Requests/Requests.py", line 136, in test_fAddressLine1Tagger9
    self.assertEqual(Actuval, expected)
AssertionError: 'wicket away 1355 ma 23 cr way apt 22' != 'wicket away #addr1                  '
- wicket away 1355 ma 23 cr way apt 22
+ wicket away #addr1                  

]]>		</error>
	</testcase>
	<testcase classname="InequalityTest" name="test_fpAddressLine1Tagger1" time="0.588">
		<error message="'logos christian academy located in niles, illinois   il ' != 'logos christian academy located in niles  illinois   il '
- logos christian academy located in niles, illinois   il 
?                                         ^
+ logos christian academy located in niles  illinois   il 
?                                         ^
" type="AssertionError">
<![CDATA[Traceback (most recent call last):
  File "C:/Users/CHRIS/PycharmProjects/Requests/Requests.py", line 242, in test_fpAddressLine1Tagger1
    self.assertEqual(Actuval, expected)
AssertionError: 'logos christian academy located in niles, illinois   il ' != 'logos christian academy located in niles  illinois   il '
- logos christian academy located in niles, illinois   il 
?                                         ^
+ logos christian academy located in niles  illinois   il 
?                                         ^

]]>		</error>
	</testcase>
	<testcase classname="InequalityTest" name="test_iAddressLine1Tagger1" time="0.587">
		<error message="'29 first street' != '#addr1         '
- 29 first street
+ #addr1         
" type="AssertionError">
<![CDATA[Traceback (most recent call last):
  File "C:/Users/CHRIS/PycharmProjects/Requests/Requests.py", line 27, in test_iAddressLine1Tagger1
    self.assertEqual(Actuval, expected)
AssertionError: '29 first street' != '#addr1         '
- 29 first street
+ #addr1         

]]>		</error>
	</testcase>
	<testcase classname="InequalityTest" name="test_iAddressLine1Tagger10" time="0.609">
		<error message="'39 e 58th street' != '#addr1          '
- 39 e 58th street
+ #addr1          
" type="AssertionError">
<![CDATA[Traceback (most recent call last):
  File "C:/Users/CHRIS/PycharmProjects/Requests/Requests.py", line 81, in test_iAddressLine1Tagger10
    self.assertEqual(Actuval, expected)
AssertionError: '39 e 58th street' != '#addr1          '
- 39 e 58th street
+ #addr1          

]]>		</error>
	</testcase>
	<testcase classname="InequalityTest" name="test_iAddressLine1Tagger2" time="0.578">
		<error message="'78 lafayette street' != '#addr1             '
- 78 lafayette street
+ #addr1             
" type="AssertionError">
<![CDATA[Traceback (most recent call last):
  File "C:/Users/CHRIS/PycharmProjects/Requests/Requests.py", line 33, in test_iAddressLine1Tagger2
    self.assertEqual(Actuval, expected)
AssertionError: '78 lafayette street' != '#addr1             '
- 78 lafayette street
+ #addr1             

]]>		</error>
	</testcase>
	<testcase classname="InequalityTest" name="test_iAddressLine1Tagger3" time="0.565">
		<error message="'580 ocean ave. 1st floor' != '#addr1                  '
- 580 ocean ave. 1st floor
+ #addr1                  
" type="AssertionError">
<![CDATA[Traceback (most recent call last):
  File "C:/Users/CHRIS/PycharmProjects/Requests/Requests.py", line 39, in test_iAddressLine1Tagger3
    self.assertEqual(Actuval, expected)
AssertionError: '580 ocean ave. 1st floor' != '#addr1                  '
- 580 ocean ave. 1st floor
+ #addr1                  

]]>		</error>
	</testcase>
	<testcase classname="InequalityTest" name="test_iAddressLine1Tagger4" time="0.563">
		<error message="'193 park drive, 1st floor' != '#addr1                   '
- 193 park drive, 1st floor
+ #addr1                   
" type="AssertionError">
<![CDATA[Traceback (most recent call last):
  File "C:/Users/CHRIS/PycharmProjects/Requests/Requests.py", line 45, in test_iAddressLine1Tagger4
    self.assertEqual(Actuval, expected)
AssertionError: '193 park drive, 1st floor' != '#addr1                   '
- 193 park drive, 1st floor
+ #addr1                   

]]>		</error>
	</testcase>
	<testcase classname="InequalityTest" name="test_iAddressLine1Tagger5" time="0.596">
		<error message="'85 broad st., 18th floor' != '#addr1                  '
- 85 broad st., 18th floor
+ #addr1                  
" type="AssertionError">
<![CDATA[Traceback (most recent call last):
  File "C:/Users/CHRIS/PycharmProjects/Requests/Requests.py", line 51, in test_iAddressLine1Tagger5
    self.assertEqual(Actuval, expected)
AssertionError: '85 broad st., 18th floor' != '#addr1                  '
- 85 broad st., 18th floor
+ #addr1                  

]]>		</error>
	</testcase>
	<testcase classname="InequalityTest" name="test_iAddressLine1Tagger6" time="0.553">
		<error message="'1923 crse av ne' != '#addr1       ne'
- 1923 crse av ne
+ #addr1       ne
" type="AssertionError">
<![CDATA[Traceback (most recent call last):
  File "C:/Users/CHRIS/PycharmProjects/Requests/Requests.py", line 57, in test_iAddressLine1Tagger6
    self.assertEqual(Actuval, expected)
AssertionError: '1923 crse av ne' != '#addr1       ne'
- 1923 crse av ne
+ #addr1       ne

]]>		</error>
	</testcase>
	<testcase classname="InequalityTest" name="test_iAddressLine1Tagger7" time="0.546">
		<error message="'1923 crse key fl 222' != '#addr1              '
- 1923 crse key fl 222
+ #addr1              
" type="AssertionError">
<![CDATA[Traceback (most recent call last):
  File "C:/Users/CHRIS/PycharmProjects/Requests/Requests.py", line 63, in test_iAddressLine1Tagger7
    self.assertEqual(Actuval, expected)
AssertionError: '1923 crse key fl 222' != '#addr1              '
- 1923 crse key fl 222
+ #addr1              

]]>		</error>
	</testcase>
	<testcase classname="InequalityTest" name="test_iAddressLine1Tagger8" time="0.616">
		<error message="'212 s flower street #300' != '#addr1                  '
- 212 s flower street #300
+ #addr1                  
" type="AssertionError">
<![CDATA[Traceback (most recent call last):
  File "C:/Users/CHRIS/PycharmProjects/Requests/Requests.py", line 69, in test_iAddressLine1Tagger8
    self.assertEqual(Actuval, expected)
AssertionError: '212 s flower street #300' != '#addr1                  '
- 212 s flower street #300
+ #addr1                  

]]>		</error>
	</testcase>
	<testcase classname="InequalityTest" name="test_iAddressLine1Tagger9" time="0.571">
		<error message="'351 w washington street' != '#addr1                 '
- 351 w washington street
+ #addr1                 
" type="AssertionError">
<![CDATA[Traceback (most recent call last):
  File "C:/Users/CHRIS/PycharmProjects/Requests/Requests.py", line 75, in test_iAddressLine1Tagger9
    self.assertEqual(Actuval, expected)
AssertionError: '351 w washington street' != '#addr1                 '
- 351 w washington street
+ #addr1                 

]]>		</error>
	</testcase>
	<testcase classname="InequalityTest" name="test_mcAddressLine1Tagger1" time="0.567">
		<error message="'view[34 chars]for  144 hitchcock rd  in salinas, california [23 chars]ons ' != 'view[34 chars]for  #addr1            in salinas  california [23 chars]ons '
- view detailed information and reviews for  144 hitchcock rd  in salinas, california and get driving directions 
?                                             ^^^^^^^^^^^^^^^            ^
+ view detailed information and reviews for  #addr1            in salinas  california and get driving directions 
?                                            +++++ ^^^^^^^^^^            ^
" type="AssertionError">
<![CDATA[Traceback (most recent call last):
  File "C:/Users/CHRIS/PycharmProjects/Requests/Requests.py", line 223, in test_mcAddressLine1Tagger1
    self.assertEqual(Actuval, expected)
AssertionError: 'view[34 chars]for  144 hitchcock rd  in salinas, california [23 chars]ons ' != 'view[34 chars]for  #addr1            in salinas  california [23 chars]ons '
- view detailed information and reviews for  144 hitchcock rd  in salinas, california and get driving directions 
?                                             ^^^^^^^^^^^^^^^            ^
+ view detailed information and reviews for  #addr1            in salinas  california and get driving directions 
?                                            +++++ ^^^^^^^^^^            ^

]]>		</error>
	</testcase>
	<testcase classname="InequalityTest" name="test_mcAddressLine1Tagger2" time="0.637">
		<error message="'send[22 chars]ons to and from  4761 industrial pkwy  indianapolis, in 46226 ' != 'send[22 chars]ons to and from  #addr1                indianapolis  in 46226 '
- send to your phone directions to and from  4761 industrial pkwy  indianapolis, in 46226 
?                                            ^^^  ^^^^^^^^^^^^^^^              ^
+ send to your phone directions to and from  #addr1                indianapolis  in 46226 
?                                            ^^^^^  ^^^^^^^^^^^^^              ^
" type="AssertionError">
<![CDATA[Traceback (most recent call last):
  File "C:/Users/CHRIS/PycharmProjects/Requests/Requests.py", line 229, in test_mcAddressLine1Tagger2
    self.assertEqual(Actuval, expected)
AssertionError: 'send[22 chars]ons to and from  4761 industrial pkwy  indianapolis, in 46226 ' != 'send[22 chars]ons to and from  #addr1                indianapolis  in 46226 '
- send to your phone directions to and from  4761 industrial pkwy  indianapolis, in 46226 
?                                            ^^^  ^^^^^^^^^^^^^^^              ^
+ send to your phone directions to and from  #addr1                indianapolis  in 46226 
?                                            ^^^^^  ^^^^^^^^^^^^^              ^

]]>		</error>
	</testcase>
	<testcase classname="InequalityTest" name="test_mcAddressLine1Tagger3" time="0.584">
		<error message="'get [51 chars] george romanian orthodox at  1350 red rock st  las vegas  nv.' != 'get [51 chars] george romanian orthodox at  #addr1            las vegas  nv.'
- get reviews  hours  directions  coupons and more for st george romanian orthodox at  1350 red rock st  las vegas  nv.
?                                                                                       ^^^^^^^^^^^^^^^
+ get reviews  hours  directions  coupons and more for st george romanian orthodox at  #addr1            las vegas  nv.
?                                                                                      +++++ ^^^^^^^^^^
" type="AssertionError">
<![CDATA[Traceback (most recent call last):
  File "C:/Users/CHRIS/PycharmProjects/Requests/Requests.py", line 235, in test_mcAddressLine1Tagger3
    self.assertEqual(Actuval, expected)
AssertionError: 'get [51 chars] george romanian orthodox at  1350 red rock st  las vegas  nv.' != 'get [51 chars] george romanian orthodox at  #addr1            las vegas  nv.'
- get reviews  hours  directions  coupons and more for st george romanian orthodox at  1350 red rock st  las vegas  nv.
?                                                                                       ^^^^^^^^^^^^^^^
+ get reviews  hours  directions  coupons and more for st george romanian orthodox at  #addr1            las vegas  nv.
?                                                                                      +++++ ^^^^^^^^^^

]]>		</error>
	</testcase>
	<testcase classname="InequalityTest" name="test_nlAddressLine1Tagger1" time="0.580">
		<error message="'adresa  11766 wilshire blvd.  suite #    los angeles ca 90025 ' != 'adresa  #addr1                suite 200  los angeles ca 90025 '
- adresa  11766 wilshire blvd.  suite #    los angeles ca 90025 
+ adresa  #addr1                suite 200  los angeles ca 90025 
" type="AssertionError">
<![CDATA[Traceback (most recent call last):
  File "C:/Users/CHRIS/PycharmProjects/Requests/Requests.py", line 261, in test_nlAddressLine1Tagger1
    self.assertEqual(Actuval, expected)
AssertionError: 'adresa  11766 wilshire blvd.  suite #    los angeles ca 90025 ' != 'adresa  #addr1                suite 200  los angeles ca 90025 '
- adresa  11766 wilshire blvd.  suite #    los angeles ca 90025 
+ adresa  #addr1                suite 200  los angeles ca 90025 

]]>		</error>
	</testcase>
	<testcase classname="InequalityTest" name="test_pAddressLine1Tagger1" time="0.590">
		<error message="'find salinas street light maintenance at 426 work st  salinas ca 93901-4308 ' != 'find salinas street light maintenance at #addr1       salinas ca 93901-4308 '
- find salinas street light maintenance at 426 work st  salinas ca 93901-4308 
?                                          ^^^^^^ ^^^^
+ find salinas street light maintenance at #addr1       salinas ca 93901-4308 
?                                          ^^^^ ^^^^^^
" type="AssertionError">
<![CDATA[Traceback (most recent call last):
  File "C:/Users/CHRIS/PycharmProjects/Requests/Requests.py", line 204, in test_pAddressLine1Tagger1
    self.assertEqual(Actuval, expected)
AssertionError: 'find salinas street light maintenance at 426 work st  salinas ca 93901-4308 ' != 'find salinas street light maintenance at #addr1       salinas ca 93901-4308 '
- find salinas street light maintenance at 426 work st  salinas ca 93901-4308 
?                                          ^^^^^^ ^^^^
+ find salinas street light maintenance at #addr1       salinas ca 93901-4308 
?                                          ^^^^ ^^^^^^

]]>		</error>
	</testcase>
	<testcase classname="InequalityTest" name="test_pAddressLine1Tagger2" time="0.563">
		<error message="'special olympics torch run  200 lincoln avenue  salinas, california 93901 ' != 'special olympics torch run  #addr1              salinas  california 93901 '
- special olympics torch run  200 lincoln avenue  salinas, california 93901 
?                             ^^^^^^^^^^^^ ^^^^^         ^
+ special olympics torch run  #addr1              salinas  california 93901 
?                             ^ ^^^^^^^^^^^^^^^^         ^
" type="AssertionError">
<![CDATA[Traceback (most recent call last):
  File "C:/Users/CHRIS/PycharmProjects/Requests/Requests.py", line 210, in test_pAddressLine1Tagger2
    self.assertEqual(Actuval, expected)
AssertionError: 'special olympics torch run  200 lincoln avenue  salinas, california 93901 ' != 'special olympics torch run  #addr1              salinas  california 93901 '
- special olympics torch run  200 lincoln avenue  salinas, california 93901 
?                             ^^^^^^^^^^^^ ^^^^^         ^
+ special olympics torch run  #addr1              salinas  california 93901 
?                             ^ ^^^^^^^^^^^^^^^^         ^

]]>		</error>
	</testcase>
	<testcase classname="InequalityTest" name="test_pAddressLine1Tagger3" time="0.585">
		<error message="'view property information for  65 west alisal street   salinas, ca 93901 ' != 'view property information for  #addr1                  salinas  ca 93901 '
- view property information for  65 west alisal street   salinas, ca 93901 
+ view property information for  #addr1                  salinas  ca 93901 
" type="AssertionError">
<![CDATA[Traceback (most recent call last):
  File "C:/Users/CHRIS/PycharmProjects/Requests/Requests.py", line 216, in test_pAddressLine1Tagger3
    self.assertEqual(Actuval, expected)
AssertionError: 'view property information for  65 west alisal street   salinas, ca 93901 ' != 'view property information for  #addr1                  salinas  ca 93901 '
- view property information for  65 west alisal street   salinas, ca 93901 
+ view property information for  #addr1                  salinas  ca 93901 

]]>		</error>
	</testcase>
	<system-out>
<![CDATA[]]>	</system-out>
	<system-err>
<![CDATA[]]>	</system-err>
</testsuite>
