<?xml version="1.0" ?>
<testsuite errors="1" failures="0" name="InequalityTest-20160329162032" tests="1" time="2.098">
	<testcase classname="InequalityTest" name="test_IsPercent_1" time="2.098">
		<error message="' 5%  ' != ' #p  '
-  5%  
+  #p  
" type="AssertionError">
<![CDATA[Traceback (most recent call last):
  File "C:/Users/CHRIS/PycharmProjects/Requests/Requests.py", line 28, in test_IsPercent_1
    self.assertEqual(Actuval, expected)
AssertionError: ' 5%  ' != ' #p  '
-  5%  
+  #p  

]]>		</error>
	</testcase>
	<system-out>
<![CDATA[]]>	</system-out>
	<system-err>
<![CDATA[]]>	</system-err>
</testsuite>
