<?xml version="1.0" ?>
<testsuite errors="1" failures="0" name="InequalityTest-20160324122348" tests="1" time="0.897">
	<testcase classname="InequalityTest" name="test_fEmail_2" time="0.897">
		<error message="' to contact us via email  press@teslamotors.com ' != ' to contact us via email  #eml                  '
-  to contact us via email  press@teslamotors.com 
+  to contact us via email  #eml                  
" type="AssertionError">
<![CDATA[Traceback (most recent call last):
  File "C:/Users/CHRIS/PycharmProjects/Requests/Requests.py", line 28, in test_fEmail_2
    self.assertEqual(Actuval, expected)
AssertionError: ' to contact us via email  press@teslamotors.com ' != ' to contact us via email  #eml                  '
-  to contact us via email  press@teslamotors.com 
+  to contact us via email  #eml                  

]]>		</error>
	</testcase>
	<system-out>
<![CDATA[]]>	</system-out>
	<system-err>
<![CDATA[]]>	</system-err>
</testsuite>
