<?xml version="1.0" ?>
<testsuite errors="36" failures="0" name="InequalityTest-20160317114033" tests="36" time="24.076">
	<testcase classname="InequalityTest" name="test_csMessageIntegrationTest_1" time="0.933">
		<error message="'hello mr. riley  i have your dob  tax id [155 chars]sica' != '#g               i have your dob  tax id [155 chars]    '
Diff is 813 characters long. Set self.maxDiff to None to see it." type="AssertionError">
<![CDATA[Traceback (most recent call last):
  File "C:/Users/CHRIS/PycharmProjects/Requests/Requests.py", line 27, in test_csMessageIntegrationTest_1
    self.assertEqual(Actuval, expected)
AssertionError: 'hello mr. riley  i have your dob  tax id [155 chars]sica' != '#g               i have your dob  tax id [155 chars]    '
Diff is 813 characters long. Set self.maxDiff to None to see it.
]]>		</error>
	</testcase>
	<testcase classname="InequalityTest" name="test_csMessageIntegrationTest_10" time="0.694">
		<error message="&quot;hey bridget  there will be a sell-off tom[325 chars]et  &quot; != &quot;#g           there will be a sell-off tom[325 chars]    &quot;
Diff is 747 characters long. Set self.maxDiff to None to see it." type="AssertionError">
<![CDATA[Traceback (most recent call last):
  File "C:/Users/CHRIS/PycharmProjects/Requests/Requests.py", line 81, in test_csMessageIntegrationTest_10
    self.assertEqual(Actuval, expected)
AssertionError: "hey bridget  there will be a sell-off tom[325 chars]et  " != "#g           there will be a sell-off tom[325 chars]    "
Diff is 747 characters long. Set self.maxDiff to None to see it.
]]>		</error>
	</testcase>
	<testcase classname="InequalityTest" name="test_csMessageIntegrationTest_11" time="0.682">
		<error message="'dear abrams  i have got this client that [286 chars]ms  ' != '#g           i have got this client that [286 chars]    '
Diff is 669 characters long. Set self.maxDiff to None to see it." type="AssertionError">
<![CDATA[Traceback (most recent call last):
  File "C:/Users/CHRIS/PycharmProjects/Requests/Requests.py", line 87, in test_csMessageIntegrationTest_11
    self.assertEqual(Actuval, expected)
AssertionError: 'dear abrams  i have got this client that [286 chars]ms  ' != '#g           i have got this client that [286 chars]    '
Diff is 669 characters long. Set self.maxDiff to None to see it.
]]>		</error>
	</testcase>
	<testcase classname="InequalityTest" name="test_csMessageIntegrationTest_12" time="0.688">
		<error message="' hello mr. riley  i have your dob  tax id [156 chars]ica ' != ' #g               i have your dob  tax id [156 chars]    '
Diff is 819 characters long. Set self.maxDiff to None to see it." type="AssertionError">
<![CDATA[Traceback (most recent call last):
  File "C:/Users/CHRIS/PycharmProjects/Requests/Requests.py", line 93, in test_csMessageIntegrationTest_12
    self.assertEqual(Actuval, expected)
AssertionError: ' hello mr. riley  i have your dob  tax id [156 chars]ica ' != ' #g               i have your dob  tax id [156 chars]    '
Diff is 819 characters long. Set self.maxDiff to None to see it.
]]>		</error>
	</testcase>
	<testcase classname="InequalityTest" name="test_csMessageIntegrationTest_13" time="0.679">
		<error message="' mr lange   i got everything needed to sta[241 chars]ies ' != ' #g         i got everything needed to sta[241 chars]ies '
-  mr lange   i got everything needed to start the account except the your liquid assets and years in market  locked in the buy trade though near session lows  just fill the rest of the worksheet in and get it back to me    regards, thomas meyer vice president maven and sparks securities 
+  #g         i got everything needed to start the account except the your liquid assets and years in market  locked in the buy trade though near session lows  just fill the rest of the worksheet in and get it back to me    #z       #s           #jt            maven and sparks securities 
" type="AssertionError">
<![CDATA[Traceback (most recent call last):
  File "C:/Users/CHRIS/PycharmProjects/Requests/Requests.py", line 99, in test_csMessageIntegrationTest_13
    self.assertEqual(Actuval, expected)
AssertionError: ' mr lange   i got everything needed to sta[241 chars]ies ' != ' #g         i got everything needed to sta[241 chars]ies '
-  mr lange   i got everything needed to start the account except the your liquid assets and years in market  locked in the buy trade though near session lows  just fill the rest of the worksheet in and get it back to me    regards, thomas meyer vice president maven and sparks securities 
+  #g         i got everything needed to start the account except the your liquid assets and years in market  locked in the buy trade though near session lows  just fill the rest of the worksheet in and get it back to me    #z       #s           #jt            maven and sparks securities 

]]>		</error>
	</testcase>
	<testcase classname="InequalityTest" name="test_csMessageIntegrationTest_14" time="0.722">
		<error message="&quot; mr. cunningham  although you are no sprin[466 chars]ies &quot; != &quot; #g              although you are no sprin[466 chars]ies &quot;
Diff is 2059 characters long. Set self.maxDiff to None to see it." type="AssertionError">
<![CDATA[Traceback (most recent call last):
  File "C:/Users/CHRIS/PycharmProjects/Requests/Requests.py", line 105, in test_csMessageIntegrationTest_14
    self.assertEqual(Actuval, expected)
AssertionError: " mr. cunningham  although you are no sprin[466 chars]ies " != " #g              although you are no sprin[466 chars]ies "
Diff is 2059 characters long. Set self.maxDiff to None to see it.
]]>		</error>
	</testcase>
	<testcase classname="InequalityTest" name="test_csMessageIntegrationTest_15" time="0.643">
		<error message="'eric i think i am going to bail on happy hour  best regards, mitch ' != '#g   i think i am going to bail on happy hour  #z            #s    '
- eric i think i am going to bail on happy hour  best regards, mitch 
+ #g   i think i am going to bail on happy hour  #z            #s    
" type="AssertionError">
<![CDATA[Traceback (most recent call last):
  File "C:/Users/CHRIS/PycharmProjects/Requests/Requests.py", line 111, in test_csMessageIntegrationTest_15
    self.assertEqual(Actuval, expected)
AssertionError: 'eric i think i am going to bail on happy hour  best regards, mitch ' != '#g   i think i am going to bail on happy hour  #z            #s    '
- eric i think i am going to bail on happy hour  best regards, mitch 
+ #g   i think i am going to bail on happy hour  #z            #s    

]]>		</error>
	</testcase>
	<testcase classname="InequalityTest" name="test_csMessageIntegrationTest_16" time="0.650">
		<error message="'rika  here are the user names that you requested for the ercot website  #n   ' != '#g    here are the user names that you requested for the ercot website  #n   '
- rika  here are the user names that you requested for the ercot website  #n   
? ^^^^
+ #g    here are the user names that you requested for the ercot website  #n   
? ^^^^
" type="AssertionError">
<![CDATA[Traceback (most recent call last):
  File "C:/Users/CHRIS/PycharmProjects/Requests/Requests.py", line 117, in test_csMessageIntegrationTest_16
    self.assertEqual(Actuval, expected)
AssertionError: 'rika  here are the user names that you requested for the ercot website  #n   ' != '#g    here are the user names that you requested for the ercot website  #n   '
- rika  here are the user names that you requested for the ercot website  #n   
? ^^^^
+ #g    here are the user names that you requested for the ercot website  #n   
? ^^^^

]]>		</error>
	</testcase>
	<testcase classname="InequalityTest" name="test_csMessageIntegrationTest_17" time="0.626">
		<error message="&quot;hey brett  what's been happening   i hope[39 chars]ric &quot; != &quot;#g         what's been happening   i hope[39 chars]s   &quot;
- hey brett  what's been happening   i hope you didn't buy any enron  take care, eric 
+ #g         what's been happening   i hope you didn't buy any enron  #z         #s   
" type="AssertionError">
<![CDATA[Traceback (most recent call last):
  File "C:/Users/CHRIS/PycharmProjects/Requests/Requests.py", line 123, in test_csMessageIntegrationTest_17
    self.assertEqual(Actuval, expected)
AssertionError: "hey brett  what's been happening   i hope[39 chars]ric " != "#g         what's been happening   i hope[39 chars]s   "
- hey brett  what's been happening   i hope you didn't buy any enron  take care, eric 
+ #g         what's been happening   i hope you didn't buy any enron  #z         #s   

]]>		</error>
	</testcase>
	<testcase classname="InequalityTest" name="test_csMessageIntegrationTest_18" time="0.631">
		<error message="'mr. harry  sorry it has taken me so long to get back to you  ' != '#g         sorry it has taken me so long to get back to you  '
- mr. harry  sorry it has taken me so long to get back to you  
? ^^^^^^^^^
+ #g         sorry it has taken me so long to get back to you  
? ^^^^^^^^^
" type="AssertionError">
<![CDATA[Traceback (most recent call last):
  File "C:/Users/CHRIS/PycharmProjects/Requests/Requests.py", line 129, in test_csMessageIntegrationTest_18
    self.assertEqual(Actuval, expected)
AssertionError: 'mr. harry  sorry it has taken me so long to get back to you  ' != '#g         sorry it has taken me so long to get back to you  '
- mr. harry  sorry it has taken me so long to get back to you  
? ^^^^^^^^^
+ #g         sorry it has taken me so long to get back to you  
? ^^^^^^^^^

]]>		</error>
	</testcase>
	<testcase classname="InequalityTest" name="test_csMessageIntegrationTest_19" time="0.616">
		<error message="'hello brett  just wanted to drop you a li[76 chars]nny ' != '#g           just wanted to drop you a li[76 chars]    '
- hello brett  just wanted to drop you a line to tell you that my new e-mail address is eric.bass@enron.com  thanks, danny 
+ #g           just wanted to drop you a line to tell you that my new e-mail address is #eml                 #z      #s    
" type="AssertionError">
<![CDATA[Traceback (most recent call last):
  File "C:/Users/CHRIS/PycharmProjects/Requests/Requests.py", line 135, in test_csMessageIntegrationTest_19
    self.assertEqual(Actuval, expected)
AssertionError: 'hello brett  just wanted to drop you a li[76 chars]nny ' != '#g           just wanted to drop you a li[76 chars]    '
- hello brett  just wanted to drop you a line to tell you that my new e-mail address is eric.bass@enron.com  thanks, danny 
+ #g           just wanted to drop you a line to tell you that my new e-mail address is #eml                 #z      #s    

]]>		</error>
	</testcase>
	<testcase classname="InequalityTest" name="test_csMessageIntegrationTest_2" time="0.741">
		<error message="'mr. tavares  the last piece of informatio[334 chars]rren' != '#g           the last piece of informatio[334 chars]    '
Diff is 765 characters long. Set self.maxDiff to None to see it." type="AssertionError">
<![CDATA[Traceback (most recent call last):
  File "C:/Users/CHRIS/PycharmProjects/Requests/Requests.py", line 33, in test_csMessageIntegrationTest_2
    self.assertEqual(Actuval, expected)
AssertionError: 'mr. tavares  the last piece of informatio[334 chars]rren' != '#g           the last piece of informatio[334 chars]    '
Diff is 765 characters long. Set self.maxDiff to None to see it.
]]>		</error>
	</testcase>
	<testcase classname="InequalityTest" name="test_csMessageIntegrationTest_20" time="0.630">
		<error message="'gary  what is the market for iah jan-mar hdd swaps  #n  ' != '#g    what is the market for iah jan-mar hdd swaps  #n  '
- gary  what is the market for iah jan-mar hdd swaps  #n  
?  ^^^
+ #g    what is the market for iah jan-mar hdd swaps  #n  
? + ^^
" type="AssertionError">
<![CDATA[Traceback (most recent call last):
  File "C:/Users/CHRIS/PycharmProjects/Requests/Requests.py", line 141, in test_csMessageIntegrationTest_20
    self.assertEqual(Actuval, expected)
AssertionError: 'gary  what is the market for iah jan-mar hdd swaps  #n  ' != '#g    what is the market for iah jan-mar hdd swaps  #n  '
- gary  what is the market for iah jan-mar hdd swaps  #n  
?  ^^^
+ #g    what is the market for iah jan-mar hdd swaps  #n  
? + ^^

]]>		</error>
	</testcase>
	<testcase classname="InequalityTest" name="test_csMessageIntegrationTest_21" time="0.651">
		<error message="'dan  i work for tom martin on the texas g[60 chars]rob ' != '#g   i work for tom martin on the texas g[60 chars]#s  '
- dan  i work for tom martin on the texas gas trading desk and he has some questions on eol sincerely, rob 
? ^^^                                                                                        ^^^^^^^^^^^^^
+ #g   i work for tom martin on the texas gas trading desk and he has some questions on eol #z         #s  
? ^^^                                                                                       ++++++++++++ ^
" type="AssertionError">
<![CDATA[Traceback (most recent call last):
  File "C:/Users/CHRIS/PycharmProjects/Requests/Requests.py", line 147, in test_csMessageIntegrationTest_21
    self.assertEqual(Actuval, expected)
AssertionError: 'dan  i work for tom martin on the texas g[60 chars]rob ' != '#g   i work for tom martin on the texas g[60 chars]#s  '
- dan  i work for tom martin on the texas gas trading desk and he has some questions on eol sincerely, rob 
? ^^^                                                                                        ^^^^^^^^^^^^^
+ #g   i work for tom martin on the texas gas trading desk and he has some questions on eol #z         #s  
? ^^^                                                                                       ++++++++++++ ^

]]>		</error>
	</testcase>
	<testcase classname="InequalityTest" name="test_csMessageIntegrationTest_22" time="0.643">
		<error message="'hey melba  i need to get if gd/d waha for[35 chars]ric ' != '#g         i need to get if gd/d waha for[35 chars]s   '
- hey melba  i need to get if gd/d waha for mar approved  thanks in advance, eric 
+ #g         i need to get if gd/d waha for mar approved  #z                 #s   
" type="AssertionError">
<![CDATA[Traceback (most recent call last):
  File "C:/Users/CHRIS/PycharmProjects/Requests/Requests.py", line 153, in test_csMessageIntegrationTest_22
    self.assertEqual(Actuval, expected)
AssertionError: 'hey melba  i need to get if gd/d waha for[35 chars]ric ' != '#g         i need to get if gd/d waha for[35 chars]s   '
- hey melba  i need to get if gd/d waha for mar approved  thanks in advance, eric 
+ #g         i need to get if gd/d waha for mar approved  #z                 #s   

]]>		</error>
	</testcase>
	<testcase classname="InequalityTest" name="test_csMessageIntegrationTest_23" time="0.618">
		<error message="&quot;hey rob  i am trying to create index prod[63 chars]ett &quot; != &quot;#g       i am trying to create index prod[63 chars]    &quot;
- hey rob  i am trying to create index products for feb and i don't see the jan products to copy  love, brett 
? ^^^^^^^                                                                                         ^^^^^^^^^^^
+ #g       i am trying to create index products for feb and i don't see the jan products to copy  #z    #s    
? ^^^^^^^                                                                                         ^^^^^^^^^^^
" type="AssertionError">
<![CDATA[Traceback (most recent call last):
  File "C:/Users/CHRIS/PycharmProjects/Requests/Requests.py", line 159, in test_csMessageIntegrationTest_23
    self.assertEqual(Actuval, expected)
AssertionError: "hey rob  i am trying to create index prod[63 chars]ett " != "#g       i am trying to create index prod[63 chars]    "
- hey rob  i am trying to create index products for feb and i don't see the jan products to copy  love, brett 
? ^^^^^^^                                                                                         ^^^^^^^^^^^
+ #g       i am trying to create index products for feb and i don't see the jan products to copy  #z    #s    
? ^^^^^^^                                                                                         ^^^^^^^^^^^

]]>		</error>
	</testcase>
	<testcase classname="InequalityTest" name="test_csMessageIntegrationTest_3" time="0.680">
		<error message="'hi guys, the last piece of information i [378 chars]2992' != '#g       the last piece of information i [378 chars]    '
Diff is 1705 characters long. Set self.maxDiff to None to see it." type="AssertionError">
<![CDATA[Traceback (most recent call last):
  File "C:/Users/CHRIS/PycharmProjects/Requests/Requests.py", line 39, in test_csMessageIntegrationTest_3
    self.assertEqual(Actuval, expected)
AssertionError: 'hi guys, the last piece of information i [378 chars]2992' != '#g       the last piece of information i [378 chars]    '
Diff is 1705 characters long. Set self.maxDiff to None to see it.
]]>		</error>
	</testcase>
	<testcase classname="InequalityTest" name="test_csMessageIntegrationTest_4" time="0.700">
		<error message="'mr. kopsa  do not be alarmed if you do no[251 chars]0279' != '#g         do not be alarmed if you do no[251 chars]    '
- mr. kopsa  do not be alarmed if you do not see the overall commission on your trade confirmation like you are used to  i just used a mark up so we could get in faster and have an idea of the exact break even   regards, bryan o. samuel hcg baxalta inc 1033 broadway, suite 11000 new york, ny 10279
+ #g         do not be alarmed if you do not see the overall commission on your trade confirmation like you are used to  i just used a mark up so we could get in faster and have an idea of the exact break even   #z       #s              hcg baxalta inc #addr1                     #csp              
" type="AssertionError">
<![CDATA[Traceback (most recent call last):
  File "C:/Users/CHRIS/PycharmProjects/Requests/Requests.py", line 45, in test_csMessageIntegrationTest_4
    self.assertEqual(Actuval, expected)
AssertionError: 'mr. kopsa  do not be alarmed if you do no[251 chars]0279' != '#g         do not be alarmed if you do no[251 chars]    '
- mr. kopsa  do not be alarmed if you do not see the overall commission on your trade confirmation like you are used to  i just used a mark up so we could get in faster and have an idea of the exact break even   regards, bryan o. samuel hcg baxalta inc 1033 broadway, suite 11000 new york, ny 10279
+ #g         do not be alarmed if you do not see the overall commission on your trade confirmation like you are used to  i just used a mark up so we could get in faster and have an idea of the exact break even   #z       #s              hcg baxalta inc #addr1                     #csp              

]]>		</error>
	</testcase>
	<testcase classname="InequalityTest" name="test_csMessageIntegrationTest_5" time="0.648">
		<error message="'hello mr. riley  i have your dob  tax id [156 chars]ica ' != '#g               i have your dob  tax id [156 chars]    '
Diff is 815 characters long. Set self.maxDiff to None to see it." type="AssertionError">
<![CDATA[Traceback (most recent call last):
  File "C:/Users/CHRIS/PycharmProjects/Requests/Requests.py", line 51, in test_csMessageIntegrationTest_5
    self.assertEqual(Actuval, expected)
AssertionError: 'hello mr. riley  i have your dob  tax id [156 chars]ica ' != '#g               i have your dob  tax id [156 chars]    '
Diff is 815 characters long. Set self.maxDiff to None to see it.
]]>		</error>
	</testcase>
	<testcase classname="InequalityTest" name="test_csMessageIntegrationTest_6" time="0.680">
		<error message="'mr. davis  the last piece of information [333 chars]ren ' != '#g         the last piece of information [333 chars]    '
Diff is 763 characters long. Set self.maxDiff to None to see it." type="AssertionError">
<![CDATA[Traceback (most recent call last):
  File "C:/Users/CHRIS/PycharmProjects/Requests/Requests.py", line 57, in test_csMessageIntegrationTest_6
    self.assertEqual(Actuval, expected)
AssertionError: 'mr. davis  the last piece of information [333 chars]ren ' != '#g         the last piece of information [333 chars]    '
Diff is 763 characters long. Set self.maxDiff to None to see it.
]]>		</error>
	</testcase>
	<testcase classname="InequalityTest" name="test_csMessageIntegrationTest_7" time="0.655">
		<error message="'hi ashley  it depends on the particular c[164 chars]    ' != '#g         it depends on the particular c[164 chars]    '
- hi ashley  it depends on the particular client and project  but generally speaking  i prefer having a proposal   terms   conditions all-in-one document  so that you dont have to get multiple signatures  #n    
+ #g         it depends on the particular client and project  but generally speaking  i prefer having a proposal   terms   conditions all-in-one document  so that you dont have to get multiple signatures  #n    
" type="AssertionError">
<![CDATA[Traceback (most recent call last):
  File "C:/Users/CHRIS/PycharmProjects/Requests/Requests.py", line 63, in test_csMessageIntegrationTest_7
    self.assertEqual(Actuval, expected)
AssertionError: 'hi ashley  it depends on the particular c[164 chars]    ' != '#g         it depends on the particular c[164 chars]    '
- hi ashley  it depends on the particular client and project  but generally speaking  i prefer having a proposal   terms   conditions all-in-one document  so that you dont have to get multiple signatures  #n    
+ #g         it depends on the particular client and project  but generally speaking  i prefer having a proposal   terms   conditions all-in-one document  so that you dont have to get multiple signatures  #n    

]]>		</error>
	</testcase>
	<testcase classname="InequalityTest" name="test_csMessageIntegrationTest_8" time="0.699">
		<error message="&quot;mr. hayden  i have another fantastic idea[356 chars]ry  &quot; != &quot;#g          i have another fantastic idea[356 chars]    &quot;
Diff is 809 characters long. Set self.maxDiff to None to see it." type="AssertionError">
<![CDATA[Traceback (most recent call last):
  File "C:/Users/CHRIS/PycharmProjects/Requests/Requests.py", line 69, in test_csMessageIntegrationTest_8
    self.assertEqual(Actuval, expected)
AssertionError: "mr. hayden  i have another fantastic idea[356 chars]ry  " != "#g          i have another fantastic idea[356 chars]    "
Diff is 809 characters long. Set self.maxDiff to None to see it.
]]>		</error>
	</testcase>
	<testcase classname="InequalityTest" name="test_csMessageIntegrationTest_9" time="0.671">
		<error message="&quot;mr. barelli  got your message and tried y[302 chars]li  &quot; != &quot;#g           got your message and tried y[302 chars]    &quot;
Diff is 1397 characters long. Set self.maxDiff to None to see it." type="AssertionError">
<![CDATA[Traceback (most recent call last):
  File "C:/Users/CHRIS/PycharmProjects/Requests/Requests.py", line 75, in test_csMessageIntegrationTest_9
    self.assertEqual(Actuval, expected)
AssertionError: "mr. barelli  got your message and tried y[302 chars]li  " != "#g           got your message and tried y[302 chars]    "
Diff is 1397 characters long. Set self.maxDiff to None to see it.
]]>		</error>
	</testcase>
	<testcase classname="InequalityTest" name="test_fMessageIntegrationTest_1" time="0.632">
		<error message="'heather  did you attach the file to this email  #n        ' != '#g       did you attach the file to this email  #n        '
- heather  did you attach the file to this email  #n        
? ^^^^^^^
+ #g       did you attach the file to this email  #n        
? ^^^^^^^
" type="AssertionError">
<![CDATA[Traceback (most recent call last):
  File "C:/Users/CHRIS/PycharmProjects/Requests/Requests.py", line 167, in test_fMessageIntegrationTest_1
    self.assertEqual(Actuval, expected)
AssertionError: 'heather  did you attach the file to this email  #n        ' != '#g       did you attach the file to this email  #n        '
- heather  did you attach the file to this email  #n        
? ^^^^^^^
+ #g       did you attach the file to this email  #n        
? ^^^^^^^

]]>		</error>
	</testcase>
	<testcase classname="InequalityTest" name="test_fMessageIntegrationTest_2" time="0.593">
		<error message="'jacques  hope all is fine with your wife #n   ' != '#g       hope all is fine with your wife #n   '
- jacques  hope all is fine with your wife #n   
? ^^^^^^^
+ #g       hope all is fine with your wife #n   
? ^^^^^^^
" type="AssertionError">
<![CDATA[Traceback (most recent call last):
  File "C:/Users/CHRIS/PycharmProjects/Requests/Requests.py", line 173, in test_fMessageIntegrationTest_2
    self.assertEqual(Actuval, expected)
AssertionError: 'jacques  hope all is fine with your wife #n   ' != '#g       hope all is fine with your wife #n   '
- jacques  hope all is fine with your wife #n   
? ^^^^^^^
+ #g       hope all is fine with your wife #n   
? ^^^^^^^

]]>		</error>
	</testcase>
	<testcase classname="InequalityTest" name="test_fMessageIntegrationTest_3" time="0.601">
		<error message="'hey mery  have a good weekend #n      ' != '#g        have a good weekend #n      '
- hey mery  have a good weekend #n      
? ^^^^^^^^
+ #g        have a good weekend #n      
? ^^^^^^^^
" type="AssertionError">
<![CDATA[Traceback (most recent call last):
  File "C:/Users/CHRIS/PycharmProjects/Requests/Requests.py", line 179, in test_fMessageIntegrationTest_3
    self.assertEqual(Actuval, expected)
AssertionError: 'hey mery  have a good weekend #n      ' != '#g        have a good weekend #n      '
- hey mery  have a good weekend #n      
? ^^^^^^^^
+ #g        have a good weekend #n      
? ^^^^^^^^

]]>		</error>
	</testcase>
	<testcase classname="InequalityTest" name="test_fMessageIntegrationTest_4" time="0.600">
		<error message="'michelle  here all are fine thank you ' != '#g        here all are fine #z        '
- michelle  here all are fine thank you 
+ #g        here all are fine #z        
" type="AssertionError">
<![CDATA[Traceback (most recent call last):
  File "C:/Users/CHRIS/PycharmProjects/Requests/Requests.py", line 185, in test_fMessageIntegrationTest_4
    self.assertEqual(Actuval, expected)
AssertionError: 'michelle  here all are fine thank you ' != '#g        here all are fine #z        '
- michelle  here all are fine thank you 
+ #g        here all are fine #z        

]]>		</error>
	</testcase>
	<testcase classname="InequalityTest" name="test_fMessageIntegrationTest_5" time="0.618">
		<error message="'hi gabe  thanks a lot thanks, lange ' != '#g       thanks a lot #z      #s    '
- hi gabe  thanks a lot thanks, lange 
+ #g       thanks a lot #z      #s    
" type="AssertionError">
<![CDATA[Traceback (most recent call last):
  File "C:/Users/CHRIS/PycharmProjects/Requests/Requests.py", line 191, in test_fMessageIntegrationTest_5
    self.assertEqual(Actuval, expected)
AssertionError: 'hi gabe  thanks a lot thanks, lange ' != '#g       thanks a lot #z      #s    '
- hi gabe  thanks a lot thanks, lange 
+ #g       thanks a lot #z      #s    

]]>		</error>
	</testcase>
	<testcase classname="InequalityTest" name="test_mcMessageIntegrationTest_1" time="0.656">
		<error message="&quot;hi everyone,  attached is the list of all[257 chars]uke &quot; != &quot;#g            attached is the list of all[257 chars]uke &quot;
- hi everyone,  attached is the list of all packets ending october 2001   there are several shippers that are getting cut for today's gas day  which makes their cumulative balance be off the target volume month to date   the following are the shippers who are off target as of the 18th of october   duke 
+ #g            attached is the list of all packets ending #dt            there are several shippers that are getting cut for today's gas day  which makes their cumulative balance be off the target volume month to date   the following are the shippers who are off target as of the #dt               duke 
" type="AssertionError">
<![CDATA[Traceback (most recent call last):
  File "C:/Users/CHRIS/PycharmProjects/Requests/Requests.py", line 218, in test_mcMessageIntegrationTest_1
    self.assertEqual(Actuval, expected)
AssertionError: "hi everyone,  attached is the list of all[257 chars]uke " != "#g            attached is the list of all[257 chars]uke "
- hi everyone,  attached is the list of all packets ending october 2001   there are several shippers that are getting cut for today's gas day  which makes their cumulative balance be off the target volume month to date   the following are the shippers who are off target as of the 18th of october   duke 
+ #g            attached is the list of all packets ending #dt            there are several shippers that are getting cut for today's gas day  which makes their cumulative balance be off the target volume month to date   the following are the shippers who are off target as of the #dt               duke 

]]>		</error>
	</testcase>
	<testcase classname="InequalityTest" name="test_mcMessageIntegrationTest_2" time="0.762">
		<error message="&quot;shelley    in light of the tragic events [717 chars]ohn &quot; != &quot;#g         in light of the tragic events [717 chars]ohn &quot;
Diff is 1531 characters long. Set self.maxDiff to None to see it." type="AssertionError">
<![CDATA[Traceback (most recent call last):
  File "C:/Users/CHRIS/PycharmProjects/Requests/Requests.py", line 224, in test_mcMessageIntegrationTest_2
    self.assertEqual(Actuval, expected)
AssertionError: "shelley    in light of the tragic events [717 chars]ohn " != "#g         in light of the tragic events [717 chars]ohn "
Diff is 1531 characters long. Set self.maxDiff to None to see it.
]]>		</error>
	</testcase>
	<testcase classname="InequalityTest" name="test_mcMessageIntegrationTest_3" time="0.640">
		<error message="'francis  here are the files we need in excel thank you for your help  #n      ' != '#g       here are the files we need in excel thank you for your help  #n      '
- francis  here are the files we need in excel thank you for your help  #n      
? ^^^^^^^
+ #g       here are the files we need in excel thank you for your help  #n      
? ^^^^^^^
" type="AssertionError">
<![CDATA[Traceback (most recent call last):
  File "C:/Users/CHRIS/PycharmProjects/Requests/Requests.py", line 230, in test_mcMessageIntegrationTest_3
    self.assertEqual(Actuval, expected)
AssertionError: 'francis  here are the files we need in excel thank you for your help  #n      ' != '#g       here are the files we need in excel thank you for your help  #n      '
- francis  here are the files we need in excel thank you for your help  #n      
? ^^^^^^^
+ #g       here are the files we need in excel thank you for your help  #n      
? ^^^^^^^

]]>		</error>
	</testcase>
	<testcase classname="InequalityTest" name="test_nlMessageIntegrationTest_1" time="0.660">
		<error message="'hi rick  i agree with rick that three cat[367 chars]ave ' != '#g       i agree with rick that three cat[367 chars]s   '
Diff is 1659 characters long. Set self.maxDiff to None to see it." type="AssertionError">
<![CDATA[Traceback (most recent call last):
  File "C:/Users/CHRIS/PycharmProjects/Requests/Requests.py", line 237, in test_nlMessageIntegrationTest_1
    self.assertEqual(Actuval, expected)
AssertionError: 'hi rick  i agree with rick that three cat[367 chars]ave ' != '#g       i agree with rick that three cat[367 chars]s   '
Diff is 1659 characters long. Set self.maxDiff to None to see it.
]]>		</error>
	</testcase>
	<testcase classname="InequalityTest" name="test_pDisclaimerRemovalTest_2" time="0.717">
		<error message="&quot;hey reg  it is our strong belief that pfi[338 chars]on  &quot; != &quot;#g       it is our strong belief that pfi[338 chars]on  &quot;
Diff is 1541 characters long. Set self.maxDiff to None to see it." type="AssertionError">
<![CDATA[Traceback (most recent call last):
  File "C:/Users/CHRIS/PycharmProjects/Requests/Requests.py", line 243, in test_pDisclaimerRemovalTest_2
    self.assertEqual(Actuval, expected)
AssertionError: "hey reg  it is our strong belief that pfi[338 chars]on  " != "#g       it is our strong belief that pfi[338 chars]on  "
Diff is 1541 characters long. Set self.maxDiff to None to see it.
]]>		</error>
	</testcase>
	<testcase classname="InequalityTest" name="test_pMessageIntegrationTest_1" time="0.675">
		<error message="'to whom it may concern:   i need the micr[69 chars]ael ' != '#g                        i need the micr[69 chars]    '
- to whom it may concern:   i need the microsoft outlook web access icon downloaded to my computer   thanks michael 
+ #g                        i need the microsoft outlook web access icon downloaded to my computer   #z     #s      
" type="AssertionError">
<![CDATA[Traceback (most recent call last):
  File "C:/Users/CHRIS/PycharmProjects/Requests/Requests.py", line 198, in test_pMessageIntegrationTest_1
    self.assertEqual(Actuval, expected)
AssertionError: 'to whom it may concern:   i need the micr[69 chars]ael ' != '#g                        i need the micr[69 chars]    '
- to whom it may concern:   i need the microsoft outlook web access icon downloaded to my computer   thanks michael 
+ #g                        i need the microsoft outlook web access icon downloaded to my computer   #z     #s      

]]>		</error>
	</testcase>
	<testcase classname="InequalityTest" name="test_pMessageIntegrationTest_2" time="0.729">
		<error message="&quot;hey john   per our phone conversation sat[464 chars]eam &quot; != &quot;#g         per our phone conversation #dt[465 chars]am  &quot;
Diff is 1026 characters long. Set self.maxDiff to None to see it." type="AssertionError">
<![CDATA[Traceback (most recent call last):
  File "C:/Users/CHRIS/PycharmProjects/Requests/Requests.py", line 204, in test_pMessageIntegrationTest_2
    self.assertEqual(Actuval, expected)
AssertionError: "hey john   per our phone conversation sat[464 chars]eam " != "#g         per our phone conversation #dt[465 chars]am  "
Diff is 1026 characters long. Set self.maxDiff to None to see it.
]]>		</error>
	</testcase>
	<testcase classname="InequalityTest" name="test_pMessageIntegrationTest_3" time="0.612">
		<error message="'griff  can you please accommodate this request  #n      ' != '#g     can you please accommodate this request  #n      '
- griff  can you please accommodate this request  #n      
?  ^^^^
+ #g     can you please accommodate this request  #n      
? + ^^^
" type="AssertionError">
<![CDATA[Traceback (most recent call last):
  File "C:/Users/CHRIS/PycharmProjects/Requests/Requests.py", line 210, in test_pMessageIntegrationTest_3
    self.assertEqual(Actuval, expected)
AssertionError: 'griff  can you please accommodate this request  #n      ' != '#g     can you please accommodate this request  #n      '
- griff  can you please accommodate this request  #n      
?  ^^^^
+ #g     can you please accommodate this request  #n      
? + ^^^

]]>		</error>
	</testcase>
	<system-out>
<![CDATA[]]>	</system-out>
	<system-err>
<![CDATA[]]>	</system-err>
</testsuite>
